2024-12-28 19:23:18.629 [info] Using settings sync service https://vscode-sync.trafficmanager.net/
2024-12-28 19:23:18.629 [info] Auto Sync is enabled.
2024-12-28 19:23:18.629 [info] Auto Sync: Suspended until auth token is available.
2024-12-28 19:23:21.478 [info] Auto Sync: Triggered by Interval
2024-12-28 19:23:21.478 [info] Sync started.
2024-12-28 19:23:21.670 [info] Settings: No changes found during synchronizing settings.
2024-12-28 19:23:21.705 [info] Keybindings: No changes found during synchronizing keybindings.
2024-12-28 19:23:21.717 [info] Snippets: No changes found during synchronizing snippets.
2024-12-28 19:23:21.719 [info] Tasks: No changes found during synchronizing tasks.
2024-12-28 19:23:21.726 [info] GlobalState: No changes found during synchronizing ui state.
2024-12-28 19:23:21.771 [info] Extensions: No changes found during synchronizing extensions.
2024-12-28 19:23:21.772 [info] Profiles: No changes found during synchronizing profiles.
2024-12-28 19:23:21.773 [info] Sync done. Took 296ms
2024-12-28 19:28:21.776 [info] Auto Sync: Triggered by Interval
2024-12-28 19:28:21.777 [info] Sync started.
2024-12-28 19:28:21.835 [info] Settings: No changes found during synchronizing settings.
2024-12-28 19:28:21.838 [info] Keybindings: No changes found during synchronizing keybindings.
2024-12-28 19:28:21.840 [info] Snippets: No changes found during synchronizing snippets.
2024-12-28 19:28:21.842 [info] Tasks: No changes found during synchronizing tasks.
2024-12-28 19:28:21.845 [info] GlobalState: No changes found during synchronizing ui state.
2024-12-28 19:28:21.901 [info] Extensions: No changes found during synchronizing extensions.
2024-12-28 19:28:21.902 [info] Profiles: No changes found during synchronizing profiles.
2024-12-28 19:28:21.903 [info] Sync done. Took 127ms
2024-12-28 19:28:51.926 [info] Auto Sync: Triggered by Activity
2024-12-28 19:28:51.927 [info] Sync started.
2024-12-28 19:28:51.954 [info] Settings: No changes found during synchronizing settings.
2024-12-28 19:28:51.956 [info] Keybindings: No changes found during synchronizing keybindings.
2024-12-28 19:28:51.958 [info] Snippets: No changes found during synchronizing snippets.
2024-12-28 19:28:51.960 [info] Tasks: No changes found during synchronizing tasks.
2024-12-28 19:28:51.964 [info] GlobalState: No changes found during synchronizing ui state.
2024-12-28 19:28:52.022 [info] Extensions: No changes found during synchronizing extensions.
2024-12-28 19:28:52.022 [info] Profiles: No changes found during synchronizing profiles.
2024-12-28 19:28:52.023 [info] Sync done. Took 98ms
2024-12-28 19:29:40.766 [info] Auto Sync: Triggered by Activity
2024-12-28 19:29:40.766 [info] Sync started.
2024-12-28 19:29:40.785 [info] Settings: No changes found during synchronizing settings.
2024-12-28 19:29:40.788 [info] Keybindings: No changes found during synchronizing keybindings.
2024-12-28 19:29:40.789 [info] Snippets: No changes found during synchronizing snippets.
2024-12-28 19:29:40.790 [info] Tasks: No changes found during synchronizing tasks.
2024-12-28 19:29:40.793 [info] GlobalState: No changes found during synchronizing ui state.
2024-12-28 19:29:40.841 [info] Extensions: No changes found during synchronizing extensions.
2024-12-28 19:29:40.842 [info] Profiles: No changes found during synchronizing profiles.
2024-12-28 19:29:40.843 [info] Sync done. Took 78ms
2024-12-28 19:30:19.310 [info] Auto Sync: Triggered by Activity
2024-12-28 19:30:19.310 [info] Sync started.
2024-12-28 19:30:19.333 [info] Settings: No changes found during synchronizing settings.
2024-12-28 19:30:19.335 [info] Keybindings: No changes found during synchronizing keybindings.
2024-12-28 19:30:19.337 [info] Snippets: No changes found during synchronizing snippets.
2024-12-28 19:30:19.338 [info] Tasks: No changes found during synchronizing tasks.
2024-12-28 19:30:19.341 [info] GlobalState: No changes found during synchronizing ui state.
2024-12-28 19:30:19.392 [info] Extensions: No changes found during synchronizing extensions.
2024-12-28 19:30:19.393 [info] Profiles: No changes found during synchronizing profiles.
2024-12-28 19:30:19.394 [info] Sync done. Took 84ms
2024-12-28 19:31:15.205 [info] Auto Sync: Triggered by Activity
2024-12-28 19:31:15.205 [info] Sync started.
2024-12-28 19:31:15.233 [info] Settings: No changes found during synchronizing settings.
2024-12-28 19:31:15.235 [info] Keybindings: No changes found during synchronizing keybindings.
2024-12-28 19:31:15.237 [info] Snippets: No changes found during synchronizing snippets.
2024-12-28 19:31:15.239 [info] Tasks: No changes found during synchronizing tasks.
2024-12-28 19:31:15.242 [info] GlobalState: No changes found during synchronizing ui state.
2024-12-28 19:31:15.292 [info] Extensions: No changes found during synchronizing extensions.
2024-12-28 19:31:15.293 [info] Profiles: No changes found during synchronizing profiles.
2024-12-28 19:31:15.294 [info] Sync done. Took 90ms
2024-12-28 19:31:35.027 [info] Auto Sync: Triggered by Activity
2024-12-28 19:31:35.027 [info] Sync started.
2024-12-28 19:31:35.051 [info] Settings: No changes found during synchronizing settings.
2024-12-28 19:31:35.052 [info] Keybindings: No changes found during synchronizing keybindings.
2024-12-28 19:31:35.054 [info] Snippets: No changes found during synchronizing snippets.
2024-12-28 19:31:35.056 [info] Tasks: No changes found during synchronizing tasks.
2024-12-28 19:31:35.059 [info] GlobalState: No changes found during synchronizing ui state.
2024-12-28 19:31:35.125 [info] Extensions: No changes found during synchronizing extensions.
2024-12-28 19:31:35.126 [info] Profiles: No changes found during synchronizing profiles.
2024-12-28 19:31:35.127 [info] Sync done. Took 101ms
2024-12-28 19:31:51.698 [info] Auto Sync: Triggered by Activity
2024-12-28 19:31:51.698 [info] Sync started.
2024-12-28 19:31:51.723 [info] Settings: No changes found during synchronizing settings.
2024-12-28 19:31:51.725 [info] Keybindings: No changes found during synchronizing keybindings.
2024-12-28 19:31:51.727 [info] Snippets: No changes found during synchronizing snippets.
2024-12-28 19:31:51.728 [info] Tasks: No changes found during synchronizing tasks.
2024-12-28 19:31:51.732 [info] GlobalState: No changes found during synchronizing ui state.
2024-12-28 19:31:51.787 [info] Extensions: No changes found during synchronizing extensions.
2024-12-28 19:31:51.788 [info] Profiles: No changes found during synchronizing profiles.
2024-12-28 19:31:51.789 [info] Sync done. Took 92ms
2024-12-28 19:32:41.335 [info] Auto Sync: Triggered by Activity
2024-12-28 19:32:41.336 [info] Sync started.
2024-12-28 19:32:41.360 [info] Settings: No changes found during synchronizing settings.
2024-12-28 19:32:41.362 [info] Keybindings: No changes found during synchronizing keybindings.
2024-12-28 19:32:41.364 [info] Snippets: No changes found during synchronizing snippets.
2024-12-28 19:32:41.366 [info] Tasks: No changes found during synchronizing tasks.
2024-12-28 19:32:41.369 [info] GlobalState: No changes found during synchronizing ui state.
2024-12-28 19:32:41.419 [info] Extensions: No changes found during synchronizing extensions.
2024-12-28 19:32:41.420 [info] Profiles: No changes found during synchronizing profiles.
2024-12-28 19:32:41.421 [info] Sync done. Took 86ms
2024-12-28 19:33:05.956 [info] Auto Sync: Triggered by Activity
2024-12-28 19:33:05.957 [info] Sync started.
2024-12-28 19:33:05.982 [info] Settings: No changes found during synchronizing settings.
2024-12-28 19:33:05.984 [info] Keybindings: No changes found during synchronizing keybindings.
2024-12-28 19:33:05.986 [info] Snippets: No changes found during synchronizing snippets.
2024-12-28 19:33:05.989 [info] Tasks: No changes found during synchronizing tasks.
2024-12-28 19:33:05.991 [info] GlobalState: No changes found during synchronizing ui state.
2024-12-28 19:33:06.036 [info] Extensions: No changes found during synchronizing extensions.
2024-12-28 19:33:06.037 [info] Profiles: No changes found during synchronizing profiles.
2024-12-28 19:33:06.038 [info] Sync done. Took 82ms
2024-12-28 19:33:43.662 [info] Auto Sync: Triggered by Activity
2024-12-28 19:33:43.662 [info] Sync started.
2024-12-28 19:33:43.685 [info] Settings: No changes found during synchronizing settings.
2024-12-28 19:33:43.688 [info] Keybindings: No changes found during synchronizing keybindings.
2024-12-28 19:33:43.689 [info] Snippets: No changes found during synchronizing snippets.
2024-12-28 19:33:43.691 [info] Tasks: No changes found during synchronizing tasks.
2024-12-28 19:33:43.694 [info] GlobalState: No changes found during synchronizing ui state.
2024-12-28 19:33:43.751 [info] Extensions: No changes found during synchronizing extensions.
2024-12-28 19:33:43.751 [info] Profiles: No changes found during synchronizing profiles.
2024-12-28 19:33:43.752 [info] Sync done. Took 91ms
2024-12-28 19:35:11.489 [info] Auto Sync: Triggered by Activity
2024-12-28 19:35:11.489 [info] Sync started.
2024-12-28 19:35:11.511 [info] Settings: No changes found during synchronizing settings.
2024-12-28 19:35:11.513 [info] Keybindings: No changes found during synchronizing keybindings.
2024-12-28 19:35:11.515 [info] Snippets: No changes found during synchronizing snippets.
2024-12-28 19:35:11.516 [info] Tasks: No changes found during synchronizing tasks.
2024-12-28 19:35:11.521 [info] GlobalState: No changes found during synchronizing ui state.
2024-12-28 19:35:11.577 [info] Extensions: No changes found during synchronizing extensions.
2024-12-28 19:35:11.578 [info] Profiles: No changes found during synchronizing profiles.
2024-12-28 19:35:11.579 [info] Sync done. Took 91ms
2024-12-28 19:35:42.906 [info] Auto Sync: Triggered by Activity
2024-12-28 19:35:42.906 [info] Sync started.
2024-12-28 19:35:42.938 [info] Settings: No changes found during synchronizing settings.
2024-12-28 19:35:42.940 [info] Keybindings: No changes found during synchronizing keybindings.
2024-12-28 19:35:42.942 [info] Snippets: No changes found during synchronizing snippets.
2024-12-28 19:35:42.944 [info] Tasks: No changes found during synchronizing tasks.
2024-12-28 19:35:42.948 [info] GlobalState: No changes found during synchronizing ui state.
2024-12-28 19:35:43.005 [info] Extensions: No changes found during synchronizing extensions.
2024-12-28 19:35:43.006 [info] Profiles: No changes found during synchronizing profiles.
2024-12-28 19:35:43.007 [info] Sync done. Took 102ms
2024-12-28 19:36:04.720 [info] Auto Sync: Triggered by Activity
2024-12-28 19:36:04.720 [info] Sync started.
2024-12-28 19:36:04.742 [info] Settings: No changes found during synchronizing settings.
2024-12-28 19:36:04.744 [info] Keybindings: No changes found during synchronizing keybindings.
2024-12-28 19:36:04.746 [info] Snippets: No changes found during synchronizing snippets.
2024-12-28 19:36:04.747 [info] Tasks: No changes found during synchronizing tasks.
2024-12-28 19:36:04.751 [info] GlobalState: No changes found during synchronizing ui state.
2024-12-28 19:36:04.806 [info] Extensions: No changes found during synchronizing extensions.
2024-12-28 19:36:04.807 [info] Profiles: No changes found during synchronizing profiles.
2024-12-28 19:36:04.808 [info] Sync done. Took 89ms
2024-12-28 19:36:28.028 [info] Auto Sync: Triggered by Activity
2024-12-28 19:36:28.028 [info] Sync started.
2024-12-28 19:36:28.056 [info] Settings: No changes found during synchronizing settings.
2024-12-28 19:36:28.058 [info] Keybindings: No changes found during synchronizing keybindings.
2024-12-28 19:36:28.059 [info] Snippets: No changes found during synchronizing snippets.
2024-12-28 19:36:28.061 [info] Tasks: No changes found during synchronizing tasks.
2024-12-28 19:36:28.064 [info] GlobalState: No changes found during synchronizing ui state.
2024-12-28 19:36:28.120 [info] Extensions: No changes found during synchronizing extensions.
2024-12-28 19:36:28.121 [info] Profiles: No changes found during synchronizing profiles.
2024-12-28 19:36:28.121 [info] Sync done. Took 94ms
2024-12-28 19:37:07.137 [info] Auto Sync: Triggered by Activity
2024-12-28 19:37:07.137 [info] Sync started.
2024-12-28 19:37:07.157 [info] Settings: No changes found during synchronizing settings.
2024-12-28 19:37:07.159 [info] Keybindings: No changes found during synchronizing keybindings.
2024-12-28 19:37:07.161 [info] Snippets: No changes found during synchronizing snippets.
2024-12-28 19:37:07.163 [info] Tasks: No changes found during synchronizing tasks.
2024-12-28 19:37:07.167 [info] GlobalState: No changes found during synchronizing ui state.
2024-12-28 19:37:07.223 [info] Extensions: No changes found during synchronizing extensions.
2024-12-28 19:37:07.224 [info] Profiles: No changes found during synchronizing profiles.
2024-12-28 19:37:07.225 [info] Sync done. Took 89ms
2024-12-28 19:37:24.145 [info] Auto Sync: Triggered by Activity
2024-12-28 19:37:24.146 [info] Sync started.
2024-12-28 19:37:24.166 [info] Settings: No changes found during synchronizing settings.
2024-12-28 19:37:24.168 [info] Keybindings: No changes found during synchronizing keybindings.
2024-12-28 19:37:24.170 [info] Snippets: No changes found during synchronizing snippets.
2024-12-28 19:37:24.171 [info] Tasks: No changes found during synchronizing tasks.
2024-12-28 19:37:24.175 [info] GlobalState: No changes found during synchronizing ui state.
2024-12-28 19:37:24.238 [info] Extensions: No changes found during synchronizing extensions.
2024-12-28 19:37:24.239 [info] Profiles: No changes found during synchronizing profiles.
2024-12-28 19:37:24.240 [info] Sync done. Took 95ms
2024-12-28 19:37:57.052 [info] Auto Sync: Triggered by Activity
2024-12-28 19:37:57.053 [info] Sync started.
2024-12-28 19:37:57.077 [info] Settings: No changes found during synchronizing settings.
2024-12-28 19:37:57.079 [info] Keybindings: No changes found during synchronizing keybindings.
2024-12-28 19:37:57.081 [info] Snippets: No changes found during synchronizing snippets.
2024-12-28 19:37:57.083 [info] Tasks: No changes found during synchronizing tasks.
2024-12-28 19:37:57.086 [info] GlobalState: No changes found during synchronizing ui state.
2024-12-28 19:37:57.148 [info] Extensions: No changes found during synchronizing extensions.
2024-12-28 19:37:57.149 [info] Profiles: No changes found during synchronizing profiles.
2024-12-28 19:37:57.150 [info] Sync done. Took 98ms
2024-12-28 19:38:10.730 [info] Auto Sync: Triggered by Activity
2024-12-28 19:38:10.730 [info] Sync started.
2024-12-28 19:38:10.756 [info] Settings: No changes found during synchronizing settings.
2024-12-28 19:38:10.758 [info] Keybindings: No changes found during synchronizing keybindings.
2024-12-28 19:38:10.760 [info] Snippets: No changes found during synchronizing snippets.
2024-12-28 19:38:10.762 [info] Tasks: No changes found during synchronizing tasks.
2024-12-28 19:38:10.765 [info] GlobalState: No changes found during synchronizing ui state.
2024-12-28 19:38:10.811 [info] Extensions: No changes found during synchronizing extensions.
2024-12-28 19:38:10.812 [info] Profiles: No changes found during synchronizing profiles.
2024-12-28 19:38:10.813 [info] Sync done. Took 84ms
2024-12-28 19:38:30.443 [info] Auto Sync: Triggered by Activity
2024-12-28 19:38:30.443 [info] Sync started.
2024-12-28 19:38:30.462 [info] Settings: No changes found during synchronizing settings.
2024-12-28 19:38:30.464 [info] Keybindings: No changes found during synchronizing keybindings.
2024-12-28 19:38:30.466 [info] Snippets: No changes found during synchronizing snippets.
2024-12-28 19:38:30.469 [info] Tasks: No changes found during synchronizing tasks.
2024-12-28 19:38:30.472 [info] GlobalState: No changes found during synchronizing ui state.
2024-12-28 19:38:30.508 [info] Extensions: No changes found during synchronizing extensions.
2024-12-28 19:38:30.509 [info] Profiles: No changes found during synchronizing profiles.
2024-12-28 19:38:30.510 [info] Sync done. Took 68ms
2024-12-28 19:39:07.448 [info] Auto Sync: Triggered by Activity
2024-12-28 19:39:07.449 [info] Sync started.
2024-12-28 19:39:07.474 [info] Settings: No changes found during synchronizing settings.
2024-12-28 19:39:07.476 [info] Keybindings: No changes found during synchronizing keybindings.
2024-12-28 19:39:07.478 [info] Snippets: No changes found during synchronizing snippets.
2024-12-28 19:39:07.480 [info] Tasks: No changes found during synchronizing tasks.
2024-12-28 19:39:07.483 [info] GlobalState: No changes found during synchronizing ui state.
2024-12-28 19:39:07.548 [info] Extensions: No changes found during synchronizing extensions.
2024-12-28 19:39:07.549 [info] Profiles: No changes found during synchronizing profiles.
2024-12-28 19:39:07.550 [info] Sync done. Took 102ms
2024-12-28 19:39:30.408 [info] Auto Sync: Triggered by Activity
2024-12-28 19:39:30.409 [info] Sync started.
2024-12-28 19:39:30.435 [info] Settings: No changes found during synchronizing settings.
2024-12-28 19:39:30.437 [info] Keybindings: No changes found during synchronizing keybindings.
2024-12-28 19:39:30.440 [info] Snippets: No changes found during synchronizing snippets.
2024-12-28 19:39:30.443 [info] Tasks: No changes found during synchronizing tasks.
2024-12-28 19:39:30.447 [info] GlobalState: No changes found during synchronizing ui state.
2024-12-28 19:39:30.523 [info] Extensions: No changes found during synchronizing extensions.
2024-12-28 19:39:30.525 [info] Profiles: No changes found during synchronizing profiles.
2024-12-28 19:39:30.526 [info] Sync done. Took 118ms
2024-12-28 19:40:43.679 [info] Auto Sync: Triggered by Activity
2024-12-28 19:40:43.680 [info] Sync started.
2024-12-28 19:40:43.705 [info] Settings: No changes found during synchronizing settings.
2024-12-28 19:40:43.707 [info] Keybindings: No changes found during synchronizing keybindings.
2024-12-28 19:40:43.709 [info] Snippets: No changes found during synchronizing snippets.
2024-12-28 19:40:43.710 [info] Tasks: No changes found during synchronizing tasks.
2024-12-28 19:40:43.713 [info] GlobalState: No changes found during synchronizing ui state.
2024-12-28 19:40:43.762 [info] Extensions: No changes found during synchronizing extensions.
2024-12-28 19:40:43.763 [info] Profiles: No changes found during synchronizing profiles.
2024-12-28 19:40:43.765 [info] Sync done. Took 86ms
2024-12-28 19:41:14.858 [info] Auto Sync: Triggered by Activity
2024-12-28 19:41:14.858 [info] Sync started.
2024-12-28 19:41:14.899 [info] Settings: No changes found during synchronizing settings.
2024-12-28 19:41:14.903 [info] Keybindings: No changes found during synchronizing keybindings.
2024-12-28 19:41:14.905 [info] Snippets: No changes found during synchronizing snippets.
2024-12-28 19:41:14.907 [info] Tasks: No changes found during synchronizing tasks.
2024-12-28 19:41:14.913 [info] GlobalState: No changes found during synchronizing ui state.
2024-12-28 19:41:14.956 [info] Extensions: No changes found during synchronizing extensions.
2024-12-28 19:41:14.957 [info] Profiles: No changes found during synchronizing profiles.
2024-12-28 19:41:14.957 [info] Sync done. Took 101ms
2024-12-28 19:41:36.750 [info] Auto Sync: Triggered by Activity
2024-12-28 19:41:36.751 [info] Sync started.
2024-12-28 19:41:36.774 [info] Settings: No changes found during synchronizing settings.
2024-12-28 19:41:36.776 [info] Keybindings: No changes found during synchronizing keybindings.
2024-12-28 19:41:36.779 [info] Snippets: No changes found during synchronizing snippets.
2024-12-28 19:41:36.781 [info] Tasks: No changes found during synchronizing tasks.
2024-12-28 19:41:36.784 [info] GlobalState: No changes found during synchronizing ui state.
2024-12-28 19:41:36.840 [info] Extensions: No changes found during synchronizing extensions.
2024-12-28 19:41:36.841 [info] Profiles: No changes found during synchronizing profiles.
2024-12-28 19:41:36.842 [info] Sync done. Took 93ms
2024-12-28 19:41:48.875 [info] Auto Sync: Triggered by Activity
2024-12-28 19:41:48.876 [info] Sync started.
2024-12-28 19:41:48.895 [info] Settings: No changes found during synchronizing settings.
2024-12-28 19:41:48.897 [info] Keybindings: No changes found during synchronizing keybindings.
2024-12-28 19:41:48.899 [info] Snippets: No changes found during synchronizing snippets.
2024-12-28 19:41:48.901 [info] Tasks: No changes found during synchronizing tasks.
2024-12-28 19:41:48.904 [info] GlobalState: No changes found during synchronizing ui state.
2024-12-28 19:41:48.961 [info] Extensions: No changes found during synchronizing extensions.
2024-12-28 19:41:48.962 [info] Profiles: No changes found during synchronizing profiles.
2024-12-28 19:41:48.963 [info] Sync done. Took 88ms
2024-12-28 19:42:50.145 [info] Auto Sync: Triggered by Activity
2024-12-28 19:42:50.146 [info] Sync started.
2024-12-28 19:42:50.170 [info] Settings: No changes found during synchronizing settings.
2024-12-28 19:42:50.172 [info] Keybindings: No changes found during synchronizing keybindings.
2024-12-28 19:42:50.174 [info] Snippets: No changes found during synchronizing snippets.
2024-12-28 19:42:50.175 [info] Tasks: No changes found during synchronizing tasks.
2024-12-28 19:42:50.178 [info] GlobalState: No changes found during synchronizing ui state.
2024-12-28 19:42:50.224 [info] Extensions: No changes found during synchronizing extensions.
2024-12-28 19:42:50.225 [info] Profiles: No changes found during synchronizing profiles.
2024-12-28 19:42:50.226 [info] Sync done. Took 81ms
2024-12-28 19:43:13.389 [info] Auto Sync: Triggered by Activity
2024-12-28 19:43:13.390 [info] Sync started.
2024-12-28 19:43:13.413 [info] Settings: No changes found during synchronizing settings.
2024-12-28 19:43:13.415 [info] Keybindings: No changes found during synchronizing keybindings.
2024-12-28 19:43:13.417 [info] Snippets: No changes found during synchronizing snippets.
2024-12-28 19:43:13.418 [info] Tasks: No changes found during synchronizing tasks.
2024-12-28 19:43:13.421 [info] GlobalState: No changes found during synchronizing ui state.
2024-12-28 19:43:13.465 [info] Extensions: No changes found during synchronizing extensions.
2024-12-28 19:43:13.466 [info] Profiles: No changes found during synchronizing profiles.
2024-12-28 19:43:13.466 [info] Sync done. Took 78ms
2024-12-28 19:44:50.038 [info] Auto Sync: Triggered by Activity
2024-12-28 19:44:50.039 [info] Sync started.
2024-12-28 19:44:50.065 [info] Settings: No changes found during synchronizing settings.
2024-12-28 19:44:50.068 [info] Keybindings: No changes found during synchronizing keybindings.
2024-12-28 19:44:50.070 [info] Snippets: No changes found during synchronizing snippets.
2024-12-28 19:44:50.072 [info] Tasks: No changes found during synchronizing tasks.
2024-12-28 19:44:50.074 [info] GlobalState: No changes found during synchronizing ui state.
2024-12-28 19:44:50.138 [info] Extensions: No changes found during synchronizing extensions.
2024-12-28 19:44:50.139 [info] Profiles: No changes found during synchronizing profiles.
2024-12-28 19:44:50.140 [info] Sync done. Took 104ms
2024-12-28 19:46:11.107 [info] Auto Sync: Triggered by Activity
2024-12-28 19:46:11.107 [info] Sync started.
2024-12-28 19:46:11.128 [info] Settings: No changes found during synchronizing settings.
2024-12-28 19:46:11.130 [info] Keybindings: No changes found during synchronizing keybindings.
2024-12-28 19:46:11.133 [info] Snippets: No changes found during synchronizing snippets.
2024-12-28 19:46:11.134 [info] Tasks: No changes found during synchronizing tasks.
2024-12-28 19:46:11.137 [info] GlobalState: No changes found during synchronizing ui state.
2024-12-28 19:46:11.194 [info] Extensions: No changes found during synchronizing extensions.
2024-12-28 19:46:11.195 [info] Profiles: No changes found during synchronizing profiles.
2024-12-28 19:46:11.196 [info] Sync done. Took 90ms
2024-12-28 19:46:24.999 [info] Auto Sync: Triggered by Activity
2024-12-28 19:46:24.999 [info] Sync started.
2024-12-28 19:46:25.020 [info] Settings: No changes found during synchronizing settings.
2024-12-28 19:46:25.022 [info] Keybindings: No changes found during synchronizing keybindings.
2024-12-28 19:46:25.023 [info] Snippets: No changes found during synchronizing snippets.
2024-12-28 19:46:25.024 [info] Tasks: No changes found during synchronizing tasks.
2024-12-28 19:46:25.026 [info] GlobalState: No changes found during synchronizing ui state.
2024-12-28 19:46:25.068 [info] Extensions: No changes found during synchronizing extensions.
2024-12-28 19:46:25.068 [info] Profiles: No changes found during synchronizing profiles.
2024-12-28 19:46:25.069 [info] Sync done. Took 71ms
2024-12-28 19:46:38.798 [info] Auto Sync: Triggered by Activity
2024-12-28 19:46:38.798 [info] Sync started.
2024-12-28 19:46:38.827 [info] Settings: No changes found during synchronizing settings.
2024-12-28 19:46:38.829 [info] Keybindings: No changes found during synchronizing keybindings.
2024-12-28 19:46:38.830 [info] Snippets: No changes found during synchronizing snippets.
2024-12-28 19:46:38.832 [info] Tasks: No changes found during synchronizing tasks.
2024-12-28 19:46:38.835 [info] GlobalState: No changes found during synchronizing ui state.
2024-12-28 19:46:38.889 [info] Extensions: No changes found during synchronizing extensions.
2024-12-28 19:46:38.890 [info] Profiles: No changes found during synchronizing profiles.
2024-12-28 19:46:38.891 [info] Sync done. Took 93ms
2024-12-28 19:47:00.276 [info] Auto Sync: Triggered by Activity
2024-12-28 19:47:00.276 [info] Sync started.
2024-12-28 19:47:00.300 [info] Settings: No changes found during synchronizing settings.
2024-12-28 19:47:00.302 [info] Keybindings: No changes found during synchronizing keybindings.
2024-12-28 19:47:00.304 [info] Snippets: No changes found during synchronizing snippets.
2024-12-28 19:47:00.306 [info] Tasks: No changes found during synchronizing tasks.
2024-12-28 19:47:00.309 [info] GlobalState: No changes found during synchronizing ui state.
2024-12-28 19:47:00.359 [info] Extensions: No changes found during synchronizing extensions.
2024-12-28 19:47:00.360 [info] Profiles: No changes found during synchronizing profiles.
2024-12-28 19:47:00.360 [info] Sync done. Took 85ms
2024-12-28 19:47:37.913 [info] Auto Sync: Triggered by Activity
2024-12-28 19:47:37.913 [info] Sync started.
2024-12-28 19:47:37.940 [info] Settings: No changes found during synchronizing settings.
2024-12-28 19:47:37.944 [info] Keybindings: No changes found during synchronizing keybindings.
2024-12-28 19:47:37.947 [info] Snippets: No changes found during synchronizing snippets.
2024-12-28 19:47:37.948 [info] Tasks: No changes found during synchronizing tasks.
2024-12-28 19:47:37.951 [info] GlobalState: No changes found during synchronizing ui state.
2024-12-28 19:47:38.010 [info] Extensions: No changes found during synchronizing extensions.
2024-12-28 19:47:38.011 [info] Profiles: No changes found during synchronizing profiles.
2024-12-28 19:47:38.012 [info] Sync done. Took 99ms
2024-12-28 19:47:51.064 [info] Auto Sync: Triggered by Activity
2024-12-28 19:47:51.065 [info] Sync started.
2024-12-28 19:47:51.086 [info] Settings: No changes found during synchronizing settings.
2024-12-28 19:47:51.088 [info] Keybindings: No changes found during synchronizing keybindings.
2024-12-28 19:47:51.090 [info] Snippets: No changes found during synchronizing snippets.
2024-12-28 19:47:51.092 [info] Tasks: No changes found during synchronizing tasks.
2024-12-28 19:47:51.095 [info] GlobalState: No changes found during synchronizing ui state.
2024-12-28 19:47:51.147 [info] Extensions: No changes found during synchronizing extensions.
2024-12-28 19:47:51.148 [info] Profiles: No changes found during synchronizing profiles.
2024-12-28 19:47:51.148 [info] Sync done. Took 85ms
2024-12-28 19:48:03.956 [info] Auto Sync: Triggered by Activity
2024-12-28 19:48:03.957 [info] Sync started.
2024-12-28 19:48:03.981 [info] Settings: No changes found during synchronizing settings.
2024-12-28 19:48:03.983 [info] Keybindings: No changes found during synchronizing keybindings.
2024-12-28 19:48:03.986 [info] Snippets: No changes found during synchronizing snippets.
2024-12-28 19:48:03.987 [info] Tasks: No changes found during synchronizing tasks.
2024-12-28 19:48:03.991 [info] GlobalState: No changes found during synchronizing ui state.
2024-12-28 19:48:04.041 [info] Extensions: No changes found during synchronizing extensions.
2024-12-28 19:48:04.048 [info] Profiles: No changes found during synchronizing profiles.
2024-12-28 19:48:04.049 [info] Sync done. Took 93ms
2024-12-28 19:48:17.385 [info] Auto Sync: Triggered by Activity
2024-12-28 19:48:17.385 [info] Sync started.
2024-12-28 19:48:17.408 [info] Settings: No changes found during synchronizing settings.
2024-12-28 19:48:17.411 [info] Keybindings: No changes found during synchronizing keybindings.
2024-12-28 19:48:17.412 [info] Snippets: No changes found during synchronizing snippets.
2024-12-28 19:48:17.415 [info] Tasks: No changes found during synchronizing tasks.
2024-12-28 19:48:17.419 [info] GlobalState: No changes found during synchronizing ui state.
2024-12-28 19:48:17.475 [info] Extensions: No changes found during synchronizing extensions.
2024-12-28 19:48:17.476 [info] Profiles: No changes found during synchronizing profiles.
2024-12-28 19:48:17.477 [info] Sync done. Took 92ms
2024-12-28 19:48:32.566 [info] Auto Sync: Triggered by Activity
2024-12-28 19:48:32.566 [info] Sync started.
2024-12-28 19:48:32.593 [info] Settings: No changes found during synchronizing settings.
2024-12-28 19:48:32.595 [info] Keybindings: No changes found during synchronizing keybindings.
2024-12-28 19:48:32.597 [info] Snippets: No changes found during synchronizing snippets.
2024-12-28 19:48:32.598 [info] Tasks: No changes found during synchronizing tasks.
2024-12-28 19:48:32.601 [info] GlobalState: No changes found during synchronizing ui state.
2024-12-28 19:48:32.644 [info] Extensions: No changes found during synchronizing extensions.
2024-12-28 19:48:32.646 [info] Profiles: No changes found during synchronizing profiles.
2024-12-28 19:48:32.647 [info] Sync done. Took 81ms
2024-12-28 19:48:53.573 [info] Auto Sync: Triggered by Activity
2024-12-28 19:48:53.573 [info] Sync started.
2024-12-28 19:48:53.597 [info] Settings: No changes found during synchronizing settings.
2024-12-28 19:48:53.598 [info] Keybindings: No changes found during synchronizing keybindings.
2024-12-28 19:48:53.600 [info] Snippets: No changes found during synchronizing snippets.
2024-12-28 19:48:53.601 [info] Tasks: No changes found during synchronizing tasks.
2024-12-28 19:48:53.603 [info] GlobalState: No changes found during synchronizing ui state.
2024-12-28 19:48:53.648 [info] Extensions: No changes found during synchronizing extensions.
2024-12-28 19:48:53.649 [info] Profiles: No changes found during synchronizing profiles.
2024-12-28 19:48:53.650 [info] Sync done. Took 78ms
2024-12-28 19:49:10.996 [info] Auto Sync: Triggered by Activity
2024-12-28 19:49:10.996 [info] Sync started.
2024-12-28 19:49:11.021 [info] Settings: No changes found during synchronizing settings.
2024-12-28 19:49:11.023 [info] Keybindings: No changes found during synchronizing keybindings.
2024-12-28 19:49:11.026 [info] Snippets: No changes found during synchronizing snippets.
2024-12-28 19:49:11.027 [info] Tasks: No changes found during synchronizing tasks.
2024-12-28 19:49:11.032 [info] GlobalState: No changes found during synchronizing ui state.
2024-12-28 19:49:11.099 [info] Extensions: No changes found during synchronizing extensions.
2024-12-28 19:49:11.100 [info] Profiles: No changes found during synchronizing profiles.
2024-12-28 19:49:11.101 [info] Sync done. Took 105ms
