2024-12-28 18:08:50.928 [info] Using settings sync service https://vscode-sync.trafficmanager.net/
2024-12-28 18:08:50.928 [info] Auto Sync is enabled.
2024-12-28 18:08:50.928 [info] Auto Sync: Suspended until auth token is available.
2024-12-28 18:08:51.855 [info] Auto Sync: Triggered by Interval
2024-12-28 18:08:51.855 [info] Sync started.
2024-12-28 18:08:52.205 [info] Settings: No changes found during synchronizing settings.
2024-12-28 18:08:52.209 [info] Keybindings: No changes found during synchronizing keybindings.
2024-12-28 18:08:52.212 [info] Snippets: No changes found during synchronizing snippets.
2024-12-28 18:08:52.214 [info] Tasks: No changes found during synchronizing tasks.
2024-12-28 18:08:52.578 [info] GlobalState: Updated remote ui state. Updated: workbench.activity.pinnedViewlets2.
2024-12-28 18:08:52.578 [info] GlobalState: Updated last synchronized ui state
2024-12-28 18:08:52.619 [info] Extensions: No changes found during synchronizing extensions.
2024-12-28 18:08:52.622 [info] Profiles: No changes found during synchronizing profiles.
2024-12-28 18:08:52.623 [info] Sync done. Took 769ms
2024-12-28 18:08:54.198 [info] Auto Sync: Triggered by Activity
2024-12-28 18:08:54.198 [info] Sync started.
2024-12-28 18:08:54.227 [info] Settings: No changes found during synchronizing settings.
2024-12-28 18:08:54.229 [info] Keybindings: No changes found during synchronizing keybindings.
2024-12-28 18:08:54.230 [info] Snippets: No changes found during synchronizing snippets.
2024-12-28 18:08:54.231 [info] Tasks: No changes found during synchronizing tasks.
2024-12-28 18:08:54.234 [info] GlobalState: No changes found during synchronizing ui state.
2024-12-28 18:08:54.272 [info] Extensions: No changes found during synchronizing extensions.
2024-12-28 18:08:54.274 [info] Profiles: No changes found during synchronizing profiles.
2024-12-28 18:08:54.275 [info] Sync done. Took 78ms
