2024-12-28 17:43:58.353 [warning] Settings pattern "issueReporter.*" doesn't match any settings
2024-12-28 17:43:58.546 [info] Started local extension host with pid 31534.
2024-12-28 17:43:58.782 [error] TreeError [SettingsTree] Tree element not found: [object Object]: Error: TreeError [SettingsTree] Tree element not found: [object Object]
    at Hds.o (vscode-file://vscode-app/usr/lib/code/out/vs/workbench/workbench.desktop.main.js:415:8336)
    at Hds.rerender (vscode-file://vscode-app/usr/lib/code/out/vs/workbench/workbench.desktop.main.js:415:6797)
    at Tje.rerender (vscode-file://vscode-app/usr/lib/code/out/vs/workbench/workbench.desktop.main.js:415:15664)
    at ky.ad (vscode-file://vscode-app/usr/lib/code/out/vs/workbench/workbench.desktop.main.js:1354:55063)
    at ky.Zc (vscode-file://vscode-app/usr/lib/code/out/vs/workbench/workbench.desktop.main.js:1354:54927)
    at vscode-file://vscode-app/usr/lib/code/out/vs/workbench/workbench.desktop.main.js:1354:54262
    at Set.forEach (<anonymous>)
    at ky.Xc (vscode-file://vscode-app/usr/lib/code/out/vs/workbench/workbench.desktop.main.js:1354:54246)
    at aee.value (vscode-file://vscode-app/usr/lib/code/out/vs/workbench/workbench.desktop.main.js:1354:38181)
    at x.B (vscode-file://vscode-app/usr/lib/code/out/vs/workbench/workbench.desktop.main.js:30:748)
2024-12-28 17:43:59.345 [warning] Settings pattern "issueReporter.*" doesn't match any settings
2024-12-28 17:44:01.159 [warning] Settings pattern "issueReporter.*" doesn't match any settings
2024-12-28 17:44:03.287 [info] [perf] Render performance baseline is 142ms
2024-12-28 17:44:03.594 [warning] Settings pattern "issueReporter.*" doesn't match any settings
2024-12-28 17:44:03.957 [error] Timed out waiting for authentication provider to register
2024-12-28 17:44:06.054 [warning] Settings pattern "issueReporter.*" doesn't match any settings
2024-12-28 17:51:42.328 [warning] Settings pattern "issueReporter.*" doesn't match any settings
