2024-12-28 19:13:20.496 [info] Using settings sync service https://vscode-sync.trafficmanager.net/
2024-12-28 19:13:20.496 [info] Auto Sync is enabled.
2024-12-28 19:13:20.496 [info] Auto Sync: Suspended until auth token is available.
2024-12-28 19:13:23.737 [info] Auto Sync: Triggered by Interval
2024-12-28 19:13:23.737 [info] Sync started.
2024-12-28 19:13:23.931 [info] Settings: No changes found during synchronizing settings.
2024-12-28 19:13:23.938 [info] Keybindings: No changes found during synchronizing keybindings.
2024-12-28 19:13:23.940 [info] Snippets: No changes found during synchronizing snippets.
2024-12-28 19:13:23.942 [info] Tasks: No changes found during synchronizing tasks.
2024-12-28 19:13:23.946 [info] GlobalState: No changes found during synchronizing ui state.
2024-12-28 19:13:23.996 [info] Extensions: No changes found during synchronizing extensions.
2024-12-28 19:13:23.998 [info] Profiles: No changes found during synchronizing profiles.
2024-12-28 19:13:23.999 [info] Sync done. Took 263ms
2024-12-28 19:13:50.709 [info] Auto Sync: Triggered by Activity
2024-12-28 19:13:50.709 [info] Sync started.
2024-12-28 19:13:51.189 [info] Settings: No changes found during synchronizing settings.
2024-12-28 19:13:51.191 [info] Keybindings: No changes found during synchronizing keybindings.
2024-12-28 19:13:51.193 [info] Snippets: No changes found during synchronizing snippets.
2024-12-28 19:13:51.195 [info] Tasks: No changes found during synchronizing tasks.
2024-12-28 19:13:51.199 [info] GlobalState: No changes found during synchronizing ui state.
2024-12-28 19:13:51.250 [info] Extensions: No changes found during synchronizing extensions.
2024-12-28 19:13:51.250 [info] Profiles: No changes found during synchronizing profiles.
2024-12-28 19:13:51.251 [info] Sync done. Took 544ms
2024-12-28 19:14:15.910 [info] Auto Sync: Triggered by Activity
2024-12-28 19:14:15.910 [info] Sync started.
2024-12-28 19:14:16.375 [info] Settings: No changes found during synchronizing settings.
2024-12-28 19:14:16.377 [info] Keybindings: No changes found during synchronizing keybindings.
2024-12-28 19:14:16.379 [info] Snippets: No changes found during synchronizing snippets.
2024-12-28 19:14:16.380 [info] Tasks: No changes found during synchronizing tasks.
2024-12-28 19:14:16.383 [info] GlobalState: No changes found during synchronizing ui state.
2024-12-28 19:14:16.429 [info] Extensions: No changes found during synchronizing extensions.
2024-12-28 19:14:16.429 [info] Profiles: No changes found during synchronizing profiles.
2024-12-28 19:14:16.430 [info] Sync done. Took 521ms
2024-12-28 19:14:51.572 [info] Auto Sync: Triggered by Activity
2024-12-28 19:14:51.572 [info] Sync started.
2024-12-28 19:14:51.594 [info] Settings: No changes found during synchronizing settings.
2024-12-28 19:14:51.596 [info] Keybindings: No changes found during synchronizing keybindings.
2024-12-28 19:14:51.598 [info] Snippets: No changes found during synchronizing snippets.
2024-12-28 19:14:51.600 [info] Tasks: No changes found during synchronizing tasks.
2024-12-28 19:14:51.603 [info] GlobalState: No changes found during synchronizing ui state.
2024-12-28 19:14:51.651 [info] Extensions: No changes found during synchronizing extensions.
2024-12-28 19:14:51.651 [info] Profiles: No changes found during synchronizing profiles.
2024-12-28 19:14:51.652 [info] Sync done. Took 82ms
2024-12-28 19:15:18.164 [info] Auto Sync: Triggered by Activity
2024-12-28 19:15:18.164 [info] Sync started.
2024-12-28 19:15:18.549 [info] Settings: No changes found during synchronizing settings.
2024-12-28 19:15:18.551 [info] Keybindings: No changes found during synchronizing keybindings.
2024-12-28 19:15:18.554 [info] Snippets: No changes found during synchronizing snippets.
2024-12-28 19:15:18.555 [info] Tasks: No changes found during synchronizing tasks.
2024-12-28 19:15:18.561 [info] GlobalState: No changes found during synchronizing ui state.
2024-12-28 19:15:18.606 [info] Extensions: No changes found during synchronizing extensions.
2024-12-28 19:15:18.607 [info] Profiles: No changes found during synchronizing profiles.
2024-12-28 19:15:18.608 [info] Sync done. Took 444ms
2024-12-28 19:15:31.019 [info] Auto Sync: Triggered by Activity
2024-12-28 19:15:31.019 [info] Sync started.
2024-12-28 19:15:31.094 [info] Settings: No changes found during synchronizing settings.
2024-12-28 19:15:31.096 [info] Keybindings: No changes found during synchronizing keybindings.
2024-12-28 19:15:31.098 [info] Snippets: No changes found during synchronizing snippets.
2024-12-28 19:15:31.100 [info] Tasks: No changes found during synchronizing tasks.
2024-12-28 19:15:31.103 [info] GlobalState: No changes found during synchronizing ui state.
2024-12-28 19:15:31.146 [info] Extensions: No changes found during synchronizing extensions.
2024-12-28 19:15:31.146 [info] Profiles: No changes found during synchronizing profiles.
2024-12-28 19:15:31.147 [info] Sync done. Took 128ms
2024-12-28 19:15:48.720 [info] Auto Sync: Triggered by Activity
2024-12-28 19:15:48.720 [info] Sync started.
2024-12-28 19:15:49.147 [info] Settings: No changes found during synchronizing settings.
2024-12-28 19:15:49.149 [info] Keybindings: No changes found during synchronizing keybindings.
2024-12-28 19:15:49.151 [info] Snippets: No changes found during synchronizing snippets.
2024-12-28 19:15:49.152 [info] Tasks: No changes found during synchronizing tasks.
2024-12-28 19:15:49.155 [info] GlobalState: No changes found during synchronizing ui state.
2024-12-28 19:15:49.195 [info] Extensions: No changes found during synchronizing extensions.
2024-12-28 19:15:49.195 [info] Profiles: No changes found during synchronizing profiles.
2024-12-28 19:15:49.196 [info] Sync done. Took 477ms
2024-12-28 19:16:06.416 [info] Auto Sync: Triggered by Activity
2024-12-28 19:16:06.416 [info] Sync started.
2024-12-28 19:16:06.605 [info] Settings: No changes found during synchronizing settings.
2024-12-28 19:16:06.607 [info] Keybindings: No changes found during synchronizing keybindings.
2024-12-28 19:16:06.608 [info] Snippets: No changes found during synchronizing snippets.
2024-12-28 19:16:06.609 [info] Tasks: No changes found during synchronizing tasks.
2024-12-28 19:16:06.612 [info] GlobalState: No changes found during synchronizing ui state.
2024-12-28 19:16:06.655 [info] Extensions: No changes found during synchronizing extensions.
2024-12-28 19:16:06.655 [info] Profiles: No changes found during synchronizing profiles.
2024-12-28 19:16:06.656 [info] Sync done. Took 241ms
2024-12-28 19:16:44.020 [info] Auto Sync: Triggered by Activity
2024-12-28 19:16:44.020 [info] Sync started.
2024-12-28 19:16:44.207 [info] Settings: No changes found during synchronizing settings.
2024-12-28 19:16:44.210 [info] Keybindings: No changes found during synchronizing keybindings.
2024-12-28 19:16:44.212 [info] Snippets: No changes found during synchronizing snippets.
2024-12-28 19:16:44.214 [info] Tasks: No changes found during synchronizing tasks.
2024-12-28 19:16:44.218 [info] GlobalState: No changes found during synchronizing ui state.
2024-12-28 19:16:44.280 [info] Extensions: No changes found during synchronizing extensions.
2024-12-28 19:16:44.281 [info] Profiles: No changes found during synchronizing profiles.
2024-12-28 19:16:44.281 [info] Sync done. Took 262ms
2024-12-28 19:17:00.140 [info] Auto Sync: Triggered by Activity
2024-12-28 19:17:00.141 [info] Sync started.
2024-12-28 19:17:00.165 [info] Settings: No changes found during synchronizing settings.
2024-12-28 19:17:00.167 [info] Keybindings: No changes found during synchronizing keybindings.
2024-12-28 19:17:00.168 [info] Snippets: No changes found during synchronizing snippets.
2024-12-28 19:17:00.169 [info] Tasks: No changes found during synchronizing tasks.
2024-12-28 19:17:00.172 [info] GlobalState: No changes found during synchronizing ui state.
2024-12-28 19:17:00.218 [info] Extensions: No changes found during synchronizing extensions.
2024-12-28 19:17:00.219 [info] Profiles: No changes found during synchronizing profiles.
2024-12-28 19:17:00.220 [info] Sync done. Took 80ms
2024-12-28 19:17:33.240 [info] Auto Sync: Triggered by Activity
2024-12-28 19:17:33.240 [info] Sync started.
2024-12-28 19:17:33.298 [info] Settings: No changes found during synchronizing settings.
2024-12-28 19:17:33.300 [info] Keybindings: No changes found during synchronizing keybindings.
2024-12-28 19:17:33.302 [info] Snippets: No changes found during synchronizing snippets.
2024-12-28 19:17:33.304 [info] Tasks: No changes found during synchronizing tasks.
2024-12-28 19:17:33.307 [info] GlobalState: No changes found during synchronizing ui state.
2024-12-28 19:17:33.355 [info] Extensions: No changes found during synchronizing extensions.
2024-12-28 19:17:33.357 [info] Profiles: No changes found during synchronizing profiles.
2024-12-28 19:17:33.359 [info] Sync done. Took 119ms
2024-12-28 19:17:51.110 [info] Auto Sync: Triggered by Activity
2024-12-28 19:17:51.110 [info] Sync started.
2024-12-28 19:17:51.131 [info] Settings: No changes found during synchronizing settings.
2024-12-28 19:17:51.134 [info] Keybindings: No changes found during synchronizing keybindings.
2024-12-28 19:17:51.136 [info] Snippets: No changes found during synchronizing snippets.
2024-12-28 19:17:51.138 [info] Tasks: No changes found during synchronizing tasks.
2024-12-28 19:17:51.142 [info] GlobalState: No changes found during synchronizing ui state.
2024-12-28 19:17:51.205 [info] Extensions: No changes found during synchronizing extensions.
2024-12-28 19:17:51.205 [info] Profiles: No changes found during synchronizing profiles.
2024-12-28 19:17:51.206 [info] Sync done. Took 97ms
2024-12-28 19:18:21.553 [info] Auto Sync: Triggered by Activity
2024-12-28 19:18:21.553 [info] Sync started.
2024-12-28 19:18:21.640 [info] Settings: No changes found during synchronizing settings.
2024-12-28 19:18:21.642 [info] Keybindings: No changes found during synchronizing keybindings.
2024-12-28 19:18:21.643 [info] Snippets: No changes found during synchronizing snippets.
2024-12-28 19:18:21.645 [info] Tasks: No changes found during synchronizing tasks.
2024-12-28 19:18:21.648 [info] GlobalState: No changes found during synchronizing ui state.
2024-12-28 19:18:21.700 [info] Extensions: No changes found during synchronizing extensions.
2024-12-28 19:18:21.701 [info] Profiles: No changes found during synchronizing profiles.
2024-12-28 19:18:21.702 [info] Sync done. Took 150ms
2024-12-28 19:18:49.317 [info] Auto Sync: Triggered by Activity
2024-12-28 19:18:49.317 [info] Sync started.
2024-12-28 19:18:49.421 [info] Settings: No changes found during synchronizing settings.
2024-12-28 19:18:49.424 [info] Keybindings: No changes found during synchronizing keybindings.
2024-12-28 19:18:49.426 [info] Snippets: No changes found during synchronizing snippets.
2024-12-28 19:18:49.428 [info] Tasks: No changes found during synchronizing tasks.
2024-12-28 19:18:49.430 [info] GlobalState: No changes found during synchronizing ui state.
2024-12-28 19:18:49.483 [info] Extensions: No changes found during synchronizing extensions.
2024-12-28 19:18:49.483 [info] Profiles: No changes found during synchronizing profiles.
2024-12-28 19:18:49.484 [info] Sync done. Took 168ms
2024-12-28 19:19:07.428 [info] Auto Sync: Triggered by Activity
2024-12-28 19:19:07.428 [info] Sync started.
2024-12-28 19:19:07.455 [info] Settings: No changes found during synchronizing settings.
2024-12-28 19:19:07.458 [info] Keybindings: No changes found during synchronizing keybindings.
2024-12-28 19:19:07.460 [info] Snippets: No changes found during synchronizing snippets.
2024-12-28 19:19:07.461 [info] Tasks: No changes found during synchronizing tasks.
2024-12-28 19:19:07.464 [info] GlobalState: No changes found during synchronizing ui state.
2024-12-28 19:19:07.504 [info] Extensions: No changes found during synchronizing extensions.
2024-12-28 19:19:07.504 [info] Profiles: No changes found during synchronizing profiles.
2024-12-28 19:19:07.505 [info] Sync done. Took 79ms
2024-12-28 19:19:22.117 [info] Auto Sync: Triggered by Activity
2024-12-28 19:19:22.117 [info] Sync started.
2024-12-28 19:19:22.228 [info] Settings: No changes found during synchronizing settings.
2024-12-28 19:19:22.230 [info] Keybindings: No changes found during synchronizing keybindings.
2024-12-28 19:19:22.232 [info] Snippets: No changes found during synchronizing snippets.
2024-12-28 19:19:22.234 [info] Tasks: No changes found during synchronizing tasks.
2024-12-28 19:19:22.237 [info] GlobalState: No changes found during synchronizing ui state.
2024-12-28 19:19:22.281 [info] Extensions: No changes found during synchronizing extensions.
2024-12-28 19:19:22.282 [info] Profiles: No changes found during synchronizing profiles.
2024-12-28 19:19:22.282 [info] Sync done. Took 167ms
