2024-12-28 23:11:23.519 [info] [main] Log level: Info
2024-12-28 23:11:23.519 [info] [main] Validating found git in: "git"
2024-12-28 23:11:23.519 [info] [main] Using git "2.47.1" from "git"
2024-12-28 23:11:23.519 [info] [Model][doInitialScan] Initial repository scan started
2024-12-28 23:11:23.519 [info] > git rev-parse --show-toplevel [4ms]
2024-12-28 23:11:23.519 [info] fatal: not a git repository (or any of the parent directories): .git
2024-12-28 23:11:23.519 [info] > git rev-parse --show-toplevel [2ms]
2024-12-28 23:11:23.519 [info] fatal: not a git repository (or any of the parent directories): .git
2024-12-28 23:11:23.527 [info] > git rev-parse --show-toplevel [2ms]
2024-12-28 23:11:23.527 [info] fatal: not a git repository (or any of the parent directories): .git
2024-12-28 23:11:23.536 [info] > git rev-parse --show-toplevel [3ms]
2024-12-28 23:11:23.536 [info] fatal: not a git repository (or any of the parent directories): .git
2024-12-28 23:11:25.128 [info] > git rev-parse --show-toplevel [1541ms]
2024-12-28 23:11:25.128 [info] fatal: not a git repository (or any of the parent directories): .git
2024-12-28 23:11:25.916 [info] > git rev-parse --show-toplevel [351ms]
2024-12-28 23:11:25.916 [info] fatal: not a git repository (or any of the parent directories): .git
2024-12-28 23:11:26.002 [info] > git rev-parse --show-toplevel [13ms]
2024-12-28 23:11:26.002 [info] fatal: not a git repository (or any of the parent directories): .git
2024-12-28 23:11:26.020 [info] > git rev-parse --show-toplevel [2ms]
2024-12-28 23:11:26.020 [info] fatal: not a git repository (or any of the parent directories): .git
2024-12-28 23:11:26.022 [info] [Model][doInitialScan] Initial repository scan completed - repositories (0), closed repositories (0), parent repositories (0), unsafe repositories (0)
2024-12-28 23:11:26.077 [info] > git rev-parse --show-toplevel [42ms]
2024-12-28 23:11:26.077 [info] fatal: not a git repository (or any of the parent directories): .git
