2024-12-28 22:44:26.710 [info] [main] Log level: Info
2024-12-28 22:44:26.710 [info] [main] Validating found git in: "git"
2024-12-28 22:44:26.710 [info] [main] Using git "2.47.1" from "git"
2024-12-28 22:44:26.710 [info] [Model][doInitialScan] Initial repository scan started
2024-12-28 22:44:26.710 [info] > git rev-parse --show-toplevel [2ms]
2024-12-28 22:44:26.710 [info] fatal: not a git repository (or any of the parent directories): .git
2024-12-28 22:44:26.710 [info] > git rev-parse --show-toplevel [3ms]
2024-12-28 22:44:26.710 [info] fatal: not a git repository (or any of the parent directories): .git
2024-12-28 22:44:28.402 [info] > git rev-parse --show-toplevel [1693ms]
2024-12-28 22:44:28.403 [info] fatal: not a git repository (or any of the parent directories): .git
2024-12-28 22:44:28.404 [info] [Model][doInitialScan] Initial repository scan completed - repositories (0), closed repositories (0), parent repositories (0), unsafe repositories (0)
2024-12-28 22:44:29.218 [info] > git rev-parse --show-toplevel [418ms]
2024-12-28 22:44:29.218 [info] fatal: not a git repository (or any of the parent directories): .git
2024-12-28 22:44:29.463 [info] > git rev-parse --show-toplevel [145ms]
2024-12-28 22:44:29.463 [info] fatal: not a git repository (or any of the parent directories): .git
2024-12-28 22:44:29.567 [info] > git rev-parse --show-toplevel [24ms]
2024-12-28 22:44:29.567 [info] fatal: not a git repository (or any of the parent directories): .git
2024-12-28 22:44:31.185 [info] > git rev-parse --show-toplevel [31ms]
2024-12-28 22:44:31.185 [info] fatal: not a git repository (or any of the parent directories): .git
2024-12-28 22:46:38.848 [info] > git rev-parse --show-toplevel [4ms]
2024-12-28 22:46:38.848 [info] fatal: not a git repository (or any of the parent directories): .git
2024-12-28 22:56:55.033 [info] > git rev-parse --show-toplevel [4ms]
2024-12-28 22:56:55.033 [info] fatal: not a git repository (or any of the parent directories): .git
2024-12-28 22:57:14.202 [info] > git rev-parse --show-toplevel [4ms]
2024-12-28 22:57:14.202 [info] fatal: not a git repository (or any of the parent directories): .git
2024-12-28 22:57:39.080 [info] > git rev-parse --show-toplevel [3ms]
2024-12-28 22:57:39.080 [info] fatal: not a git repository (or any of the parent directories): .git
2024-12-28 22:58:37.162 [info] > git rev-parse --show-toplevel [3ms]
2024-12-28 22:58:37.162 [info] fatal: not a git repository (or any of the parent directories): .git
2024-12-28 22:59:28.576 [info] > git rev-parse --show-toplevel [2ms]
2024-12-28 22:59:28.576 [info] fatal: not a git repository (or any of the parent directories): .git
2024-12-28 23:01:46.719 [info] > git rev-parse --show-toplevel [3ms]
2024-12-28 23:01:46.720 [info] fatal: not a git repository (or any of the parent directories): .git
2024-12-28 23:01:52.211 [info] > git rev-parse --show-toplevel [3ms]
2024-12-28 23:01:52.211 [info] fatal: not a git repository (or any of the parent directories): .git
2024-12-28 23:02:16.019 [info] > git rev-parse --show-toplevel [3ms]
2024-12-28 23:02:16.019 [info] fatal: not a git repository (or any of the parent directories): .git
2024-12-28 23:10:29.822 [info] > git rev-parse --show-toplevel [3ms]
2024-12-28 23:10:29.822 [info] fatal: not a git repository (or any of the parent directories): .git
2024-12-28 23:11:03.168 [info] > git rev-parse --show-toplevel [3ms]
2024-12-28 23:11:03.168 [info] fatal: not a git repository (or any of the parent directories): .git
2024-12-28 23:11:21.783 [info] > git rev-parse --show-toplevel [2ms]
2024-12-28 23:11:21.783 [info] fatal: not a git repository (or any of the parent directories): .git
2024-12-28 23:12:05.896 [info] > git rev-parse --show-toplevel [4ms]
2024-12-28 23:12:05.896 [info] fatal: not a git repository (or any of the parent directories): .git
2024-12-28 23:13:20.093 [info] > git rev-parse --show-toplevel [2ms]
2024-12-28 23:13:20.093 [info] fatal: not a git repository (or any of the parent directories): .git
2024-12-28 23:16:44.575 [info] > git rev-parse --show-toplevel [3ms]
2024-12-28 23:16:44.575 [info] fatal: not a git repository (or any of the parent directories): .git
2024-12-28 23:22:01.055 [info] > git rev-parse --show-toplevel [5ms]
2024-12-28 23:22:01.055 [info] fatal: not a git repository (or any of the parent directories): .git
2024-12-28 23:30:51.927 [info] > git rev-parse --show-toplevel [3ms]
2024-12-28 23:30:51.927 [info] fatal: not a git repository (or any of the parent directories): .git
2024-12-28 23:37:46.922 [info] > git rev-parse --show-toplevel [2ms]
2024-12-28 23:37:46.922 [info] fatal: not a git repository (or any of the parent directories): .git
2024-12-28 23:38:24.644 [info] > git rev-parse --show-toplevel [2ms]
2024-12-28 23:38:24.644 [info] fatal: not a git repository (or any of the parent directories): .git
2024-12-28 23:38:38.128 [info] > git rev-parse --show-toplevel [3ms]
2024-12-28 23:38:38.128 [info] fatal: not a git repository (or any of the parent directories): .git
2024-12-28 23:45:31.998 [info] > git rev-parse --show-toplevel [2ms]
2024-12-28 23:45:31.998 [info] fatal: not a git repository (or any of the parent directories): .git
2024-12-28 23:49:27.651 [info] > git rev-parse --show-toplevel [3ms]
2024-12-28 23:49:27.651 [info] fatal: not a git repository (or any of the parent directories): .git
2024-12-28 23:50:46.533 [info] > git rev-parse --show-toplevel [2ms]
2024-12-28 23:50:46.533 [info] fatal: not a git repository (or any of the parent directories): .git
2024-12-28 23:50:52.496 [info] > git rev-parse --show-toplevel [3ms]
2024-12-28 23:50:52.496 [info] fatal: not a git repository (or any of the parent directories): .git
2024-12-28 23:53:03.365 [info] > git rev-parse --show-toplevel [2ms]
2024-12-28 23:53:03.365 [info] fatal: not a git repository (or any of the parent directories): .git
2024-12-28 23:53:05.602 [info] > git rev-parse --show-toplevel [3ms]
2024-12-28 23:53:05.602 [info] fatal: not a git repository (or any of the parent directories): .git
2024-12-28 23:54:09.284 [info] > git rev-parse --show-toplevel [3ms]
2024-12-28 23:54:09.284 [info] fatal: not a git repository (or any of the parent directories): .git
2024-12-28 23:56:32.695 [info] > git rev-parse --show-toplevel [3ms]
2024-12-28 23:56:32.695 [info] fatal: not a git repository (or any of the parent directories): .git
2024-12-29 00:15:18.064 [info] > git rev-parse --show-toplevel [3ms]
2024-12-29 00:15:18.064 [info] fatal: not a git repository (or any of the parent directories): .git
2024-12-29 00:33:39.765 [info] > git rev-parse --show-toplevel [2ms]
2024-12-29 00:33:39.765 [info] fatal: not a git repository (or any of the parent directories): .git
2024-12-29 00:34:30.681 [info] > git rev-parse --show-toplevel [3ms]
2024-12-29 00:34:30.681 [info] fatal: not a git repository (or any of the parent directories): .git
2024-12-29 00:34:38.598 [info] > git rev-parse --show-toplevel [2ms]
2024-12-29 00:34:38.598 [info] fatal: not a git repository (or any of the parent directories): .git
2024-12-29 00:51:11.319 [info] > git rev-parse --show-toplevel [3ms]
2024-12-29 00:51:11.319 [info] fatal: not a git repository (or any of the parent directories): .git
2024-12-29 01:02:19.587 [info] > git rev-parse --show-toplevel [2ms]
2024-12-29 01:02:19.587 [info] fatal: not a git repository (or any of the parent directories): .git
2024-12-29 01:02:20.359 [info] > git rev-parse --show-toplevel [3ms]
2024-12-29 01:02:20.359 [info] fatal: not a git repository (or any of the parent directories): .git
2024-12-29 01:02:25.075 [info] > git rev-parse --show-toplevel [3ms]
2024-12-29 01:02:25.075 [info] fatal: not a git repository (or any of the parent directories): .git
2024-12-29 01:02:26.194 [info] > git rev-parse --show-toplevel [2ms]
2024-12-29 01:02:26.194 [info] fatal: not a git repository (or any of the parent directories): .git
2024-12-29 01:02:30.347 [info] > git rev-parse --show-toplevel [2ms]
2024-12-29 01:02:30.347 [info] fatal: not a git repository (or any of the parent directories): .git
2024-12-29 01:02:34.919 [info] > git rev-parse --show-toplevel [2ms]
2024-12-29 01:02:34.919 [info] fatal: not a git repository (or any of the parent directories): .git
2024-12-29 01:02:41.050 [info] > git rev-parse --show-toplevel [2ms]
2024-12-29 01:02:41.050 [info] fatal: not a git repository (or any of the parent directories): .git
2024-12-29 01:02:48.629 [info] > git rev-parse --show-toplevel [3ms]
2024-12-29 01:02:48.629 [info] fatal: not a git repository (or any of the parent directories): .git
2024-12-29 01:04:01.609 [info] > git rev-parse --show-toplevel [3ms]
2024-12-29 01:04:01.609 [info] fatal: not a git repository (or any of the parent directories): .git
2024-12-29 01:04:04.932 [info] > git rev-parse --show-toplevel [2ms]
2024-12-29 01:04:04.932 [info] fatal: not a git repository (or any of the parent directories): .git
2024-12-29 01:04:08.496 [info] > git rev-parse --show-toplevel [2ms]
2024-12-29 01:04:08.496 [info] fatal: not a git repository (or any of the parent directories): .git
2024-12-29 01:05:58.722 [info] > git rev-parse --show-toplevel [5ms]
2024-12-29 01:05:58.722 [info] fatal: not a git repository (or any of the parent directories): .git
2024-12-29 01:07:01.390 [info] > git rev-parse --show-toplevel [2ms]
2024-12-29 01:07:01.390 [info] fatal: not a git repository (or any of the parent directories): .git
2024-12-29 01:07:24.318 [info] > git rev-parse --show-toplevel [2ms]
2024-12-29 01:07:24.318 [info] fatal: not a git repository (or any of the parent directories): .git
2024-12-29 01:08:40.065 [info] > git rev-parse --show-toplevel [4ms]
2024-12-29 01:08:40.065 [info] fatal: not a git repository (or any of the parent directories): .git
2024-12-29 01:08:51.466 [info] > git rev-parse --show-toplevel [3ms]
2024-12-29 01:08:51.466 [info] fatal: not a git repository (or any of the parent directories): .git
2024-12-29 01:08:57.857 [info] > git rev-parse --show-toplevel [3ms]
2024-12-29 01:08:57.857 [info] fatal: not a git repository (or any of the parent directories): .git
2024-12-29 01:08:59.301 [info] > git rev-parse --show-toplevel [6ms]
2024-12-29 01:08:59.301 [info] fatal: not a git repository (or any of the parent directories): .git
2024-12-29 01:09:36.833 [info] > git rev-parse --show-toplevel [3ms]
2024-12-29 01:09:36.833 [info] fatal: not a git repository (or any of the parent directories): .git
2024-12-29 01:12:00.469 [info] > git rev-parse --show-toplevel [2ms]
2024-12-29 01:12:00.469 [info] fatal: not a git repository (or any of the parent directories): .git
2024-12-29 01:13:05.801 [info] > git rev-parse --show-toplevel [3ms]
2024-12-29 01:13:05.801 [info] fatal: not a git repository (or any of the parent directories): .git
