2024-12-28 18:08:51.580 [info] Reading sessions from keychain...
2024-12-28 18:08:51.580 [info] Getting sessions for all scopes...
2024-12-28 18:08:51.580 [info] Getting sessions for all scopes...
2024-12-28 18:08:51.580 [info] Getting sessions for all scopes...
2024-12-28 18:08:51.580 [info] Getting sessions for all scopes...
2024-12-28 18:08:51.580 [info] Getting sessions for all scopes...
2024-12-28 18:08:51.580 [info] Getting sessions for all scopes...
2024-12-28 18:08:51.580 [info] Getting sessions for all scopes...
2024-12-28 18:08:51.733 [info] Got stored sessions!
2024-12-28 18:08:51.733 [info] Got 1 verified sessions.
2024-12-28 18:08:51.733 [info] Got 1 sessions for ...
2024-12-28 18:08:51.733 [info] Got 1 sessions for ...
2024-12-28 18:08:51.733 [info] Got 1 sessions for ...
2024-12-28 18:08:51.733 [info] Got 1 sessions for ...
2024-12-28 18:08:51.733 [info] Got 1 sessions for ...
2024-12-28 18:08:51.733 [info] Got 1 sessions for ...
2024-12-28 18:08:51.733 [info] Got 1 sessions for ...
2024-12-28 18:08:51.742 [info] Getting sessions for user:email...
2024-12-28 18:08:51.742 [info] Got 1 sessions for user:email...
2024-12-28 18:08:54.025 [info] Getting sessions for all scopes...
2024-12-28 18:08:54.025 [info] Got 1 sessions for ...
2024-12-28 18:08:54.613 [info] Getting sessions for read:user,repo,user:email,workflow...
2024-12-28 18:08:54.613 [info] Got 0 sessions for read:user,repo,user:email,workflow...
2024-12-28 18:08:54.614 [info] Getting sessions for all scopes...
2024-12-28 18:08:54.614 [info] Got 1 sessions for ...
2024-12-28 18:08:54.614 [info] Getting sessions for all scopes...
2024-12-28 18:08:54.614 [info] Got 1 sessions for ...
2024-12-28 18:08:54.627 [info] Getting sessions for project,read:org,read:user,repo,user:email,workflow...
2024-12-28 18:08:54.627 [info] Got 0 sessions for project,read:org,read:user,repo,user:email,workflow...
2024-12-28 18:08:54.649 [info] Getting sessions for read:user...
2024-12-28 18:08:54.649 [info] Got 0 sessions for read:user...
2024-12-28 18:08:54.649 [info] Getting sessions for read:user,repo,user:email,workflow...
2024-12-28 18:08:54.649 [info] Got 0 sessions for read:user,repo,user:email,workflow...
2024-12-28 18:08:54.744 [info] Getting sessions for read:user,repo,user:email,workflow...
2024-12-28 18:08:54.744 [info] Got 0 sessions for read:user,repo,user:email,workflow...
2024-12-28 18:08:54.929 [info] Getting sessions for user:email...
2024-12-28 18:08:54.929 [info] Got 1 sessions for user:email...
2024-12-28 18:08:54.991 [info] Getting sessions for user:email...
2024-12-28 18:08:54.991 [info] Got 1 sessions for user:email...
2024-12-28 18:08:55.076 [info] Getting sessions for read:user,repo,user:email...
2024-12-28 18:08:55.076 [info] Got 0 sessions for read:user,repo,user:email...
2024-12-28 18:08:55.077 [info] Getting sessions for user:email...
2024-12-28 18:08:55.077 [info] Got 1 sessions for user:email...
2024-12-28 18:08:55.081 [info] Getting sessions for user:email...
2024-12-28 18:08:55.081 [info] Got 1 sessions for user:email...
2024-12-28 18:08:55.083 [info] Getting sessions for all scopes...
2024-12-28 18:08:55.083 [info] Got 1 sessions for ...
2024-12-28 18:08:55.154 [info] Getting sessions for all scopes...
2024-12-28 18:08:55.154 [info] Got 1 sessions for ...
2024-12-28 18:08:55.196 [info] Getting sessions for read:user,repo,user:email,workflow...
2024-12-28 18:08:55.196 [info] Got 0 sessions for read:user,repo,user:email,workflow...
2024-12-28 18:08:55.206 [info] Getting sessions for read:user,repo,user:email,workflow...
2024-12-28 18:08:55.206 [info] Got 0 sessions for read:user,repo,user:email,workflow...
2024-12-28 18:08:56.191 [info] Getting sessions for read:user,repo,user:email,workflow...
2024-12-28 18:08:56.191 [info] Got 0 sessions for read:user,repo,user:email,workflow...
2024-12-28 18:08:56.193 [info] Getting sessions for user:email...
2024-12-28 18:08:56.193 [info] Got 1 sessions for user:email...
