2024-12-28 23:11:04.494 [info] Reading sessions from keychain...
2024-12-28 23:11:04.494 [info] Getting sessions for all scopes...
2024-12-28 23:11:04.494 [info] Getting sessions for all scopes...
2024-12-28 23:11:04.494 [info] Getting sessions for all scopes...
2024-12-28 23:11:04.494 [info] Got stored sessions!
2024-12-28 23:11:04.494 [info] Got 1 verified sessions.
2024-12-28 23:11:04.494 [info] Got 1 sessions for ...
2024-12-28 23:11:04.494 [info] Got 1 sessions for ...
2024-12-28 23:11:04.494 [info] Got 1 sessions for ...
2024-12-28 23:11:04.624 [info] Getting sessions for user:email...
2024-12-28 23:11:04.624 [info] Got 1 sessions for user:email...
2024-12-28 23:11:04.624 [info] Getting sessions for all scopes...
2024-12-28 23:11:04.624 [info] Got 1 sessions for ...
2024-12-28 23:11:04.625 [info] Getting sessions for all scopes...
2024-12-28 23:11:04.625 [info] Got 1 sessions for ...
2024-12-28 23:11:04.625 [info] Getting sessions for all scopes...
2024-12-28 23:11:04.625 [info] Got 1 sessions for ...
2024-12-28 23:11:04.625 [info] Getting sessions for all scopes...
2024-12-28 23:11:04.625 [info] Got 1 sessions for ...
2024-12-28 23:11:04.625 [info] Getting sessions for all scopes...
2024-12-28 23:11:04.625 [info] Got 1 sessions for ...
2024-12-28 23:11:06.859 [info] Getting sessions for all scopes...
2024-12-28 23:11:06.860 [info] Got 1 sessions for ...
2024-12-28 23:11:07.319 [info] Getting sessions for read:user,repo,user:email,workflow...
2024-12-28 23:11:07.319 [info] Got 0 sessions for read:user,repo,user:email,workflow...
2024-12-28 23:11:07.319 [info] Getting sessions for all scopes...
2024-12-28 23:11:07.319 [info] Got 1 sessions for ...
2024-12-28 23:11:07.319 [info] Getting sessions for all scopes...
2024-12-28 23:11:07.319 [info] Got 1 sessions for ...
2024-12-28 23:11:07.326 [info] Getting sessions for project,read:org,read:user,repo,user:email,workflow...
2024-12-28 23:11:07.326 [info] Got 0 sessions for project,read:org,read:user,repo,user:email,workflow...
2024-12-28 23:11:07.336 [info] Getting sessions for read:user...
2024-12-28 23:11:07.336 [info] Got 0 sessions for read:user...
2024-12-28 23:11:07.336 [info] Getting sessions for read:user,repo,user:email,workflow...
2024-12-28 23:11:07.336 [info] Got 0 sessions for read:user,repo,user:email,workflow...
2024-12-28 23:11:07.398 [info] Getting sessions for read:user,repo,user:email,workflow...
2024-12-28 23:11:07.398 [info] Got 0 sessions for read:user,repo,user:email,workflow...
2024-12-28 23:11:07.401 [info] Getting sessions for user:email...
2024-12-28 23:11:07.401 [info] Got 1 sessions for user:email...
2024-12-28 23:11:07.403 [info] Getting sessions for user:email...
2024-12-28 23:11:07.403 [info] Got 1 sessions for user:email...
2024-12-28 23:11:07.520 [info] Getting sessions for read:user,repo,user:email...
2024-12-28 23:11:07.520 [info] Got 0 sessions for read:user,repo,user:email...
2024-12-28 23:11:07.700 [info] Getting sessions for all scopes...
2024-12-28 23:11:07.700 [info] Got 1 sessions for ...
2024-12-28 23:11:07.769 [info] Getting sessions for read:user,repo,user:email,workflow...
2024-12-28 23:11:07.769 [info] Got 0 sessions for read:user,repo,user:email,workflow...
2024-12-28 23:11:08.573 [info] Getting sessions for read:user,repo,user:email,workflow...
2024-12-28 23:11:08.573 [info] Got 0 sessions for read:user,repo,user:email,workflow...
2024-12-28 23:11:08.660 [info] Getting sessions for user:email...
2024-12-28 23:11:08.660 [info] Got 1 sessions for user:email...
2024-12-28 23:11:08.681 [info] Getting sessions for user:email...
2024-12-28 23:11:08.681 [info] Got 1 sessions for user:email...
2024-12-28 23:11:08.681 [info] Getting sessions for user:email...
2024-12-28 23:11:08.681 [info] Got 1 sessions for user:email...
2024-12-28 23:11:08.702 [info] Getting sessions for read:user,repo,user:email,workflow...
2024-12-28 23:11:08.702 [info] Got 0 sessions for read:user,repo,user:email,workflow...
2024-12-28 23:11:08.716 [info] Getting sessions for all scopes...
2024-12-28 23:11:08.716 [info] Got 1 sessions for ...
2024-12-28 23:11:08.718 [info] Getting sessions for read:user,repo,user:email,workflow...
2024-12-28 23:11:08.718 [info] Got 0 sessions for read:user,repo,user:email,workflow...
2024-12-28 23:11:08.719 [info] Getting sessions for user:email...
2024-12-28 23:11:08.719 [info] Got 1 sessions for user:email...
2024-12-28 23:11:09.168 [info] Getting sessions for all scopes...
2024-12-28 23:11:09.168 [info] Got 1 sessions for ...
2024-12-28 23:11:09.168 [info] Getting sessions for all scopes...
2024-12-28 23:11:09.168 [info] Got 1 sessions for ...
2024-12-28 23:11:09.175 [info] Getting sessions for read:user,repo,user:email,workflow...
2024-12-28 23:11:09.175 [info] Got 0 sessions for read:user,repo,user:email,workflow...
2024-12-28 23:11:09.175 [info] Getting sessions for user:email...
2024-12-28 23:11:09.175 [info] Got 1 sessions for user:email...
2024-12-28 23:11:09.177 [info] Getting sessions for all scopes...
2024-12-28 23:11:09.177 [info] Got 1 sessions for ...
2024-12-28 23:11:09.177 [info] Getting sessions for read:user,repo,user:email,workflow...
2024-12-28 23:11:09.177 [info] Got 0 sessions for read:user,repo,user:email,workflow...
2024-12-28 23:11:09.178 [info] Getting sessions for user:email...
2024-12-28 23:11:09.178 [info] Got 1 sessions for user:email...
2024-12-28 23:11:09.218 [info] Getting sessions for all scopes...
2024-12-28 23:11:09.218 [info] Got 1 sessions for ...
2024-12-28 23:11:09.219 [info] Getting sessions for read:user,repo,user:email,workflow...
2024-12-28 23:11:09.219 [info] Got 0 sessions for read:user,repo,user:email,workflow...
2024-12-28 23:11:09.221 [info] Getting sessions for read:user,repo,user:email,workflow...
2024-12-28 23:11:09.221 [info] Got 0 sessions for read:user,repo,user:email,workflow...
2024-12-28 23:11:09.222 [info] Getting sessions for read:user...
2024-12-28 23:11:09.222 [info] Got 0 sessions for read:user...
2024-12-28 23:11:09.222 [info] Getting sessions for user:email...
2024-12-28 23:11:09.222 [info] Got 1 sessions for user:email...
2024-12-28 23:11:09.223 [info] Getting sessions for user:email...
2024-12-28 23:11:09.223 [info] Got 1 sessions for user:email...
2024-12-28 23:11:09.829 [info] Getting sessions for all scopes...
2024-12-28 23:11:09.829 [info] Got 1 sessions for ...
2024-12-28 23:11:09.832 [info] Getting sessions for read:user,repo,user:email,workflow...
2024-12-28 23:11:09.832 [info] Got 0 sessions for read:user,repo,user:email,workflow...
2024-12-28 23:11:09.832 [info] Getting sessions for user:email...
2024-12-28 23:11:09.832 [info] Got 1 sessions for user:email...
