2024-12-28 19:23:19.342 [info] Reading sessions from keychain...
2024-12-28 19:23:19.342 [info] Getting sessions for all scopes...
2024-12-28 19:23:19.342 [info] Getting sessions for all scopes...
2024-12-28 19:23:19.342 [info] Got stored sessions!
2024-12-28 19:23:19.342 [info] Got 1 verified sessions.
2024-12-28 19:23:19.342 [info] Got 1 sessions for ...
2024-12-28 19:23:19.342 [info] Got 1 sessions for ...
2024-12-28 19:23:19.342 [info] Getting sessions for all scopes...
2024-12-28 19:23:19.342 [info] Got 1 sessions for ...
2024-12-28 19:23:19.342 [info] Getting sessions for all scopes...
2024-12-28 19:23:19.342 [info] Got 1 sessions for ...
2024-12-28 19:23:19.342 [info] Getting sessions for all scopes...
2024-12-28 19:23:19.342 [info] Got 1 sessions for ...
2024-12-28 19:23:19.342 [info] Getting sessions for all scopes...
2024-12-28 19:23:19.342 [info] Got 1 sessions for ...
2024-12-28 19:23:19.342 [info] Getting sessions for all scopes...
2024-12-28 19:23:19.342 [info] Got 1 sessions for ...
2024-12-28 19:23:19.525 [info] Getting sessions for all scopes...
2024-12-28 19:23:19.525 [info] Got 1 sessions for ...
2024-12-28 19:23:21.447 [info] Getting sessions for user:email...
2024-12-28 19:23:21.447 [info] Got 1 sessions for user:email...
2024-12-28 19:23:21.820 [info] Getting sessions for all scopes...
2024-12-28 19:23:21.820 [info] Got 1 sessions for ...
2024-12-28 19:23:22.380 [info] Getting sessions for read:user,repo,user:email,workflow...
2024-12-28 19:23:22.380 [info] Got 0 sessions for read:user,repo,user:email,workflow...
2024-12-28 19:23:22.514 [info] Getting sessions for all scopes...
2024-12-28 19:23:22.514 [info] Got 1 sessions for ...
2024-12-28 19:23:22.515 [info] Getting sessions for all scopes...
2024-12-28 19:23:22.515 [info] Got 1 sessions for ...
2024-12-28 19:23:22.618 [info] Getting sessions for project,read:org,read:user,repo,user:email,workflow...
2024-12-28 19:23:22.618 [info] Got 0 sessions for project,read:org,read:user,repo,user:email,workflow...
2024-12-28 19:23:22.639 [info] Getting sessions for read:user...
2024-12-28 19:23:22.639 [info] Got 0 sessions for read:user...
2024-12-28 19:23:22.649 [info] Getting sessions for read:user,repo,user:email,workflow...
2024-12-28 19:23:22.649 [info] Got 0 sessions for read:user,repo,user:email,workflow...
2024-12-28 19:23:22.755 [info] Getting sessions for read:user,repo,user:email,workflow...
2024-12-28 19:23:22.755 [info] Got 0 sessions for read:user,repo,user:email,workflow...
2024-12-28 19:23:23.039 [info] Getting sessions for user:email...
2024-12-28 19:23:23.039 [info] Got 1 sessions for user:email...
2024-12-28 19:23:23.064 [info] Getting sessions for user:email...
2024-12-28 19:23:23.065 [info] Got 1 sessions for user:email...
2024-12-28 19:23:23.078 [info] Getting sessions for user:email...
2024-12-28 19:23:23.078 [info] Got 1 sessions for user:email...
2024-12-28 19:23:23.123 [info] Getting sessions for read:user,repo,user:email...
2024-12-28 19:23:23.123 [info] Got 0 sessions for read:user,repo,user:email...
2024-12-28 19:23:23.189 [info] Getting sessions for user:email...
2024-12-28 19:23:23.189 [info] Got 1 sessions for user:email...
2024-12-28 19:23:23.213 [info] Getting sessions for all scopes...
2024-12-28 19:23:23.213 [info] Got 1 sessions for ...
2024-12-28 19:23:23.213 [info] Getting sessions for all scopes...
2024-12-28 19:23:23.213 [info] Got 1 sessions for ...
2024-12-28 19:23:23.336 [info] Getting sessions for read:user,repo,user:email,workflow...
2024-12-28 19:23:23.336 [info] Got 0 sessions for read:user,repo,user:email,workflow...
2024-12-28 19:23:23.349 [info] Getting sessions for read:user,repo,user:email,workflow...
2024-12-28 19:23:23.349 [info] Got 0 sessions for read:user,repo,user:email,workflow...
2024-12-28 19:23:24.232 [info] Getting sessions for read:user,repo,user:email,workflow...
2024-12-28 19:23:24.233 [info] Got 0 sessions for read:user,repo,user:email,workflow...
2024-12-28 19:23:24.277 [info] Getting sessions for user:email...
2024-12-28 19:23:24.277 [info] Got 1 sessions for user:email...
2024-12-28 19:23:24.769 [info] Getting sessions for all scopes...
2024-12-28 19:23:24.769 [info] Got 1 sessions for ...
2024-12-28 19:23:24.769 [info] Getting sessions for all scopes...
2024-12-28 19:23:24.769 [info] Got 1 sessions for ...
2024-12-28 19:23:24.778 [info] Getting sessions for read:user,repo,user:email,workflow...
2024-12-28 19:23:24.778 [info] Got 0 sessions for read:user,repo,user:email,workflow...
2024-12-28 19:23:24.779 [info] Getting sessions for user:email...
2024-12-28 19:23:24.779 [info] Got 1 sessions for user:email...
2024-12-28 19:23:24.780 [info] Getting sessions for all scopes...
2024-12-28 19:23:24.780 [info] Got 1 sessions for ...
2024-12-28 19:23:24.781 [info] Getting sessions for read:user,repo,user:email,workflow...
2024-12-28 19:23:24.781 [info] Got 0 sessions for read:user,repo,user:email,workflow...
2024-12-28 19:23:24.782 [info] Getting sessions for user:email...
2024-12-28 19:23:24.782 [info] Got 1 sessions for user:email...
2024-12-28 19:23:24.828 [info] Getting sessions for all scopes...
2024-12-28 19:23:24.828 [info] Got 1 sessions for ...
2024-12-28 19:23:24.830 [info] Getting sessions for read:user,repo,user:email,workflow...
2024-12-28 19:23:24.830 [info] Got 0 sessions for read:user,repo,user:email,workflow...
2024-12-28 19:23:24.830 [info] Getting sessions for user:email...
2024-12-28 19:23:24.830 [info] Got 1 sessions for user:email...
2024-12-28 19:23:24.841 [info] Getting sessions for read:user,repo,user:email,workflow...
2024-12-28 19:23:24.841 [info] Got 0 sessions for read:user,repo,user:email,workflow...
2024-12-28 19:23:24.841 [info] Getting sessions for read:user...
2024-12-28 19:23:24.841 [info] Got 0 sessions for read:user...
2024-12-28 19:23:24.842 [info] Getting sessions for user:email...
2024-12-28 19:23:24.842 [info] Got 1 sessions for user:email...
2024-12-28 19:23:25.471 [info] Getting sessions for all scopes...
2024-12-28 19:23:25.471 [info] Got 1 sessions for ...
2024-12-28 19:23:25.474 [info] Getting sessions for read:user,repo,user:email,workflow...
2024-12-28 19:23:25.474 [info] Got 0 sessions for read:user,repo,user:email,workflow...
2024-12-28 19:23:25.475 [info] Getting sessions for user:email...
2024-12-28 19:23:25.475 [info] Got 1 sessions for user:email...
2024-12-28 19:38:25.478 [info] Getting sessions for all scopes...
2024-12-28 19:38:25.478 [info] Got 1 sessions for ...
2024-12-28 19:38:25.479 [info] Getting sessions for read:user,repo,user:email,workflow...
2024-12-28 19:38:25.479 [info] Got 0 sessions for read:user,repo,user:email,workflow...
2024-12-28 19:38:25.480 [info] Getting sessions for user:email...
2024-12-28 19:38:25.480 [info] Got 1 sessions for user:email...
2024-12-28 19:38:25.496 [info] Getting sessions for all scopes...
2024-12-28 19:38:25.496 [info] Got 1 sessions for ...
2024-12-28 19:38:25.497 [info] Getting sessions for read:user,repo,user:email,workflow...
2024-12-28 19:38:25.497 [info] Got 0 sessions for read:user,repo,user:email,workflow...
2024-12-28 19:38:25.497 [info] Getting sessions for user:email...
2024-12-28 19:38:25.497 [info] Got 1 sessions for user:email...
2024-12-28 19:48:24.532 [info] Getting sessions for read:user,repo,user:email,workflow...
2024-12-28 19:48:24.532 [info] Got 0 sessions for read:user,repo,user:email,workflow...
2024-12-28 19:48:24.533 [info] Getting sessions for read:user...
2024-12-28 19:48:24.533 [info] Got 0 sessions for read:user...
2024-12-28 19:48:24.534 [info] Getting sessions for user:email...
2024-12-28 19:48:24.534 [info] Got 1 sessions for user:email...
2024-12-28 19:48:24.761 [info] Getting sessions for all scopes...
2024-12-28 19:48:24.761 [info] Got 1 sessions for ...
2024-12-28 19:48:24.762 [info] Getting sessions for read:user,repo,user:email,workflow...
2024-12-28 19:48:24.762 [info] Got 0 sessions for read:user,repo,user:email,workflow...
2024-12-28 19:48:24.763 [info] Getting sessions for user:email...
2024-12-28 19:48:24.763 [info] Got 1 sessions for user:email...
2024-12-28 19:48:25.263 [info] Getting sessions for all scopes...
2024-12-28 19:48:25.263 [info] Got 1 sessions for ...
2024-12-28 19:48:25.264 [info] Getting sessions for all scopes...
2024-12-28 19:48:25.264 [info] Got 1 sessions for ...
2024-12-28 19:48:25.265 [info] Getting sessions for read:user,repo,user:email,workflow...
2024-12-28 19:48:25.265 [info] Got 0 sessions for read:user,repo,user:email,workflow...
2024-12-28 19:48:25.266 [info] Getting sessions for user:email...
2024-12-28 19:48:25.266 [info] Got 1 sessions for user:email...
2024-12-28 19:48:25.267 [info] Getting sessions for all scopes...
2024-12-28 19:48:25.267 [info] Got 1 sessions for ...
2024-12-28 19:48:25.268 [info] Getting sessions for read:user,repo,user:email,workflow...
2024-12-28 19:48:25.268 [info] Got 0 sessions for read:user,repo,user:email,workflow...
2024-12-28 19:48:25.269 [info] Getting sessions for user:email...
2024-12-28 19:48:25.269 [info] Got 1 sessions for user:email...
2024-12-28 19:48:25.278 [info] Getting sessions for all scopes...
2024-12-28 19:48:25.278 [info] Got 1 sessions for ...
2024-12-28 19:48:25.278 [info] Getting sessions for read:user,repo,user:email,workflow...
2024-12-28 19:48:25.278 [info] Got 0 sessions for read:user,repo,user:email,workflow...
2024-12-28 19:48:25.279 [info] Getting sessions for user:email...
2024-12-28 19:48:25.279 [info] Got 1 sessions for user:email...
