2024-12-28 19:13:13.199 [info] Reading sessions from keychain...
2024-12-28 19:13:13.199 [info] Getting sessions for all scopes...
2024-12-28 19:13:13.199 [info] Getting sessions for all scopes...
2024-12-28 19:13:13.199 [info] Got stored sessions!
2024-12-28 19:13:13.199 [info] Got 1 verified sessions.
2024-12-28 19:13:13.199 [info] Got 1 sessions for ...
2024-12-28 19:13:13.199 [info] Got 1 sessions for ...
2024-12-28 19:13:13.199 [info] Getting sessions for all scopes...
2024-12-28 19:13:13.199 [info] Got 1 sessions for ...
2024-12-28 19:13:13.199 [info] Getting sessions for all scopes...
2024-12-28 19:13:13.199 [info] Got 1 sessions for ...
2024-12-28 19:13:13.199 [info] Getting sessions for all scopes...
2024-12-28 19:13:13.199 [info] Got 1 sessions for ...
2024-12-28 19:13:13.199 [info] Getting sessions for all scopes...
2024-12-28 19:13:13.199 [info] Got 1 sessions for ...
2024-12-28 19:13:13.199 [info] Getting sessions for all scopes...
2024-12-28 19:13:13.199 [info] Got 1 sessions for ...
2024-12-28 19:13:13.199 [info] Getting sessions for all scopes...
2024-12-28 19:13:13.199 [info] Got 1 sessions for ...
2024-12-28 19:13:13.325 [info] Getting sessions for user:email...
2024-12-28 19:13:13.325 [info] Got 1 sessions for user:email...
2024-12-28 19:13:16.249 [info] Getting sessions for all scopes...
2024-12-28 19:13:16.249 [info] Got 1 sessions for ...
