2024-12-28 23:11:50.845 [info] Reading sessions from keychain...
2024-12-28 23:11:50.845 [info] Getting sessions for all scopes...
2024-12-28 23:11:50.845 [info] Getting sessions for all scopes...
2024-12-28 23:11:50.845 [info] Getting sessions for all scopes...
2024-12-28 23:11:50.845 [info] Getting sessions for all scopes...
2024-12-28 23:11:50.845 [info] Getting sessions for all scopes...
2024-12-28 23:11:50.845 [info] Getting sessions for all scopes...
2024-12-28 23:11:50.845 [info] Getting sessions for all scopes...
2024-12-28 23:11:50.845 [info] Getting sessions for all scopes...
2024-12-28 23:11:50.845 [info] Got stored sessions!
2024-12-28 23:11:50.845 [info] Got 1 verified sessions.
2024-12-28 23:11:50.845 [info] Got 1 sessions for ...
2024-12-28 23:11:50.845 [info] Got 1 sessions for ...
2024-12-28 23:11:50.845 [info] Got 1 sessions for ...
2024-12-28 23:11:50.845 [info] Got 1 sessions for ...
2024-12-28 23:11:50.845 [info] Got 1 sessions for ...
2024-12-28 23:11:50.845 [info] Got 1 sessions for ...
2024-12-28 23:11:50.845 [info] Got 1 sessions for ...
2024-12-28 23:11:50.845 [info] Got 1 sessions for ...
2024-12-28 23:11:50.845 [info] Getting sessions for user:email...
2024-12-28 23:11:50.845 [info] Got 1 sessions for user:email...
2024-12-28 23:11:53.126 [info] Getting sessions for all scopes...
2024-12-28 23:11:53.126 [info] Got 1 sessions for ...
2024-12-28 23:11:53.558 [info] Getting sessions for read:user,repo,user:email,workflow...
2024-12-28 23:11:53.558 [info] Got 0 sessions for read:user,repo,user:email,workflow...
2024-12-28 23:11:53.559 [info] Getting sessions for all scopes...
2024-12-28 23:11:53.559 [info] Got 1 sessions for ...
2024-12-28 23:11:53.559 [info] Getting sessions for all scopes...
2024-12-28 23:11:53.559 [info] Got 1 sessions for ...
2024-12-28 23:11:53.589 [info] Getting sessions for project,read:org,read:user,repo,user:email,workflow...
2024-12-28 23:11:53.589 [info] Got 0 sessions for project,read:org,read:user,repo,user:email,workflow...
2024-12-28 23:11:53.611 [info] Getting sessions for read:user...
2024-12-28 23:11:53.611 [info] Got 0 sessions for read:user...
2024-12-28 23:11:53.611 [info] Getting sessions for read:user,repo,user:email,workflow...
2024-12-28 23:11:53.611 [info] Got 0 sessions for read:user,repo,user:email,workflow...
2024-12-28 23:11:53.649 [info] Getting sessions for read:user,repo,user:email,workflow...
2024-12-28 23:11:53.650 [info] Got 0 sessions for read:user,repo,user:email,workflow...
2024-12-28 23:11:53.652 [info] Getting sessions for user:email...
2024-12-28 23:11:53.652 [info] Got 1 sessions for user:email...
2024-12-28 23:11:53.656 [info] Getting sessions for user:email...
2024-12-28 23:11:53.656 [info] Got 1 sessions for user:email...
2024-12-28 23:11:53.744 [info] Getting sessions for read:user,repo,user:email...
2024-12-28 23:11:53.744 [info] Got 0 sessions for read:user,repo,user:email...
2024-12-28 23:11:53.954 [info] Getting sessions for all scopes...
2024-12-28 23:11:53.954 [info] Got 1 sessions for ...
2024-12-28 23:11:54.024 [info] Getting sessions for read:user,repo,user:email,workflow...
2024-12-28 23:11:54.024 [info] Got 0 sessions for read:user,repo,user:email,workflow...
2024-12-28 23:11:54.884 [info] Getting sessions for read:user,repo,user:email,workflow...
2024-12-28 23:11:54.884 [info] Got 0 sessions for read:user,repo,user:email,workflow...
2024-12-28 23:11:54.892 [info] Getting sessions for user:email...
2024-12-28 23:11:54.892 [info] Got 1 sessions for user:email...
2024-12-28 23:11:54.923 [info] Getting sessions for user:email...
2024-12-28 23:11:54.923 [info] Got 1 sessions for user:email...
2024-12-28 23:11:54.927 [info] Getting sessions for user:email...
2024-12-28 23:11:54.927 [info] Got 1 sessions for user:email...
2024-12-28 23:11:54.941 [info] Getting sessions for read:user,repo,user:email,workflow...
2024-12-28 23:11:54.941 [info] Got 0 sessions for read:user,repo,user:email,workflow...
2024-12-28 23:11:54.958 [info] Getting sessions for all scopes...
2024-12-28 23:11:54.958 [info] Got 1 sessions for ...
2024-12-28 23:11:54.960 [info] Getting sessions for read:user,repo,user:email,workflow...
2024-12-28 23:11:54.961 [info] Got 0 sessions for read:user,repo,user:email,workflow...
2024-12-28 23:11:54.961 [info] Getting sessions for user:email...
2024-12-28 23:11:54.961 [info] Got 1 sessions for user:email...
2024-12-28 23:11:55.399 [info] Getting sessions for all scopes...
2024-12-28 23:11:55.399 [info] Got 1 sessions for ...
2024-12-28 23:11:55.399 [info] Getting sessions for all scopes...
2024-12-28 23:11:55.399 [info] Got 1 sessions for ...
2024-12-28 23:11:55.408 [info] Getting sessions for read:user,repo,user:email,workflow...
2024-12-28 23:11:55.408 [info] Got 0 sessions for read:user,repo,user:email,workflow...
2024-12-28 23:11:55.410 [info] Getting sessions for user:email...
2024-12-28 23:11:55.410 [info] Got 1 sessions for user:email...
2024-12-28 23:11:55.415 [info] Getting sessions for all scopes...
2024-12-28 23:11:55.415 [info] Got 1 sessions for ...
2024-12-28 23:11:55.416 [info] Getting sessions for read:user,repo,user:email,workflow...
2024-12-28 23:11:55.416 [info] Got 0 sessions for read:user,repo,user:email,workflow...
2024-12-28 23:11:55.416 [info] Getting sessions for user:email...
2024-12-28 23:11:55.416 [info] Got 1 sessions for user:email...
2024-12-28 23:11:55.478 [info] Getting sessions for all scopes...
2024-12-28 23:11:55.478 [info] Got 1 sessions for ...
2024-12-28 23:11:55.488 [info] Getting sessions for read:user,repo,user:email,workflow...
2024-12-28 23:11:55.488 [info] Got 0 sessions for read:user,repo,user:email,workflow...
2024-12-28 23:11:55.495 [info] Getting sessions for user:email...
2024-12-28 23:11:55.495 [info] Got 1 sessions for user:email...
2024-12-28 23:11:55.820 [info] Getting sessions for read:user,repo,user:email,workflow...
2024-12-28 23:11:55.820 [info] Got 0 sessions for read:user,repo,user:email,workflow...
2024-12-28 23:11:55.823 [info] Getting sessions for all scopes...
2024-12-28 23:11:55.823 [info] Got 1 sessions for ...
2024-12-28 23:11:55.826 [info] Getting sessions for read:user...
2024-12-28 23:11:55.826 [info] Got 0 sessions for read:user...
2024-12-28 23:11:55.827 [info] Getting sessions for read:user,repo,user:email,workflow...
2024-12-28 23:11:55.827 [info] Got 0 sessions for read:user,repo,user:email,workflow...
2024-12-28 23:11:55.827 [info] Getting sessions for user:email...
2024-12-28 23:11:55.827 [info] Got 1 sessions for user:email...
2024-12-28 23:11:55.831 [info] Getting sessions for user:email...
2024-12-28 23:11:55.831 [info] Got 1 sessions for user:email...
2024-12-28 23:26:55.834 [info] Getting sessions for all scopes...
2024-12-28 23:26:55.834 [info] Got 1 sessions for ...
2024-12-28 23:26:55.835 [info] Getting sessions for read:user,repo,user:email,workflow...
2024-12-28 23:26:55.835 [info] Got 0 sessions for read:user,repo,user:email,workflow...
2024-12-28 23:26:55.836 [info] Getting sessions for user:email...
2024-12-28 23:26:55.836 [info] Got 1 sessions for user:email...
2024-12-28 23:26:55.838 [info] Getting sessions for all scopes...
2024-12-28 23:26:55.838 [info] Got 1 sessions for ...
2024-12-28 23:26:55.839 [info] Getting sessions for read:user,repo,user:email,workflow...
2024-12-28 23:26:55.839 [info] Got 0 sessions for read:user,repo,user:email,workflow...
2024-12-28 23:26:55.839 [info] Getting sessions for user:email...
2024-12-28 23:26:55.839 [info] Got 1 sessions for user:email...
2024-12-28 23:36:55.251 [info] Getting sessions for read:user,repo,user:email,workflow...
2024-12-28 23:36:55.251 [info] Got 0 sessions for read:user,repo,user:email,workflow...
2024-12-28 23:36:55.251 [info] Getting sessions for read:user...
2024-12-28 23:36:55.251 [info] Got 0 sessions for read:user...
2024-12-28 23:36:55.252 [info] Getting sessions for user:email...
2024-12-28 23:36:55.252 [info] Got 1 sessions for user:email...
2024-12-28 23:36:55.390 [info] Getting sessions for all scopes...
2024-12-28 23:36:55.390 [info] Got 1 sessions for ...
2024-12-28 23:36:55.391 [info] Getting sessions for read:user,repo,user:email,workflow...
2024-12-28 23:36:55.391 [info] Got 0 sessions for read:user,repo,user:email,workflow...
2024-12-28 23:36:55.391 [info] Getting sessions for user:email...
2024-12-28 23:36:55.391 [info] Got 1 sessions for user:email...
2024-12-28 23:36:55.994 [info] Getting sessions for all scopes...
2024-12-28 23:36:55.994 [info] Got 1 sessions for ...
2024-12-28 23:36:55.994 [info] Getting sessions for all scopes...
2024-12-28 23:36:55.994 [info] Got 1 sessions for ...
2024-12-28 23:36:55.995 [info] Getting sessions for read:user,repo,user:email,workflow...
2024-12-28 23:36:55.995 [info] Got 0 sessions for read:user,repo,user:email,workflow...
2024-12-28 23:36:55.996 [info] Getting sessions for user:email...
2024-12-28 23:36:55.996 [info] Got 1 sessions for user:email...
2024-12-28 23:36:55.997 [info] Getting sessions for all scopes...
2024-12-28 23:36:55.997 [info] Got 1 sessions for ...
2024-12-28 23:36:55.998 [info] Getting sessions for read:user,repo,user:email,workflow...
2024-12-28 23:36:55.998 [info] Got 0 sessions for read:user,repo,user:email,workflow...
2024-12-28 23:36:55.999 [info] Getting sessions for user:email...
2024-12-28 23:36:55.999 [info] Got 1 sessions for user:email...
2024-12-28 23:36:56.004 [info] Getting sessions for all scopes...
2024-12-28 23:36:56.004 [info] Got 1 sessions for ...
2024-12-28 23:36:56.004 [info] Getting sessions for read:user,repo,user:email,workflow...
2024-12-28 23:36:56.004 [info] Got 0 sessions for read:user,repo,user:email,workflow...
2024-12-28 23:36:56.005 [info] Getting sessions for user:email...
2024-12-28 23:36:56.005 [info] Got 1 sessions for user:email...
2024-12-28 23:51:56.008 [info] Getting sessions for all scopes...
2024-12-28 23:51:56.008 [info] Got 1 sessions for ...
2024-12-28 23:51:56.008 [info] Getting sessions for read:user,repo,user:email,workflow...
2024-12-28 23:51:56.008 [info] Got 0 sessions for read:user,repo,user:email,workflow...
2024-12-28 23:51:56.009 [info] Getting sessions for user:email...
2024-12-28 23:51:56.009 [info] Got 1 sessions for user:email...
2024-12-28 23:51:56.010 [info] Getting sessions for all scopes...
2024-12-28 23:51:56.010 [info] Got 1 sessions for ...
2024-12-28 23:51:56.010 [info] Getting sessions for read:user,repo,user:email,workflow...
2024-12-28 23:51:56.010 [info] Got 0 sessions for read:user,repo,user:email,workflow...
2024-12-28 23:51:56.012 [info] Getting sessions for user:email...
2024-12-28 23:51:56.012 [info] Got 1 sessions for user:email...
2024-12-29 00:01:55.759 [info] Getting sessions for read:user,repo,user:email,workflow...
2024-12-29 00:01:55.759 [info] Got 0 sessions for read:user,repo,user:email,workflow...
2024-12-29 00:01:55.760 [info] Getting sessions for read:user...
2024-12-29 00:01:55.760 [info] Got 0 sessions for read:user...
2024-12-29 00:01:55.760 [info] Getting sessions for user:email...
2024-12-29 00:01:55.760 [info] Got 1 sessions for user:email...
2024-12-29 00:01:55.995 [info] Getting sessions for all scopes...
2024-12-29 00:01:55.995 [info] Got 1 sessions for ...
2024-12-29 00:01:55.996 [info] Getting sessions for read:user,repo,user:email,workflow...
2024-12-29 00:01:55.996 [info] Got 0 sessions for read:user,repo,user:email,workflow...
2024-12-29 00:01:55.996 [info] Getting sessions for user:email...
2024-12-29 00:01:55.996 [info] Got 1 sessions for user:email...
2024-12-29 00:01:56.730 [info] Getting sessions for all scopes...
2024-12-29 00:01:56.730 [info] Got 1 sessions for ...
2024-12-29 00:01:56.730 [info] Getting sessions for all scopes...
2024-12-29 00:01:56.730 [info] Got 1 sessions for ...
2024-12-29 00:01:56.731 [info] Getting sessions for read:user,repo,user:email,workflow...
2024-12-29 00:01:56.731 [info] Got 0 sessions for read:user,repo,user:email,workflow...
2024-12-29 00:01:56.733 [info] Getting sessions for user:email...
2024-12-29 00:01:56.733 [info] Got 1 sessions for user:email...
2024-12-29 00:01:56.734 [info] Getting sessions for all scopes...
2024-12-29 00:01:56.734 [info] Got 1 sessions for ...
2024-12-29 00:01:56.734 [info] Getting sessions for read:user,repo,user:email,workflow...
2024-12-29 00:01:56.734 [info] Got 0 sessions for read:user,repo,user:email,workflow...
2024-12-29 00:01:56.735 [info] Getting sessions for user:email...
2024-12-29 00:01:56.735 [info] Got 1 sessions for user:email...
2024-12-29 00:01:56.739 [info] Getting sessions for all scopes...
2024-12-29 00:01:56.739 [info] Got 1 sessions for ...
2024-12-29 00:01:56.740 [info] Getting sessions for read:user,repo,user:email,workflow...
2024-12-29 00:01:56.740 [info] Got 0 sessions for read:user,repo,user:email,workflow...
2024-12-29 00:01:56.741 [info] Getting sessions for user:email...
2024-12-29 00:01:56.741 [info] Got 1 sessions for user:email...
2024-12-29 00:01:56.744 [info] Getting sessions for all scopes...
2024-12-29 00:01:56.744 [info] Got 1 sessions for ...
2024-12-29 00:01:56.744 [info] Getting sessions for read:user,repo,user:email,workflow...
2024-12-29 00:01:56.744 [info] Got 0 sessions for read:user,repo,user:email,workflow...
2024-12-29 00:01:56.745 [info] Getting sessions for user:email...
2024-12-29 00:01:56.745 [info] Got 1 sessions for user:email...
2024-12-29 00:16:57.626 [info] Getting sessions for all scopes...
2024-12-29 00:16:57.626 [info] Got 1 sessions for ...
2024-12-29 00:16:57.628 [info] Getting sessions for read:user,repo,user:email,workflow...
2024-12-29 00:16:57.628 [info] Got 0 sessions for read:user,repo,user:email,workflow...
2024-12-29 00:16:57.628 [info] Getting sessions for user:email...
2024-12-29 00:16:57.628 [info] Got 1 sessions for user:email...
2024-12-29 00:16:57.629 [info] Getting sessions for all scopes...
2024-12-29 00:16:57.629 [info] Got 1 sessions for ...
2024-12-29 00:16:57.630 [info] Getting sessions for read:user,repo,user:email,workflow...
2024-12-29 00:16:57.630 [info] Got 0 sessions for read:user,repo,user:email,workflow...
2024-12-29 00:16:57.630 [info] Getting sessions for user:email...
2024-12-29 00:16:57.630 [info] Got 1 sessions for user:email...
2024-12-29 00:26:56.108 [info] Getting sessions for read:user,repo,user:email,workflow...
2024-12-29 00:26:56.108 [info] Got 0 sessions for read:user,repo,user:email,workflow...
2024-12-29 00:26:56.109 [info] Getting sessions for read:user...
2024-12-29 00:26:56.109 [info] Got 0 sessions for read:user...
2024-12-29 00:26:56.109 [info] Getting sessions for user:email...
2024-12-29 00:26:56.110 [info] Got 1 sessions for user:email...
2024-12-29 00:26:56.731 [info] Getting sessions for all scopes...
2024-12-29 00:26:56.731 [info] Got 1 sessions for ...
2024-12-29 00:26:56.732 [info] Getting sessions for read:user,repo,user:email,workflow...
2024-12-29 00:26:56.732 [info] Got 0 sessions for read:user,repo,user:email,workflow...
2024-12-29 00:26:56.733 [info] Getting sessions for user:email...
2024-12-29 00:26:56.733 [info] Got 1 sessions for user:email...
2024-12-29 00:26:57.588 [info] Getting sessions for all scopes...
2024-12-29 00:26:57.588 [info] Got 1 sessions for ...
2024-12-29 00:26:57.588 [info] Getting sessions for all scopes...
2024-12-29 00:26:57.588 [info] Got 1 sessions for ...
2024-12-29 00:26:57.589 [info] Getting sessions for read:user,repo,user:email,workflow...
2024-12-29 00:26:57.589 [info] Got 0 sessions for read:user,repo,user:email,workflow...
2024-12-29 00:26:57.590 [info] Getting sessions for user:email...
2024-12-29 00:26:57.590 [info] Got 1 sessions for user:email...
2024-12-29 00:26:57.590 [info] Getting sessions for all scopes...
2024-12-29 00:26:57.590 [info] Got 1 sessions for ...
2024-12-29 00:26:57.591 [info] Getting sessions for read:user,repo,user:email,workflow...
2024-12-29 00:26:57.591 [info] Got 0 sessions for read:user,repo,user:email,workflow...
2024-12-29 00:26:57.591 [info] Getting sessions for user:email...
2024-12-29 00:26:57.591 [info] Got 1 sessions for user:email...
2024-12-29 00:26:57.594 [info] Getting sessions for all scopes...
2024-12-29 00:26:57.594 [info] Got 1 sessions for ...
2024-12-29 00:26:57.595 [info] Getting sessions for read:user,repo,user:email,workflow...
2024-12-29 00:26:57.595 [info] Got 0 sessions for read:user,repo,user:email,workflow...
2024-12-29 00:26:57.595 [info] Getting sessions for user:email...
2024-12-29 00:26:57.595 [info] Got 1 sessions for user:email...
2024-12-29 00:41:57.598 [info] Getting sessions for all scopes...
2024-12-29 00:41:57.598 [info] Got 1 sessions for ...
2024-12-29 00:41:57.599 [info] Getting sessions for read:user,repo,user:email,workflow...
2024-12-29 00:41:57.599 [info] Got 0 sessions for read:user,repo,user:email,workflow...
2024-12-29 00:41:57.601 [info] Getting sessions for user:email...
2024-12-29 00:41:57.601 [info] Got 1 sessions for user:email...
2024-12-29 00:41:57.602 [info] Getting sessions for all scopes...
2024-12-29 00:41:57.602 [info] Got 1 sessions for ...
2024-12-29 00:41:57.603 [info] Getting sessions for read:user,repo,user:email,workflow...
2024-12-29 00:41:57.603 [info] Got 0 sessions for read:user,repo,user:email,workflow...
2024-12-29 00:41:57.604 [info] Getting sessions for user:email...
2024-12-29 00:41:57.604 [info] Got 1 sessions for user:email...
2024-12-29 00:51:56.617 [info] Getting sessions for read:user,repo,user:email,workflow...
2024-12-29 00:51:56.617 [info] Got 0 sessions for read:user,repo,user:email,workflow...
2024-12-29 00:51:56.618 [info] Getting sessions for read:user...
2024-12-29 00:51:56.618 [info] Got 0 sessions for read:user...
2024-12-29 00:51:56.618 [info] Getting sessions for user:email...
2024-12-29 00:51:56.618 [info] Got 1 sessions for user:email...
2024-12-29 00:51:57.590 [info] Getting sessions for all scopes...
2024-12-29 00:51:57.590 [info] Got 1 sessions for ...
2024-12-29 00:51:57.591 [info] Getting sessions for read:user,repo,user:email,workflow...
2024-12-29 00:51:57.591 [info] Got 0 sessions for read:user,repo,user:email,workflow...
2024-12-29 00:51:57.591 [info] Getting sessions for user:email...
2024-12-29 00:51:57.591 [info] Got 1 sessions for user:email...
2024-12-29 00:51:58.294 [info] Getting sessions for all scopes...
2024-12-29 00:51:58.294 [info] Got 1 sessions for ...
2024-12-29 00:51:58.294 [info] Getting sessions for all scopes...
2024-12-29 00:51:58.294 [info] Got 1 sessions for ...
2024-12-29 00:51:58.295 [info] Getting sessions for read:user,repo,user:email,workflow...
2024-12-29 00:51:58.295 [info] Got 0 sessions for read:user,repo,user:email,workflow...
2024-12-29 00:51:58.295 [info] Getting sessions for user:email...
2024-12-29 00:51:58.295 [info] Got 1 sessions for user:email...
2024-12-29 00:51:58.296 [info] Getting sessions for all scopes...
2024-12-29 00:51:58.296 [info] Got 1 sessions for ...
2024-12-29 00:51:58.297 [info] Getting sessions for read:user,repo,user:email,workflow...
2024-12-29 00:51:58.297 [info] Got 0 sessions for read:user,repo,user:email,workflow...
2024-12-29 00:51:58.298 [info] Getting sessions for user:email...
2024-12-29 00:51:58.298 [info] Got 1 sessions for user:email...
2024-12-29 00:51:58.301 [info] Getting sessions for all scopes...
2024-12-29 00:51:58.301 [info] Got 1 sessions for ...
2024-12-29 00:51:58.302 [info] Getting sessions for read:user,repo,user:email,workflow...
2024-12-29 00:51:58.302 [info] Got 0 sessions for read:user,repo,user:email,workflow...
2024-12-29 00:51:58.303 [info] Getting sessions for user:email...
2024-12-29 00:51:58.303 [info] Got 1 sessions for user:email...
2024-12-29 00:51:58.307 [info] Getting sessions for all scopes...
2024-12-29 00:51:58.307 [info] Got 1 sessions for ...
2024-12-29 00:51:58.307 [info] Getting sessions for read:user,repo,user:email,workflow...
2024-12-29 00:51:58.307 [info] Got 0 sessions for read:user,repo,user:email,workflow...
2024-12-29 00:51:58.308 [info] Getting sessions for user:email...
2024-12-29 00:51:58.308 [info] Got 1 sessions for user:email...
2024-12-29 01:06:58.939 [info] Getting sessions for all scopes...
2024-12-29 01:06:58.939 [info] Got 1 sessions for ...
2024-12-29 01:06:58.940 [info] Getting sessions for read:user,repo,user:email,workflow...
2024-12-29 01:06:58.940 [info] Got 0 sessions for read:user,repo,user:email,workflow...
2024-12-29 01:06:58.940 [info] Getting sessions for user:email...
2024-12-29 01:06:58.940 [info] Got 1 sessions for user:email...
2024-12-29 01:06:58.941 [info] Getting sessions for all scopes...
2024-12-29 01:06:58.941 [info] Got 1 sessions for ...
2024-12-29 01:06:58.942 [info] Getting sessions for read:user,repo,user:email,workflow...
2024-12-29 01:06:58.942 [info] Got 0 sessions for read:user,repo,user:email,workflow...
2024-12-29 01:06:58.942 [info] Getting sessions for user:email...
2024-12-29 01:06:58.942 [info] Got 1 sessions for user:email...
