2024-12-28 19:13:21.557 [info] Reading sessions from keychain...
2024-12-28 19:13:21.557 [info] Getting sessions for all scopes...
2024-12-28 19:13:21.557 [info] Getting sessions for all scopes...
2024-12-28 19:13:21.557 [info] Getting sessions for all scopes...
2024-12-28 19:13:21.557 [info] Getting sessions for all scopes...
2024-12-28 19:13:21.557 [info] Getting sessions for all scopes...
2024-12-28 19:13:21.557 [info] Getting sessions for all scopes...
2024-12-28 19:13:21.557 [info] Getting sessions for all scopes...
2024-12-28 19:13:21.703 [info] Got stored sessions!
2024-12-28 19:13:21.703 [info] Got 1 verified sessions.
2024-12-28 19:13:21.703 [info] Got 1 sessions for ...
2024-12-28 19:13:21.703 [info] Got 1 sessions for ...
2024-12-28 19:13:21.703 [info] Got 1 sessions for ...
2024-12-28 19:13:21.703 [info] Got 1 sessions for ...
2024-12-28 19:13:21.703 [info] Got 1 sessions for ...
2024-12-28 19:13:21.703 [info] Got 1 sessions for ...
2024-12-28 19:13:21.703 [info] Got 1 sessions for ...
2024-12-28 19:13:23.688 [info] Getting sessions for all scopes...
2024-12-28 19:13:23.688 [info] Got 1 sessions for ...
2024-12-28 19:13:23.722 [info] Getting sessions for user:email...
2024-12-28 19:13:23.722 [info] Got 1 sessions for user:email...
2024-12-28 19:13:23.758 [info] Getting sessions for all scopes...
2024-12-28 19:13:23.758 [info] Got 1 sessions for ...
2024-12-28 19:13:24.618 [info] Getting sessions for read:user,repo,user:email,workflow...
2024-12-28 19:13:24.618 [info] Got 0 sessions for read:user,repo,user:email,workflow...
2024-12-28 19:13:24.709 [info] Getting sessions for all scopes...
2024-12-28 19:13:24.709 [info] Got 1 sessions for ...
2024-12-28 19:13:24.709 [info] Getting sessions for all scopes...
2024-12-28 19:13:24.709 [info] Got 1 sessions for ...
2024-12-28 19:13:24.853 [info] Getting sessions for project,read:org,read:user,repo,user:email,workflow...
2024-12-28 19:13:24.853 [info] Got 0 sessions for project,read:org,read:user,repo,user:email,workflow...
2024-12-28 19:13:24.926 [info] Getting sessions for read:user...
2024-12-28 19:13:24.926 [info] Got 0 sessions for read:user...
2024-12-28 19:13:24.934 [info] Getting sessions for read:user,repo,user:email,workflow...
2024-12-28 19:13:24.934 [info] Got 0 sessions for read:user,repo,user:email,workflow...
2024-12-28 19:13:25.065 [info] Getting sessions for read:user,repo,user:email,workflow...
2024-12-28 19:13:25.065 [info] Got 0 sessions for read:user,repo,user:email,workflow...
2024-12-28 19:13:25.299 [info] Getting sessions for user:email...
2024-12-28 19:13:25.299 [info] Got 1 sessions for user:email...
2024-12-28 19:13:25.342 [info] Getting sessions for user:email...
2024-12-28 19:13:25.342 [info] Got 1 sessions for user:email...
2024-12-28 19:13:25.383 [info] Getting sessions for read:user,repo,user:email...
2024-12-28 19:13:25.383 [info] Got 0 sessions for read:user,repo,user:email...
2024-12-28 19:13:25.406 [info] Getting sessions for all scopes...
2024-12-28 19:13:25.406 [info] Got 1 sessions for ...
2024-12-28 19:13:25.501 [info] Getting sessions for read:user,repo,user:email,workflow...
2024-12-28 19:13:25.501 [info] Got 0 sessions for read:user,repo,user:email,workflow...
2024-12-28 19:13:26.513 [info] Getting sessions for read:user,repo,user:email,workflow...
2024-12-28 19:13:26.513 [info] Got 0 sessions for read:user,repo,user:email,workflow...
2024-12-28 19:13:26.597 [info] Getting sessions for user:email...
2024-12-28 19:13:26.597 [info] Got 1 sessions for user:email...
2024-12-28 19:13:26.601 [info] Getting sessions for read:user,repo,user:email,workflow...
2024-12-28 19:13:26.601 [info] Got 0 sessions for read:user,repo,user:email,workflow...
2024-12-28 19:13:26.604 [info] Getting sessions for user:email...
2024-12-28 19:13:26.604 [info] Got 1 sessions for user:email...
2024-12-28 19:13:26.619 [info] Getting sessions for user:email...
2024-12-28 19:13:26.619 [info] Got 1 sessions for user:email...
2024-12-28 19:13:26.665 [info] Getting sessions for all scopes...
2024-12-28 19:13:26.665 [info] Got 1 sessions for ...
2024-12-28 19:13:26.676 [info] Getting sessions for read:user,repo,user:email,workflow...
2024-12-28 19:13:26.676 [info] Got 0 sessions for read:user,repo,user:email,workflow...
2024-12-28 19:13:26.677 [info] Getting sessions for user:email...
2024-12-28 19:13:26.677 [info] Got 1 sessions for user:email...
2024-12-28 19:13:27.158 [info] Getting sessions for read:user,repo,user:email,workflow...
2024-12-28 19:13:27.159 [info] Got 0 sessions for read:user,repo,user:email,workflow...
2024-12-28 19:13:27.167 [info] Getting sessions for all scopes...
2024-12-28 19:13:27.167 [info] Got 1 sessions for ...
2024-12-28 19:13:27.167 [info] Getting sessions for all scopes...
2024-12-28 19:13:27.167 [info] Got 1 sessions for ...
2024-12-28 19:13:27.177 [info] Getting sessions for read:user...
2024-12-28 19:13:27.177 [info] Got 0 sessions for read:user...
2024-12-28 19:13:27.177 [info] Getting sessions for read:user,repo,user:email,workflow...
2024-12-28 19:13:27.177 [info] Got 0 sessions for read:user,repo,user:email,workflow...
2024-12-28 19:13:27.177 [info] Getting sessions for user:email...
2024-12-28 19:13:27.177 [info] Got 1 sessions for user:email...
2024-12-28 19:13:27.183 [info] Getting sessions for user:email...
2024-12-28 19:13:27.183 [info] Got 1 sessions for user:email...
2024-12-28 19:13:27.185 [info] Getting sessions for all scopes...
2024-12-28 19:13:27.185 [info] Got 1 sessions for ...
2024-12-28 19:13:27.186 [info] Getting sessions for read:user,repo,user:email,workflow...
2024-12-28 19:13:27.186 [info] Got 0 sessions for read:user,repo,user:email,workflow...
2024-12-28 19:13:27.187 [info] Getting sessions for user:email...
2024-12-28 19:13:27.187 [info] Got 1 sessions for user:email...
2024-12-28 19:13:27.261 [info] Getting sessions for all scopes...
2024-12-28 19:13:27.261 [info] Got 1 sessions for ...
2024-12-28 19:13:27.266 [info] Getting sessions for read:user,repo,user:email,workflow...
2024-12-28 19:13:27.266 [info] Got 0 sessions for read:user,repo,user:email,workflow...
2024-12-28 19:13:27.267 [info] Getting sessions for user:email...
2024-12-28 19:13:27.267 [info] Got 1 sessions for user:email...
2024-12-28 19:13:27.901 [info] Getting sessions for all scopes...
2024-12-28 19:13:27.901 [info] Got 1 sessions for ...
2024-12-28 19:13:27.905 [info] Getting sessions for read:user,repo,user:email,workflow...
2024-12-28 19:13:27.905 [info] Got 0 sessions for read:user,repo,user:email,workflow...
2024-12-28 19:13:27.906 [info] Getting sessions for user:email...
2024-12-28 19:13:27.906 [info] Got 1 sessions for user:email...
