2024-12-28 22:44:26.802 [info] Resuming cloud changes, reason: cloud changes enabled...
2024-12-28 22:44:26.803 [info] Checking for pending cloud changes...
2024-12-28 22:44:26.803 [info] Searching for existing authentication session with ID 3f099676cc8602cf
2024-12-28 22:44:30.067 [info] Found existing authentication session with ID 3f099676cc8602cf
2024-12-28 22:44:30.145 [info] Aborting resuming edit session as no edit session content is available to be applied
2024-12-28 23:11:04.816 [info] Resuming cloud changes, reason: cloud changes enabled...
2024-12-28 23:11:04.816 [info] Checking for pending cloud changes...
2024-12-28 23:11:04.816 [info] Searching for existing authentication session with ID 3f099676cc8602cf
2024-12-28 23:11:08.682 [info] Found existing authentication session with ID 3f099676cc8602cf
2024-12-28 23:11:08.777 [info] Aborting resuming edit session as no edit session content is available to be applied
2024-12-28 23:11:23.491 [info] Resuming cloud changes, reason: cloud changes enabled...
2024-12-28 23:11:23.492 [info] Checking for pending cloud changes...
2024-12-28 23:11:23.492 [info] Searching for existing authentication session with ID 3f099676cc8602cf
2024-12-28 23:11:27.369 [info] Found existing authentication session with ID 3f099676cc8602cf
2024-12-28 23:11:27.407 [info] Aborting resuming edit session as no edit session content is available to be applied
2024-12-28 23:11:51.083 [info] Resuming cloud changes, reason: cloud changes enabled...
2024-12-28 23:11:51.083 [info] Checking for pending cloud changes...
2024-12-28 23:11:51.083 [info] Searching for existing authentication session with ID 3f099676cc8602cf
2024-12-28 23:11:54.924 [info] Found existing authentication session with ID 3f099676cc8602cf
2024-12-28 23:11:54.964 [info] Aborting resuming edit session as no edit session content is available to be applied
