[2024-Dec-28 19:16:34.572 +01:00][14001:14001][info ] Logging initialized
[2024-Dec-28 19:16:34.572 +01:00][14001:14001][info ] Initializing krisp SDK...
[2024-Dec-28 19:16:34.572 +01:00][14001:14001][info ] DoKrispInitialize
[2024-Dec-28 19:16:34.860 +01:00][14001:14001][info ] LoadDynamicKrisp
[2024-Dec-28 19:16:34.860 +01:00][14001:14001][info ] Did not find KRISP_DYLIB_PATH, skipping dynamic loading
[2024-Dec-28 19:16:34.860 +01:00][14001:14001][info ] Initializing Krisp SDK in PID 14001, addr 0x7ea042d906f0
[2024-Dec-28 19:16:35.032 +01:00][14001:14001][info ] Initialized Krisp SDK successfully
[2024-Dec-28 19:16:35.032 +01:00][14001:14001][info ] Krisp SDK initialized
[2024-Dec-28 19:16:50.019 +01:00][14001:14061][info ] KrispNCSetup: sampleRate = 48000, duration = 10
[2024-Dec-28 19:16:50.019 +01:00][14001:14061][info ] Setting Krisp model: full_NC
[2024-Dec-28 19:16:50.026 +01:00][14001:14061][info ] KrispVADSetup: sampleRate = 48000, duration = 10
[2024-Dec-28 19:26:32.684 +01:00][14482:14482][info ] Logging initialized
[2024-Dec-28 19:26:32.684 +01:00][14482:14482][info ] Initializing krisp SDK...
[2024-Dec-28 19:26:32.684 +01:00][14482:14482][info ] DoKrispInitialize
[2024-Dec-28 19:26:32.986 +01:00][14482:14482][info ] LoadDynamicKrisp
[2024-Dec-28 19:26:32.986 +01:00][14482:14482][info ] Did not find KRISP_DYLIB_PATH, skipping dynamic loading
[2024-Dec-28 19:26:32.986 +01:00][14482:14482][info ] Initializing Krisp SDK in PID 14482, addr 0x707a8a5906f0
[2024-Dec-28 19:26:33.150 +01:00][14482:14482][info ] Initialized Krisp SDK successfully
[2024-Dec-28 19:26:33.150 +01:00][14482:14482][info ] Krisp SDK initialized
[2024-Dec-28 19:26:39.992 +01:00][14482:14549][info ] KrispNCSetup: sampleRate = 48000, duration = 10
[2024-Dec-28 19:26:39.992 +01:00][14482:14549][info ] Setting Krisp model: full_NC
[2024-Dec-28 19:26:40.003 +01:00][14482:14549][info ] KrispVADSetup: sampleRate = 48000, duration = 10
[2024-Dec-28 22:44:43.019 +01:00][264067:264067][info ] Logging initialized
[2024-Dec-28 22:44:43.019 +01:00][264067:264067][info ] Initializing krisp SDK...
[2024-Dec-28 22:44:43.019 +01:00][264067:264067][info ] DoKrispInitialize
[2024-Dec-28 22:44:43.355 +01:00][264067:264067][info ] LoadDynamicKrisp
[2024-Dec-28 22:44:43.355 +01:00][264067:264067][info ] Did not find KRISP_DYLIB_PATH, skipping dynamic loading
[2024-Dec-28 22:44:43.355 +01:00][264067:264067][info ] Initializing Krisp SDK in PID 264067, addr 0x7ac021b906f0
[2024-Dec-28 22:44:43.548 +01:00][264067:264067][info ] Initialized Krisp SDK successfully
[2024-Dec-28 22:44:43.548 +01:00][264067:264067][info ] Krisp SDK initialized
