2024-12-28 23:11:23.123 [info] Reading sessions from keychain...
2024-12-28 23:11:23.123 [info] Getting sessions for all scopes...
2024-12-28 23:11:23.123 [info] Getting sessions for all scopes...
2024-12-28 23:11:23.123 [info] Got stored sessions!
2024-12-28 23:11:23.123 [info] Got 1 verified sessions.
2024-12-28 23:11:23.123 [info] Got 1 sessions for ...
2024-12-28 23:11:23.123 [info] Got 1 sessions for ...
2024-12-28 23:11:23.136 [info] Getting sessions for all scopes...
2024-12-28 23:11:23.136 [info] Got 1 sessions for ...
2024-12-28 23:11:23.136 [info] Getting sessions for all scopes...
2024-12-28 23:11:23.136 [info] Got 1 sessions for ...
2024-12-28 23:11:23.136 [info] Getting sessions for all scopes...
2024-12-28 23:11:23.136 [info] Got 1 sessions for ...
2024-12-28 23:11:23.137 [info] Getting sessions for all scopes...
2024-12-28 23:11:23.137 [info] Got 1 sessions for ...
2024-12-28 23:11:23.137 [info] Getting sessions for all scopes...
2024-12-28 23:11:23.137 [info] Got 1 sessions for ...
2024-12-28 23:11:23.295 [info] Getting sessions for user:email...
2024-12-28 23:11:23.295 [info] Got 1 sessions for user:email...
2024-12-28 23:11:25.601 [info] Getting sessions for all scopes...
2024-12-28 23:11:25.601 [info] Got 1 sessions for ...
2024-12-28 23:11:25.974 [info] Getting sessions for read:user,repo,user:email,workflow...
2024-12-28 23:11:25.974 [info] Got 0 sessions for read:user,repo,user:email,workflow...
2024-12-28 23:11:25.975 [info] Getting sessions for all scopes...
2024-12-28 23:11:25.975 [info] Got 1 sessions for ...
2024-12-28 23:11:25.975 [info] Getting sessions for all scopes...
2024-12-28 23:11:25.975 [info] Got 1 sessions for ...
2024-12-28 23:11:25.999 [info] Getting sessions for project,read:org,read:user,repo,user:email,workflow...
2024-12-28 23:11:25.999 [info] Got 0 sessions for project,read:org,read:user,repo,user:email,workflow...
2024-12-28 23:11:26.022 [info] Getting sessions for read:user...
2024-12-28 23:11:26.022 [info] Got 0 sessions for read:user...
2024-12-28 23:11:26.022 [info] Getting sessions for read:user,repo,user:email,workflow...
2024-12-28 23:11:26.022 [info] Got 0 sessions for read:user,repo,user:email,workflow...
2024-12-28 23:11:26.081 [info] Getting sessions for read:user,repo,user:email,workflow...
2024-12-28 23:11:26.081 [info] Got 0 sessions for read:user,repo,user:email,workflow...
2024-12-28 23:11:26.085 [info] Getting sessions for user:email...
2024-12-28 23:11:26.085 [info] Got 1 sessions for user:email...
2024-12-28 23:11:26.086 [info] Getting sessions for user:email...
2024-12-28 23:11:26.086 [info] Got 1 sessions for user:email...
2024-12-28 23:11:26.201 [info] Getting sessions for read:user,repo,user:email...
2024-12-28 23:11:26.201 [info] Got 0 sessions for read:user,repo,user:email...
2024-12-28 23:11:26.415 [info] Getting sessions for all scopes...
2024-12-28 23:11:26.415 [info] Got 1 sessions for ...
2024-12-28 23:11:26.506 [info] Getting sessions for read:user,repo,user:email,workflow...
2024-12-28 23:11:26.506 [info] Got 0 sessions for read:user,repo,user:email,workflow...
2024-12-28 23:11:27.337 [info] Getting sessions for user:email...
2024-12-28 23:11:27.337 [info] Got 1 sessions for user:email...
2024-12-28 23:11:27.356 [info] Getting sessions for read:user,repo,user:email,workflow...
2024-12-28 23:11:27.356 [info] Got 0 sessions for read:user,repo,user:email,workflow...
2024-12-28 23:11:27.369 [info] Getting sessions for user:email...
2024-12-28 23:11:27.369 [info] Got 1 sessions for user:email...
2024-12-28 23:11:27.392 [info] Getting sessions for user:email...
2024-12-28 23:11:27.392 [info] Got 1 sessions for user:email...
2024-12-28 23:11:27.392 [info] Getting sessions for read:user,repo,user:email,workflow...
2024-12-28 23:11:27.392 [info] Got 0 sessions for read:user,repo,user:email,workflow...
2024-12-28 23:11:27.407 [info] Getting sessions for all scopes...
2024-12-28 23:11:27.407 [info] Got 1 sessions for ...
2024-12-28 23:11:27.408 [info] Getting sessions for read:user,repo,user:email,workflow...
2024-12-28 23:11:27.408 [info] Got 0 sessions for read:user,repo,user:email,workflow...
2024-12-28 23:11:27.409 [info] Getting sessions for user:email...
2024-12-28 23:11:27.409 [info] Got 1 sessions for user:email...
2024-12-28 23:11:27.820 [info] Getting sessions for all scopes...
2024-12-28 23:11:27.820 [info] Got 1 sessions for ...
2024-12-28 23:11:27.821 [info] Getting sessions for all scopes...
2024-12-28 23:11:27.821 [info] Got 1 sessions for ...
2024-12-28 23:11:27.821 [info] Getting sessions for read:user,repo,user:email,workflow...
2024-12-28 23:11:27.821 [info] Got 0 sessions for read:user,repo,user:email,workflow...
2024-12-28 23:11:27.822 [info] Getting sessions for user:email...
2024-12-28 23:11:27.822 [info] Got 1 sessions for user:email...
2024-12-28 23:11:27.823 [info] Getting sessions for all scopes...
2024-12-28 23:11:27.823 [info] Got 1 sessions for ...
2024-12-28 23:11:27.824 [info] Getting sessions for read:user,repo,user:email,workflow...
2024-12-28 23:11:27.824 [info] Got 0 sessions for read:user,repo,user:email,workflow...
2024-12-28 23:11:27.824 [info] Getting sessions for user:email...
2024-12-28 23:11:27.824 [info] Got 1 sessions for user:email...
2024-12-28 23:11:27.892 [info] Getting sessions for all scopes...
2024-12-28 23:11:27.892 [info] Got 1 sessions for ...
2024-12-28 23:11:27.894 [info] Getting sessions for read:user,repo,user:email,workflow...
2024-12-28 23:11:27.894 [info] Got 0 sessions for read:user,repo,user:email,workflow...
2024-12-28 23:11:27.895 [info] Getting sessions for user:email...
2024-12-28 23:11:27.895 [info] Got 1 sessions for user:email...
2024-12-28 23:11:27.933 [info] Getting sessions for read:user,repo,user:email,workflow...
2024-12-28 23:11:27.933 [info] Got 0 sessions for read:user,repo,user:email,workflow...
2024-12-28 23:11:27.933 [info] Getting sessions for read:user...
2024-12-28 23:11:27.933 [info] Got 0 sessions for read:user...
2024-12-28 23:11:27.934 [info] Getting sessions for user:email...
2024-12-28 23:11:27.934 [info] Got 1 sessions for user:email...
2024-12-28 23:11:28.222 [info] Getting sessions for all scopes...
2024-12-28 23:11:28.222 [info] Got 1 sessions for ...
2024-12-28 23:11:28.225 [info] Getting sessions for read:user,repo,user:email,workflow...
2024-12-28 23:11:28.225 [info] Got 0 sessions for read:user,repo,user:email,workflow...
2024-12-28 23:11:28.225 [info] Getting sessions for user:email...
2024-12-28 23:11:28.225 [info] Got 1 sessions for user:email...
