2024-12-28 23:11:51.031 [info] [main] Log level: Info
2024-12-28 23:11:51.031 [info] [main] Validating found git in: "git"
2024-12-28 23:11:51.031 [info] [main] Using git "2.47.1" from "git"
2024-12-28 23:11:51.031 [info] [Model][doInitialScan] Initial repository scan started
2024-12-28 23:11:51.031 [info] > git rev-parse --show-toplevel [6ms]
2024-12-28 23:11:51.031 [info] fatal: not a git repository (or any of the parent directories): .git
2024-12-28 23:11:51.038 [info] > git rev-parse --show-toplevel [1ms]
2024-12-28 23:11:51.038 [info] fatal: not a git repository (or any of the parent directories): .git
2024-12-28 23:11:51.043 [info] > git rev-parse --show-toplevel [1ms]
2024-12-28 23:11:51.044 [info] fatal: not a git repository (or any of the parent directories): .git
2024-12-28 23:11:51.049 [info] > git rev-parse --show-toplevel [1ms]
2024-12-28 23:11:51.049 [info] fatal: not a git repository (or any of the parent directories): .git
2024-12-28 23:11:51.056 [info] > git rev-parse --show-toplevel [2ms]
2024-12-28 23:11:51.056 [info] fatal: not a git repository (or any of the parent directories): .git
2024-12-28 23:11:52.589 [info] > git rev-parse --show-toplevel [1523ms]
2024-12-28 23:11:52.589 [info] fatal: not a git repository (or any of the parent directories): .git
2024-12-28 23:11:53.469 [info] > git rev-parse --show-toplevel [419ms]
2024-12-28 23:11:53.470 [info] fatal: not a git repository (or any of the parent directories): .git
2024-12-28 23:11:53.472 [info] [Model][doInitialScan] Initial repository scan completed - repositories (0), closed repositories (0), parent repositories (0), unsafe repositories (0)
2024-12-28 23:11:53.591 [info] > git rev-parse --show-toplevel [14ms]
2024-12-28 23:11:53.591 [info] fatal: not a git repository (or any of the parent directories): .git
2024-12-28 23:11:53.610 [info] > git rev-parse --show-toplevel [2ms]
2024-12-28 23:11:53.610 [info] fatal: not a git repository (or any of the parent directories): .git
2024-12-28 23:13:46.367 [info] > git rev-parse --show-toplevel [1ms]
2024-12-28 23:13:46.367 [info] fatal: not a git repository (or any of the parent directories): .git
2024-12-28 23:13:48.228 [info] > git rev-parse --show-toplevel [3ms]
2024-12-28 23:13:48.228 [info] fatal: not a git repository (or any of the parent directories): .git
2024-12-28 23:15:45.722 [info] > git rev-parse --show-toplevel [1ms]
2024-12-28 23:15:45.722 [info] fatal: not a git repository (or any of the parent directories): .git
2024-12-28 23:15:46.651 [info] > git rev-parse --show-toplevel [3ms]
2024-12-28 23:15:46.651 [info] fatal: not a git repository (or any of the parent directories): .git
2024-12-28 23:15:47.348 [info] > git rev-parse --show-toplevel [3ms]
2024-12-28 23:15:47.348 [info] fatal: not a git repository (or any of the parent directories): .git
2024-12-28 23:15:47.977 [info] > git rev-parse --show-toplevel [2ms]
2024-12-28 23:15:47.977 [info] fatal: not a git repository (or any of the parent directories): .git
2024-12-28 23:15:55.980 [info] > git rev-parse --show-toplevel [3ms]
2024-12-28 23:15:55.980 [info] fatal: not a git repository (or any of the parent directories): .git
2024-12-28 23:17:30.934 [info] > git rev-parse --show-toplevel [3ms]
2024-12-28 23:17:30.934 [info] fatal: not a git repository (or any of the parent directories): .git
2024-12-28 23:17:59.714 [info] > git rev-parse --show-toplevel [3ms]
2024-12-28 23:17:59.714 [info] fatal: not a git repository (or any of the parent directories): .git
2024-12-28 23:18:00.132 [info] > git rev-parse --show-toplevel [2ms]
2024-12-28 23:18:00.132 [info] fatal: not a git repository (or any of the parent directories): .git
2024-12-28 23:18:01.355 [info] > git rev-parse --show-toplevel [5ms]
2024-12-28 23:18:01.355 [info] fatal: not a git repository (or any of the parent directories): .git
2024-12-28 23:18:02.502 [info] > git rev-parse --show-toplevel [3ms]
2024-12-28 23:18:02.502 [info] fatal: not a git repository (or any of the parent directories): .git
2024-12-28 23:18:08.145 [info] > git rev-parse --show-toplevel [2ms]
2024-12-28 23:18:08.145 [info] fatal: not a git repository (or any of the parent directories): .git
2024-12-28 23:18:53.850 [info] > git rev-parse --show-toplevel [1ms]
2024-12-28 23:18:53.850 [info] fatal: not a git repository (or any of the parent directories): .git
2024-12-28 23:20:44.164 [info] > git rev-parse --show-toplevel [1ms]
2024-12-28 23:20:44.164 [info] fatal: not a git repository (or any of the parent directories): .git
2024-12-28 23:20:45.129 [info] > git rev-parse --show-toplevel [3ms]
2024-12-28 23:20:45.129 [info] fatal: not a git repository (or any of the parent directories): .git
2024-12-28 23:20:47.451 [info] > git rev-parse --show-toplevel [3ms]
2024-12-28 23:20:47.451 [info] fatal: not a git repository (or any of the parent directories): .git
2024-12-28 23:21:25.761 [info] > git rev-parse --show-toplevel [2ms]
2024-12-28 23:21:25.761 [info] fatal: not a git repository (or any of the parent directories): .git
2024-12-28 23:21:26.959 [info] > git rev-parse --show-toplevel [2ms]
2024-12-28 23:21:26.959 [info] fatal: not a git repository (or any of the parent directories): .git
2024-12-28 23:21:27.774 [info] > git rev-parse --show-toplevel [2ms]
2024-12-28 23:21:27.774 [info] fatal: not a git repository (or any of the parent directories): .git
2024-12-28 23:21:28.277 [info] > git rev-parse --show-toplevel [2ms]
2024-12-28 23:21:28.277 [info] fatal: not a git repository (or any of the parent directories): .git
2024-12-28 23:21:28.801 [info] > git rev-parse --show-toplevel [2ms]
2024-12-28 23:21:28.801 [info] fatal: not a git repository (or any of the parent directories): .git
2024-12-28 23:23:30.381 [info] > git rev-parse --show-toplevel [3ms]
2024-12-28 23:23:30.381 [info] fatal: not a git repository (or any of the parent directories): .git
2024-12-28 23:23:43.844 [info] > git rev-parse --show-toplevel [2ms]
2024-12-28 23:23:43.844 [info] fatal: not a git repository (or any of the parent directories): .git
2024-12-28 23:23:55.928 [info] > git rev-parse --show-toplevel [3ms]
2024-12-28 23:23:55.928 [info] fatal: not a git repository (or any of the parent directories): .git
2024-12-28 23:24:01.212 [info] > git rev-parse --show-toplevel [2ms]
2024-12-28 23:24:01.212 [info] fatal: not a git repository (or any of the parent directories): .git
2024-12-28 23:24:58.390 [info] > git rev-parse --show-toplevel [3ms]
2024-12-28 23:24:58.390 [info] fatal: not a git repository (or any of the parent directories): .git
2024-12-28 23:25:00.053 [info] > git rev-parse --show-toplevel [2ms]
2024-12-28 23:25:00.053 [info] fatal: not a git repository (or any of the parent directories): .git
2024-12-28 23:25:19.564 [info] > git rev-parse --show-toplevel [2ms]
2024-12-28 23:25:19.564 [info] fatal: not a git repository (or any of the parent directories): .git
2024-12-28 23:25:22.471 [info] > git rev-parse --show-toplevel [2ms]
2024-12-28 23:25:22.471 [info] fatal: not a git repository (or any of the parent directories): .git
2024-12-28 23:25:23.193 [info] > git rev-parse --show-toplevel [3ms]
2024-12-28 23:25:23.193 [info] fatal: not a git repository (or any of the parent directories): .git
2024-12-28 23:25:25.468 [info] > git rev-parse --show-toplevel [2ms]
2024-12-28 23:25:25.468 [info] fatal: not a git repository (or any of the parent directories): .git
2024-12-28 23:25:55.103 [info] > git rev-parse --show-toplevel [2ms]
2024-12-28 23:25:55.103 [info] fatal: not a git repository (or any of the parent directories): .git
2024-12-28 23:28:15.883 [info] > git rev-parse --show-toplevel [2ms]
2024-12-28 23:28:15.883 [info] fatal: not a git repository (or any of the parent directories): .git
2024-12-28 23:28:28.738 [info] > git rev-parse --show-toplevel [3ms]
2024-12-28 23:28:28.738 [info] fatal: not a git repository (or any of the parent directories): .git
2024-12-28 23:28:33.753 [info] > git rev-parse --show-toplevel [3ms]
2024-12-28 23:28:33.753 [info] fatal: not a git repository (or any of the parent directories): .git
2024-12-28 23:29:11.995 [info] > git rev-parse --show-toplevel [3ms]
2024-12-28 23:29:11.995 [info] fatal: not a git repository (or any of the parent directories): .git
2024-12-28 23:29:13.565 [info] > git rev-parse --show-toplevel [2ms]
2024-12-28 23:29:13.565 [info] fatal: not a git repository (or any of the parent directories): .git
2024-12-28 23:29:56.802 [info] > git rev-parse --show-toplevel [2ms]
2024-12-28 23:29:56.802 [info] fatal: not a git repository (or any of the parent directories): .git
2024-12-28 23:38:15.128 [info] > git rev-parse --show-toplevel [3ms]
2024-12-28 23:38:15.128 [info] fatal: not a git repository (or any of the parent directories): .git
2024-12-28 23:38:22.648 [info] > git rev-parse --show-toplevel [4ms]
2024-12-28 23:38:22.648 [info] fatal: not a git repository (or any of the parent directories): .git
2024-12-28 23:40:12.658 [info] > git rev-parse --show-toplevel [2ms]
2024-12-28 23:40:12.658 [info] fatal: not a git repository (or any of the parent directories): .git
2024-12-28 23:40:13.038 [info] > git rev-parse --show-toplevel [3ms]
2024-12-28 23:40:13.038 [info] fatal: not a git repository (or any of the parent directories): .git
2024-12-28 23:40:14.365 [info] > git rev-parse --show-toplevel [2ms]
2024-12-28 23:40:14.365 [info] fatal: not a git repository (or any of the parent directories): .git
2024-12-28 23:40:17.066 [info] > git rev-parse --show-toplevel [2ms]
2024-12-28 23:40:17.066 [info] fatal: not a git repository (or any of the parent directories): .git
2024-12-28 23:40:17.436 [info] > git rev-parse --show-toplevel [3ms]
2024-12-28 23:40:17.436 [info] fatal: not a git repository (or any of the parent directories): .git
2024-12-28 23:40:26.287 [info] > git rev-parse --show-toplevel [2ms]
2024-12-28 23:40:26.287 [info] fatal: not a git repository (or any of the parent directories): .git
2024-12-28 23:40:28.512 [info] > git rev-parse --show-toplevel [3ms]
2024-12-28 23:40:28.512 [info] fatal: not a git repository (or any of the parent directories): .git
2024-12-28 23:40:29.625 [info] > git rev-parse --show-toplevel [3ms]
2024-12-28 23:40:29.625 [info] fatal: not a git repository (or any of the parent directories): .git
2024-12-28 23:40:30.919 [info] > git rev-parse --show-toplevel [2ms]
2024-12-28 23:40:30.919 [info] fatal: not a git repository (or any of the parent directories): .git
2024-12-28 23:41:51.455 [info] > git rev-parse --show-toplevel [2ms]
2024-12-28 23:41:51.455 [info] fatal: not a git repository (or any of the parent directories): .git
2024-12-28 23:42:09.013 [info] > git rev-parse --show-toplevel [3ms]
2024-12-28 23:42:09.014 [info] fatal: not a git repository (or any of the parent directories): .git
2024-12-28 23:43:27.618 [info] > git rev-parse --show-toplevel [3ms]
2024-12-28 23:43:27.618 [info] fatal: not a git repository (or any of the parent directories): .git
2024-12-28 23:43:28.429 [info] > git rev-parse --show-toplevel [3ms]
2024-12-28 23:43:28.429 [info] fatal: not a git repository (or any of the parent directories): .git
2024-12-28 23:45:59.650 [info] > git rev-parse --show-toplevel [4ms]
2024-12-28 23:45:59.650 [info] fatal: not a git repository (or any of the parent directories): .git
2024-12-28 23:46:02.559 [info] > git rev-parse --show-toplevel [1ms]
2024-12-28 23:46:02.559 [info] fatal: not a git repository (or any of the parent directories): .git
2024-12-28 23:46:03.165 [info] > git rev-parse --show-toplevel [2ms]
2024-12-28 23:46:03.165 [info] fatal: not a git repository (or any of the parent directories): .git
2024-12-28 23:46:03.634 [info] > git rev-parse --show-toplevel [3ms]
2024-12-28 23:46:03.634 [info] fatal: not a git repository (or any of the parent directories): .git
2024-12-28 23:46:04.612 [info] > git rev-parse --show-toplevel [2ms]
2024-12-28 23:46:04.612 [info] fatal: not a git repository (or any of the parent directories): .git
2024-12-28 23:46:05.221 [info] > git rev-parse --show-toplevel [2ms]
2024-12-28 23:46:05.221 [info] fatal: not a git repository (or any of the parent directories): .git
2024-12-28 23:46:05.571 [info] > git rev-parse --show-toplevel [2ms]
2024-12-28 23:46:05.571 [info] fatal: not a git repository (or any of the parent directories): .git
2024-12-28 23:46:11.151 [info] > git rev-parse --show-toplevel [2ms]
2024-12-28 23:46:11.151 [info] fatal: not a git repository (or any of the parent directories): .git
2024-12-28 23:46:21.254 [info] > git rev-parse --show-toplevel [2ms]
2024-12-28 23:46:21.254 [info] fatal: not a git repository (or any of the parent directories): .git
2024-12-28 23:46:23.235 [info] > git rev-parse --show-toplevel [3ms]
2024-12-28 23:46:23.235 [info] fatal: not a git repository (or any of the parent directories): .git
2024-12-28 23:46:24.201 [info] > git rev-parse --show-toplevel [1ms]
2024-12-28 23:46:24.201 [info] fatal: not a git repository (or any of the parent directories): .git
2024-12-28 23:46:26.262 [info] > git rev-parse --show-toplevel [2ms]
2024-12-28 23:46:26.262 [info] fatal: not a git repository (or any of the parent directories): .git
2024-12-28 23:47:20.018 [info] > git rev-parse --show-toplevel [3ms]
2024-12-28 23:47:20.018 [info] fatal: not a git repository (or any of the parent directories): .git
2024-12-28 23:51:38.066 [info] > git rev-parse --show-toplevel [2ms]
2024-12-28 23:51:38.066 [info] fatal: not a git repository (or any of the parent directories): .git
2024-12-28 23:51:38.974 [info] > git rev-parse --show-toplevel [3ms]
2024-12-28 23:51:38.974 [info] fatal: not a git repository (or any of the parent directories): .git
2024-12-28 23:53:49.534 [info] > git rev-parse --show-toplevel [2ms]
2024-12-28 23:53:49.534 [info] fatal: not a git repository (or any of the parent directories): .git
2024-12-28 23:53:56.241 [info] > git rev-parse --show-toplevel [2ms]
2024-12-28 23:53:56.241 [info] fatal: not a git repository (or any of the parent directories): .git
2024-12-28 23:53:59.025 [info] > git rev-parse --show-toplevel [3ms]
2024-12-28 23:53:59.025 [info] fatal: not a git repository (or any of the parent directories): .git
2024-12-28 23:58:22.137 [info] > git rev-parse --show-toplevel [3ms]
2024-12-28 23:58:22.137 [info] fatal: not a git repository (or any of the parent directories): .git
2024-12-28 23:59:09.783 [info] > git rev-parse --show-toplevel [3ms]
2024-12-28 23:59:09.783 [info] fatal: not a git repository (or any of the parent directories): .git
2024-12-29 00:00:30.413 [info] > git rev-parse --show-toplevel [2ms]
2024-12-29 00:00:30.413 [info] fatal: not a git repository (or any of the parent directories): .git
2024-12-29 00:00:53.236 [info] > git rev-parse --show-toplevel [2ms]
2024-12-29 00:00:53.236 [info] fatal: not a git repository (or any of the parent directories): .git
2024-12-29 00:00:59.954 [info] > git rev-parse --show-toplevel [2ms]
2024-12-29 00:00:59.954 [info] fatal: not a git repository (or any of the parent directories): .git
2024-12-29 00:01:26.938 [info] > git rev-parse --show-toplevel [2ms]
2024-12-29 00:01:26.938 [info] fatal: not a git repository (or any of the parent directories): .git
2024-12-29 00:01:57.026 [info] > git rev-parse --show-toplevel [2ms]
2024-12-29 00:01:57.026 [info] fatal: not a git repository (or any of the parent directories): .git
2024-12-29 00:02:20.593 [info] > git rev-parse --show-toplevel [4ms]
2024-12-29 00:02:20.593 [info] fatal: not a git repository (or any of the parent directories): .git
2024-12-29 00:02:21.817 [info] > git rev-parse --show-toplevel [4ms]
2024-12-29 00:02:21.817 [info] fatal: not a git repository (or any of the parent directories): .git
2024-12-29 00:02:23.796 [info] > git rev-parse --show-toplevel [3ms]
2024-12-29 00:02:23.796 [info] fatal: not a git repository (or any of the parent directories): .git
2024-12-29 00:09:25.510 [info] > git rev-parse --show-toplevel [2ms]
2024-12-29 00:09:25.510 [info] fatal: not a git repository (or any of the parent directories): .git
2024-12-29 00:09:29.798 [info] > git rev-parse --show-toplevel [2ms]
2024-12-29 00:09:29.798 [info] fatal: not a git repository (or any of the parent directories): .git
2024-12-29 00:09:49.850 [info] > git rev-parse --show-toplevel [2ms]
2024-12-29 00:09:49.850 [info] fatal: not a git repository (or any of the parent directories): .git
2024-12-29 00:09:54.639 [info] > git rev-parse --show-toplevel [3ms]
2024-12-29 00:09:54.639 [info] fatal: not a git repository (or any of the parent directories): .git
2024-12-29 00:09:59.514 [info] > git rev-parse --show-toplevel [4ms]
2024-12-29 00:09:59.514 [info] fatal: not a git repository (or any of the parent directories): .git
2024-12-29 00:10:01.761 [info] > git rev-parse --show-toplevel [2ms]
2024-12-29 00:10:01.761 [info] fatal: not a git repository (or any of the parent directories): .git
2024-12-29 00:10:57.628 [info] > git rev-parse --show-toplevel [3ms]
2024-12-29 00:10:57.628 [info] fatal: not a git repository (or any of the parent directories): .git
2024-12-29 00:12:18.064 [info] > git rev-parse --show-toplevel [3ms]
2024-12-29 00:12:18.064 [info] fatal: not a git repository (or any of the parent directories): .git
2024-12-29 00:12:18.976 [info] > git rev-parse --show-toplevel [3ms]
2024-12-29 00:12:18.976 [info] fatal: not a git repository (or any of the parent directories): .git
2024-12-29 00:12:19.708 [info] > git rev-parse --show-toplevel [2ms]
2024-12-29 00:12:19.708 [info] fatal: not a git repository (or any of the parent directories): .git
2024-12-29 00:12:20.970 [info] > git rev-parse --show-toplevel [2ms]
2024-12-29 00:12:20.970 [info] fatal: not a git repository (or any of the parent directories): .git
2024-12-29 00:12:21.980 [info] > git rev-parse --show-toplevel [2ms]
2024-12-29 00:12:21.980 [info] fatal: not a git repository (or any of the parent directories): .git
2024-12-29 00:12:22.567 [info] > git rev-parse --show-toplevel [2ms]
2024-12-29 00:12:22.567 [info] fatal: not a git repository (or any of the parent directories): .git
2024-12-29 00:12:22.912 [info] > git rev-parse --show-toplevel [3ms]
2024-12-29 00:12:22.912 [info] fatal: not a git repository (or any of the parent directories): .git
2024-12-29 00:12:23.295 [info] > git rev-parse --show-toplevel [2ms]
2024-12-29 00:12:23.295 [info] fatal: not a git repository (or any of the parent directories): .git
2024-12-29 00:12:26.707 [info] > git rev-parse --show-toplevel [2ms]
2024-12-29 00:12:26.707 [info] fatal: not a git repository (or any of the parent directories): .git
2024-12-29 00:12:42.443 [info] > git rev-parse --show-toplevel [3ms]
2024-12-29 00:12:42.443 [info] fatal: not a git repository (or any of the parent directories): .git
2024-12-29 00:14:57.102 [info] > git rev-parse --show-toplevel [4ms]
2024-12-29 00:14:57.102 [info] fatal: not a git repository (or any of the parent directories): .git
2024-12-29 00:15:06.657 [info] > git rev-parse --show-toplevel [2ms]
2024-12-29 00:15:06.657 [info] fatal: not a git repository (or any of the parent directories): .git
2024-12-29 00:15:10.035 [info] > git rev-parse --show-toplevel [3ms]
2024-12-29 00:15:10.035 [info] fatal: not a git repository (or any of the parent directories): .git
2024-12-29 00:15:26.064 [info] > git rev-parse --show-toplevel [3ms]
2024-12-29 00:15:26.064 [info] fatal: not a git repository (or any of the parent directories): .git
2024-12-29 00:15:41.037 [info] > git rev-parse --show-toplevel [3ms]
2024-12-29 00:15:41.037 [info] fatal: not a git repository (or any of the parent directories): .git
2024-12-29 00:17:22.277 [info] > git rev-parse --show-toplevel [3ms]
2024-12-29 00:17:22.277 [info] fatal: not a git repository (or any of the parent directories): .git
2024-12-29 00:17:31.370 [info] > git rev-parse --show-toplevel [3ms]
2024-12-29 00:17:31.370 [info] fatal: not a git repository (or any of the parent directories): .git
2024-12-29 00:20:46.412 [info] > git rev-parse --show-toplevel [2ms]
2024-12-29 00:20:46.412 [info] fatal: not a git repository (or any of the parent directories): .git
2024-12-29 00:20:55.216 [info] > git rev-parse --show-toplevel [2ms]
2024-12-29 00:20:55.216 [info] fatal: not a git repository (or any of the parent directories): .git
2024-12-29 00:20:59.533 [info] > git rev-parse --show-toplevel [3ms]
2024-12-29 00:20:59.533 [info] fatal: not a git repository (or any of the parent directories): .git
2024-12-29 00:21:08.770 [info] > git rev-parse --show-toplevel [2ms]
2024-12-29 00:21:08.770 [info] fatal: not a git repository (or any of the parent directories): .git
2024-12-29 00:21:12.117 [info] > git rev-parse --show-toplevel [3ms]
2024-12-29 00:21:12.117 [info] fatal: not a git repository (or any of the parent directories): .git
2024-12-29 00:21:13.352 [info] > git rev-parse --show-toplevel [4ms]
2024-12-29 00:21:13.352 [info] fatal: not a git repository (or any of the parent directories): .git
2024-12-29 00:21:13.991 [info] > git rev-parse --show-toplevel [2ms]
2024-12-29 00:21:13.991 [info] fatal: not a git repository (or any of the parent directories): .git
2024-12-29 00:21:17.209 [info] > git rev-parse --show-toplevel [2ms]
2024-12-29 00:21:17.209 [info] fatal: not a git repository (or any of the parent directories): .git
2024-12-29 00:21:18.185 [info] > git rev-parse --show-toplevel [2ms]
2024-12-29 00:21:18.185 [info] fatal: not a git repository (or any of the parent directories): .git
2024-12-29 00:21:19.091 [info] > git rev-parse --show-toplevel [2ms]
2024-12-29 00:21:19.091 [info] fatal: not a git repository (or any of the parent directories): .git
2024-12-29 00:21:19.603 [info] > git rev-parse --show-toplevel [2ms]
2024-12-29 00:21:19.603 [info] fatal: not a git repository (or any of the parent directories): .git
2024-12-29 00:21:20.408 [info] > git rev-parse --show-toplevel [4ms]
2024-12-29 00:21:20.408 [info] fatal: not a git repository (or any of the parent directories): .git
2024-12-29 00:21:20.953 [info] > git rev-parse --show-toplevel [2ms]
2024-12-29 00:21:20.953 [info] fatal: not a git repository (or any of the parent directories): .git
2024-12-29 00:21:23.647 [info] > git rev-parse --show-toplevel [2ms]
2024-12-29 00:21:23.647 [info] fatal: not a git repository (or any of the parent directories): .git
2024-12-29 00:21:24.926 [info] > git rev-parse --show-toplevel [2ms]
2024-12-29 00:21:24.926 [info] fatal: not a git repository (or any of the parent directories): .git
2024-12-29 00:21:27.733 [info] > git rev-parse --show-toplevel [3ms]
2024-12-29 00:21:27.733 [info] fatal: not a git repository (or any of the parent directories): .git
2024-12-29 00:21:34.090 [info] > git rev-parse --show-toplevel [2ms]
2024-12-29 00:21:34.090 [info] fatal: not a git repository (or any of the parent directories): .git
2024-12-29 00:21:39.944 [info] > git rev-parse --show-toplevel [2ms]
2024-12-29 00:21:39.944 [info] fatal: not a git repository (or any of the parent directories): .git
2024-12-29 00:21:53.109 [info] > git rev-parse --show-toplevel [4ms]
2024-12-29 00:21:53.109 [info] fatal: not a git repository (or any of the parent directories): .git
2024-12-29 00:21:56.870 [info] > git rev-parse --show-toplevel [2ms]
2024-12-29 00:21:56.870 [info] fatal: not a git repository (or any of the parent directories): .git
2024-12-29 00:21:57.362 [info] > git rev-parse --show-toplevel [3ms]
2024-12-29 00:21:57.371 [info] fatal: not a git repository (or any of the parent directories): .git
2024-12-29 00:21:57.655 [info] > git rev-parse --show-toplevel [3ms]
2024-12-29 00:21:57.655 [info] fatal: not a git repository (or any of the parent directories): .git
2024-12-29 00:21:58.616 [info] > git rev-parse --show-toplevel [3ms]
2024-12-29 00:21:58.616 [info] fatal: not a git repository (or any of the parent directories): .git
2024-12-29 00:21:59.785 [info] > git rev-parse --show-toplevel [3ms]
2024-12-29 00:21:59.785 [info] fatal: not a git repository (or any of the parent directories): .git
2024-12-29 00:22:01.299 [info] > git rev-parse --show-toplevel [3ms]
2024-12-29 00:22:01.299 [info] fatal: not a git repository (or any of the parent directories): .git
2024-12-29 00:22:04.670 [info] > git rev-parse --show-toplevel [2ms]
2024-12-29 00:22:04.670 [info] fatal: not a git repository (or any of the parent directories): .git
2024-12-29 00:22:13.571 [info] > git rev-parse --show-toplevel [3ms]
2024-12-29 00:22:13.571 [info] fatal: not a git repository (or any of the parent directories): .git
2024-12-29 00:22:14.601 [info] > git rev-parse --show-toplevel [2ms]
2024-12-29 00:22:14.601 [info] fatal: not a git repository (or any of the parent directories): .git
2024-12-29 00:22:16.008 [info] > git rev-parse --show-toplevel [2ms]
2024-12-29 00:22:16.008 [info] fatal: not a git repository (or any of the parent directories): .git
2024-12-29 00:22:57.039 [info] > git rev-parse --show-toplevel [2ms]
2024-12-29 00:22:57.039 [info] fatal: not a git repository (or any of the parent directories): .git
2024-12-29 00:24:27.905 [info] > git rev-parse --show-toplevel [2ms]
2024-12-29 00:24:27.905 [info] fatal: not a git repository (or any of the parent directories): .git
2024-12-29 00:24:29.918 [info] > git rev-parse --show-toplevel [3ms]
2024-12-29 00:24:29.918 [info] fatal: not a git repository (or any of the parent directories): .git
2024-12-29 00:26:13.227 [info] > git rev-parse --show-toplevel [2ms]
2024-12-29 00:26:13.227 [info] fatal: not a git repository (or any of the parent directories): .git
2024-12-29 00:26:43.696 [info] > git rev-parse --show-toplevel [4ms]
2024-12-29 00:26:43.696 [info] fatal: not a git repository (or any of the parent directories): .git
2024-12-29 00:26:46.034 [info] > git rev-parse --show-toplevel [4ms]
2024-12-29 00:26:46.034 [info] fatal: not a git repository (or any of the parent directories): .git
2024-12-29 00:26:47.019 [info] > git rev-parse --show-toplevel [2ms]
2024-12-29 00:26:47.019 [info] fatal: not a git repository (or any of the parent directories): .git
2024-12-29 00:26:47.648 [info] > git rev-parse --show-toplevel [3ms]
2024-12-29 00:26:47.648 [info] fatal: not a git repository (or any of the parent directories): .git
2024-12-29 00:26:48.467 [info] > git rev-parse --show-toplevel [3ms]
2024-12-29 00:26:48.467 [info] fatal: not a git repository (or any of the parent directories): .git
2024-12-29 00:27:24.627 [info] > git rev-parse --show-toplevel [1ms]
2024-12-29 00:27:24.627 [info] fatal: not a git repository (or any of the parent directories): .git
2024-12-29 00:27:26.193 [info] > git rev-parse --show-toplevel [2ms]
2024-12-29 00:27:26.193 [info] fatal: not a git repository (or any of the parent directories): .git
2024-12-29 00:27:28.308 [info] > git rev-parse --show-toplevel [3ms]
2024-12-29 00:27:28.309 [info] fatal: not a git repository (or any of the parent directories): .git
2024-12-29 00:27:43.586 [info] > git rev-parse --show-toplevel [3ms]
2024-12-29 00:27:43.586 [info] fatal: not a git repository (or any of the parent directories): .git
2024-12-29 00:33:52.671 [info] > git rev-parse --show-toplevel [1ms]
2024-12-29 00:33:52.671 [info] fatal: not a git repository (or any of the parent directories): .git
2024-12-29 00:33:54.715 [info] > git rev-parse --show-toplevel [2ms]
2024-12-29 00:33:54.715 [info] fatal: not a git repository (or any of the parent directories): .git
2024-12-29 00:33:55.699 [info] > git rev-parse --show-toplevel [3ms]
2024-12-29 00:33:55.699 [info] fatal: not a git repository (or any of the parent directories): .git
2024-12-29 00:34:05.424 [info] > git rev-parse --show-toplevel [2ms]
2024-12-29 00:34:05.424 [info] fatal: not a git repository (or any of the parent directories): .git
2024-12-29 00:34:06.244 [info] > git rev-parse --show-toplevel [2ms]
2024-12-29 00:34:06.244 [info] fatal: not a git repository (or any of the parent directories): .git
2024-12-29 00:34:06.770 [info] > git rev-parse --show-toplevel [2ms]
2024-12-29 00:34:06.770 [info] fatal: not a git repository (or any of the parent directories): .git
2024-12-29 00:34:07.187 [info] > git rev-parse --show-toplevel [2ms]
2024-12-29 00:34:07.187 [info] fatal: not a git repository (or any of the parent directories): .git
2024-12-29 00:34:14.845 [info] > git rev-parse --show-toplevel [3ms]
2024-12-29 00:34:14.845 [info] fatal: not a git repository (or any of the parent directories): .git
2024-12-29 00:34:17.535 [info] > git rev-parse --show-toplevel [2ms]
2024-12-29 00:34:17.535 [info] fatal: not a git repository (or any of the parent directories): .git
2024-12-29 00:34:22.473 [info] > git rev-parse --show-toplevel [3ms]
2024-12-29 00:34:22.473 [info] fatal: not a git repository (or any of the parent directories): .git
2024-12-29 00:37:38.354 [info] > git rev-parse --show-toplevel [2ms]
2024-12-29 00:37:38.354 [info] fatal: not a git repository (or any of the parent directories): .git
2024-12-29 00:37:46.414 [info] > git rev-parse --show-toplevel [2ms]
2024-12-29 00:37:46.414 [info] fatal: not a git repository (or any of the parent directories): .git
2024-12-29 00:48:37.897 [info] > git rev-parse --show-toplevel [2ms]
2024-12-29 00:48:37.897 [info] fatal: not a git repository (or any of the parent directories): .git
2024-12-29 00:50:35.087 [info] > git rev-parse --show-toplevel [3ms]
2024-12-29 00:50:35.087 [info] fatal: not a git repository (or any of the parent directories): .git
2024-12-29 00:50:54.771 [info] > git rev-parse --show-toplevel [1ms]
2024-12-29 00:50:54.771 [info] fatal: not a git repository (or any of the parent directories): .git
2024-12-29 00:51:22.463 [info] > git rev-parse --show-toplevel [3ms]
2024-12-29 00:51:22.463 [info] fatal: not a git repository (or any of the parent directories): .git
2024-12-29 00:51:29.764 [info] > git rev-parse --show-toplevel [3ms]
2024-12-29 00:51:29.764 [info] fatal: not a git repository (or any of the parent directories): .git
2024-12-29 00:52:07.726 [info] > git rev-parse --show-toplevel [2ms]
2024-12-29 00:52:07.726 [info] fatal: not a git repository (or any of the parent directories): .git
2024-12-29 00:52:37.848 [info] > git rev-parse --show-toplevel [3ms]
2024-12-29 00:52:37.848 [info] fatal: not a git repository (or any of the parent directories): .git
2024-12-29 00:52:38.643 [info] > git rev-parse --show-toplevel [2ms]
2024-12-29 00:52:38.643 [info] fatal: not a git repository (or any of the parent directories): .git
2024-12-29 00:52:39.237 [info] > git rev-parse --show-toplevel [2ms]
2024-12-29 00:52:39.237 [info] fatal: not a git repository (or any of the parent directories): .git
2024-12-29 00:52:43.970 [info] > git rev-parse --show-toplevel [3ms]
2024-12-29 00:52:43.970 [info] fatal: not a git repository (or any of the parent directories): .git
2024-12-29 00:53:40.876 [info] > git rev-parse --show-toplevel [2ms]
2024-12-29 00:53:40.876 [info] fatal: not a git repository (or any of the parent directories): .git
2024-12-29 00:53:45.973 [info] > git rev-parse --show-toplevel [2ms]
2024-12-29 00:53:45.973 [info] fatal: not a git repository (or any of the parent directories): .git
2024-12-29 00:53:47.584 [info] > git rev-parse --show-toplevel [3ms]
2024-12-29 00:53:47.584 [info] fatal: not a git repository (or any of the parent directories): .git
2024-12-29 00:55:58.305 [info] > git rev-parse --show-toplevel [2ms]
2024-12-29 00:55:58.305 [info] fatal: not a git repository (or any of the parent directories): .git
2024-12-29 00:56:38.671 [info] > git rev-parse --show-toplevel [2ms]
2024-12-29 00:56:38.671 [info] fatal: not a git repository (or any of the parent directories): .git
2024-12-29 01:01:20.991 [info] > git rev-parse --show-toplevel [2ms]
2024-12-29 01:01:20.991 [info] fatal: not a git repository (or any of the parent directories): .git
2024-12-29 01:01:22.000 [info] > git rev-parse --show-toplevel [3ms]
2024-12-29 01:01:22.000 [info] fatal: not a git repository (or any of the parent directories): .git
2024-12-29 01:01:44.118 [info] > git rev-parse --show-toplevel [3ms]
2024-12-29 01:01:44.118 [info] fatal: not a git repository (or any of the parent directories): .git
2024-12-29 01:02:13.301 [info] > git rev-parse --show-toplevel [2ms]
2024-12-29 01:02:13.301 [info] fatal: not a git repository (or any of the parent directories): .git
2024-12-29 01:09:56.491 [info] > git rev-parse --show-toplevel [2ms]
2024-12-29 01:09:56.491 [info] fatal: not a git repository (or any of the parent directories): .git
2024-12-29 01:10:37.260 [info] > git rev-parse --show-toplevel [3ms]
2024-12-29 01:10:37.260 [info] fatal: not a git repository (or any of the parent directories): .git
2024-12-29 01:12:27.878 [info] > git rev-parse --show-toplevel [2ms]
2024-12-29 01:12:27.878 [info] fatal: not a git repository (or any of the parent directories): .git
2024-12-29 01:12:53.704 [info] > git rev-parse --show-toplevel [1ms]
2024-12-29 01:12:53.704 [info] fatal: not a git repository (or any of the parent directories): .git
2024-12-29 01:12:57.322 [info] > git rev-parse --show-toplevel [3ms]
2024-12-29 01:12:57.322 [info] fatal: not a git repository (or any of the parent directories): .git
2024-12-29 01:13:00.086 [info] > git rev-parse --show-toplevel [2ms]
2024-12-29 01:13:00.086 [info] fatal: not a git repository (or any of the parent directories): .git
2024-12-29 01:13:24.808 [info] > git rev-parse --show-toplevel [1ms]
2024-12-29 01:13:24.809 [info] fatal: not a git repository (or any of the parent directories): .git
2024-12-29 01:13:28.044 [info] > git rev-parse --show-toplevel [3ms]
2024-12-29 01:13:28.044 [info] fatal: not a git repository (or any of the parent directories): .git
2024-12-29 01:13:29.473 [info] > git rev-parse --show-toplevel [2ms]
2024-12-29 01:13:29.473 [info] fatal: not a git repository (or any of the parent directories): .git
2024-12-29 01:13:32.009 [info] > git rev-parse --show-toplevel [3ms]
2024-12-29 01:13:32.009 [info] fatal: not a git repository (or any of the parent directories): .git
2024-12-29 01:14:34.908 [info] > git rev-parse --show-toplevel [2ms]
2024-12-29 01:14:34.908 [info] fatal: not a git repository (or any of the parent directories): .git
2024-12-29 01:14:36.714 [info] > git rev-parse --show-toplevel [2ms]
2024-12-29 01:14:36.714 [info] fatal: not a git repository (or any of the parent directories): .git
