2024-12-28 22:44:26.343 [info] Reading sessions from keychain...
2024-12-28 22:44:26.343 [info] Getting sessions for all scopes...
2024-12-28 22:44:26.343 [info] Getting sessions for all scopes...
2024-12-28 22:44:26.355 [info] Getting sessions for all scopes...
2024-12-28 22:44:26.355 [info] Getting sessions for all scopes...
2024-12-28 22:44:26.356 [info] Getting sessions for all scopes...
2024-12-28 22:44:26.356 [info] Getting sessions for all scopes...
2024-12-28 22:44:26.356 [info] Getting sessions for all scopes...
2024-12-28 22:44:26.493 [info] Got stored sessions!
2024-12-28 22:44:26.493 [info] Got 1 verified sessions.
2024-12-28 22:44:26.493 [info] Got 1 sessions for ...
2024-12-28 22:44:26.493 [info] Got 1 sessions for ...
2024-12-28 22:44:26.493 [info] Got 1 sessions for ...
2024-12-28 22:44:26.493 [info] Got 1 sessions for ...
2024-12-28 22:44:26.493 [info] Got 1 sessions for ...
2024-12-28 22:44:26.493 [info] Got 1 sessions for ...
2024-12-28 22:44:26.493 [info] Got 1 sessions for ...
2024-12-28 22:44:26.657 [info] Getting sessions for all scopes...
2024-12-28 22:44:26.657 [info] Got 1 sessions for ...
2024-12-28 22:44:28.443 [info] Getting sessions for user:email...
2024-12-28 22:44:28.444 [info] Got 1 sessions for user:email...
2024-12-28 22:44:28.733 [info] Getting sessions for all scopes...
2024-12-28 22:44:28.733 [info] Got 1 sessions for ...
2024-12-28 22:44:29.246 [info] Getting sessions for read:user,repo,user:email,workflow...
2024-12-28 22:44:29.246 [info] Got 0 sessions for read:user,repo,user:email,workflow...
2024-12-28 22:44:29.246 [info] Getting sessions for all scopes...
2024-12-28 22:44:29.246 [info] Got 1 sessions for ...
2024-12-28 22:44:29.246 [info] Getting sessions for all scopes...
2024-12-28 22:44:29.246 [info] Got 1 sessions for ...
2024-12-28 22:44:29.458 [info] Getting sessions for project,read:org,read:user,repo,user:email,workflow...
2024-12-28 22:44:29.458 [info] Got 0 sessions for project,read:org,read:user,repo,user:email,workflow...
2024-12-28 22:44:29.567 [info] Getting sessions for read:user...
2024-12-28 22:44:29.567 [info] Got 0 sessions for read:user...
2024-12-28 22:44:29.567 [info] Getting sessions for read:user,repo,user:email,workflow...
2024-12-28 22:44:29.567 [info] Got 0 sessions for read:user,repo,user:email,workflow...
2024-12-28 22:44:29.663 [info] Getting sessions for read:user,repo,user:email,workflow...
2024-12-28 22:44:29.663 [info] Got 0 sessions for read:user,repo,user:email,workflow...
2024-12-28 22:44:29.933 [info] Getting sessions for user:email...
2024-12-28 22:44:29.933 [info] Got 1 sessions for user:email...
2024-12-28 22:44:29.933 [info] Getting sessions for user:email...
2024-12-28 22:44:29.933 [info] Got 1 sessions for user:email...
2024-12-28 22:44:30.049 [info] Getting sessions for read:user,repo,user:email...
2024-12-28 22:44:30.049 [info] Got 0 sessions for read:user,repo,user:email...
2024-12-28 22:44:30.050 [info] Getting sessions for user:email...
2024-12-28 22:44:30.050 [info] Got 1 sessions for user:email...
2024-12-28 22:44:30.067 [info] Getting sessions for user:email...
2024-12-28 22:44:30.067 [info] Got 1 sessions for user:email...
2024-12-28 22:44:30.072 [info] Getting sessions for all scopes...
2024-12-28 22:44:30.072 [info] Got 1 sessions for ...
2024-12-28 22:44:30.072 [info] Getting sessions for all scopes...
2024-12-28 22:44:30.072 [info] Got 1 sessions for ...
2024-12-28 22:44:30.139 [info] Getting sessions for read:user,repo,user:email,workflow...
2024-12-28 22:44:30.139 [info] Got 0 sessions for read:user,repo,user:email,workflow...
2024-12-28 22:44:30.188 [info] Getting sessions for read:user,repo,user:email,workflow...
2024-12-28 22:44:30.188 [info] Got 0 sessions for read:user,repo,user:email,workflow...
2024-12-28 22:44:31.186 [info] Getting sessions for read:user,repo,user:email,workflow...
2024-12-28 22:44:31.187 [info] Got 0 sessions for read:user,repo,user:email,workflow...
2024-12-28 22:44:31.187 [info] Getting sessions for user:email...
2024-12-28 22:44:31.187 [info] Got 1 sessions for user:email...
2024-12-28 22:44:31.653 [info] Getting sessions for all scopes...
2024-12-28 22:44:31.653 [info] Got 1 sessions for ...
2024-12-28 22:44:31.653 [info] Getting sessions for all scopes...
2024-12-28 22:44:31.653 [info] Got 1 sessions for ...
2024-12-28 22:44:31.662 [info] Getting sessions for read:user,repo,user:email,workflow...
2024-12-28 22:44:31.662 [info] Got 0 sessions for read:user,repo,user:email,workflow...
2024-12-28 22:44:31.663 [info] Getting sessions for user:email...
2024-12-28 22:44:31.663 [info] Got 1 sessions for user:email...
2024-12-28 22:44:31.664 [info] Getting sessions for all scopes...
2024-12-28 22:44:31.664 [info] Got 1 sessions for ...
2024-12-28 22:44:31.665 [info] Getting sessions for read:user,repo,user:email,workflow...
2024-12-28 22:44:31.665 [info] Got 0 sessions for read:user,repo,user:email,workflow...
2024-12-28 22:44:31.665 [info] Getting sessions for user:email...
2024-12-28 22:44:31.665 [info] Got 1 sessions for user:email...
2024-12-28 22:44:31.709 [info] Getting sessions for all scopes...
2024-12-28 22:44:31.709 [info] Got 1 sessions for ...
2024-12-28 22:44:31.712 [info] Getting sessions for read:user,repo,user:email,workflow...
2024-12-28 22:44:31.712 [info] Got 0 sessions for read:user,repo,user:email,workflow...
2024-12-28 22:44:31.712 [info] Getting sessions for user:email...
2024-12-28 22:44:31.712 [info] Got 1 sessions for user:email...
2024-12-28 22:44:31.786 [info] Getting sessions for read:user,repo,user:email,workflow...
2024-12-28 22:44:31.786 [info] Got 0 sessions for read:user,repo,user:email,workflow...
2024-12-28 22:44:31.786 [info] Getting sessions for read:user...
2024-12-28 22:44:31.786 [info] Got 0 sessions for read:user...
2024-12-28 22:44:31.787 [info] Getting sessions for user:email...
2024-12-28 22:44:31.787 [info] Got 1 sessions for user:email...
2024-12-28 22:44:32.448 [info] Getting sessions for all scopes...
2024-12-28 22:44:32.448 [info] Got 1 sessions for ...
2024-12-28 22:44:32.454 [info] Getting sessions for read:user,repo,user:email,workflow...
2024-12-28 22:44:32.454 [info] Got 0 sessions for read:user,repo,user:email,workflow...
2024-12-28 22:44:32.455 [info] Getting sessions for user:email...
2024-12-28 22:44:32.455 [info] Got 1 sessions for user:email...
2024-12-28 22:59:32.457 [info] Getting sessions for all scopes...
2024-12-28 22:59:32.457 [info] Got 1 sessions for ...
2024-12-28 22:59:32.458 [info] Getting sessions for read:user,repo,user:email,workflow...
2024-12-28 22:59:32.458 [info] Got 0 sessions for read:user,repo,user:email,workflow...
2024-12-28 22:59:32.459 [info] Getting sessions for user:email...
2024-12-28 22:59:32.459 [info] Got 1 sessions for user:email...
2024-12-28 22:59:32.460 [info] Getting sessions for all scopes...
2024-12-28 22:59:32.461 [info] Got 1 sessions for ...
2024-12-28 22:59:32.461 [info] Getting sessions for read:user,repo,user:email,workflow...
2024-12-28 22:59:32.461 [info] Got 0 sessions for read:user,repo,user:email,workflow...
2024-12-28 22:59:32.462 [info] Getting sessions for user:email...
2024-12-28 22:59:32.462 [info] Got 1 sessions for user:email...
2024-12-28 23:09:31.454 [info] Getting sessions for read:user,repo,user:email,workflow...
2024-12-28 23:09:31.454 [info] Got 0 sessions for read:user,repo,user:email,workflow...
2024-12-28 23:09:31.455 [info] Getting sessions for read:user...
2024-12-28 23:09:31.455 [info] Got 0 sessions for read:user...
2024-12-28 23:09:31.455 [info] Getting sessions for user:email...
2024-12-28 23:09:31.455 [info] Got 1 sessions for user:email...
2024-12-28 23:09:31.646 [info] Getting sessions for all scopes...
2024-12-28 23:09:31.646 [info] Got 1 sessions for ...
2024-12-28 23:09:31.648 [info] Getting sessions for read:user,repo,user:email,workflow...
2024-12-28 23:09:31.648 [info] Got 0 sessions for read:user,repo,user:email,workflow...
2024-12-28 23:09:31.649 [info] Getting sessions for user:email...
2024-12-28 23:09:31.649 [info] Got 1 sessions for user:email...
2024-12-28 23:09:32.594 [info] Getting sessions for all scopes...
2024-12-28 23:09:32.594 [info] Got 1 sessions for ...
2024-12-28 23:09:32.594 [info] Getting sessions for all scopes...
2024-12-28 23:09:32.594 [info] Got 1 sessions for ...
2024-12-28 23:09:32.595 [info] Getting sessions for read:user,repo,user:email,workflow...
2024-12-28 23:09:32.595 [info] Got 0 sessions for read:user,repo,user:email,workflow...
2024-12-28 23:09:32.595 [info] Getting sessions for user:email...
2024-12-28 23:09:32.595 [info] Got 1 sessions for user:email...
2024-12-28 23:09:32.596 [info] Getting sessions for all scopes...
2024-12-28 23:09:32.596 [info] Got 1 sessions for ...
2024-12-28 23:09:32.597 [info] Getting sessions for read:user,repo,user:email,workflow...
2024-12-28 23:09:32.597 [info] Got 0 sessions for read:user,repo,user:email,workflow...
2024-12-28 23:09:32.598 [info] Getting sessions for user:email...
2024-12-28 23:09:32.598 [info] Got 1 sessions for user:email...
2024-12-28 23:09:32.601 [info] Getting sessions for all scopes...
2024-12-28 23:09:32.601 [info] Got 1 sessions for ...
2024-12-28 23:09:32.602 [info] Getting sessions for read:user,repo,user:email,workflow...
2024-12-28 23:09:32.602 [info] Got 0 sessions for read:user,repo,user:email,workflow...
2024-12-28 23:09:32.603 [info] Getting sessions for user:email...
2024-12-28 23:09:32.603 [info] Got 1 sessions for user:email...
2024-12-28 23:24:32.605 [info] Getting sessions for all scopes...
2024-12-28 23:24:32.605 [info] Got 1 sessions for ...
2024-12-28 23:24:32.606 [info] Getting sessions for read:user,repo,user:email,workflow...
2024-12-28 23:24:32.606 [info] Got 0 sessions for read:user,repo,user:email,workflow...
2024-12-28 23:24:32.607 [info] Getting sessions for user:email...
2024-12-28 23:24:32.607 [info] Got 1 sessions for user:email...
2024-12-28 23:24:32.608 [info] Getting sessions for all scopes...
2024-12-28 23:24:32.608 [info] Got 1 sessions for ...
2024-12-28 23:24:32.608 [info] Getting sessions for read:user,repo,user:email,workflow...
2024-12-28 23:24:32.608 [info] Got 0 sessions for read:user,repo,user:email,workflow...
2024-12-28 23:24:32.609 [info] Getting sessions for user:email...
2024-12-28 23:24:32.609 [info] Got 1 sessions for user:email...
2024-12-28 23:34:31.859 [info] Getting sessions for read:user,repo,user:email,workflow...
2024-12-28 23:34:31.859 [info] Got 0 sessions for read:user,repo,user:email,workflow...
2024-12-28 23:34:31.860 [info] Getting sessions for read:user...
2024-12-28 23:34:31.860 [info] Got 0 sessions for read:user...
2024-12-28 23:34:31.862 [info] Getting sessions for user:email...
2024-12-28 23:34:31.862 [info] Got 1 sessions for user:email...
2024-12-28 23:34:32.594 [info] Getting sessions for all scopes...
2024-12-28 23:34:32.595 [info] Got 1 sessions for ...
2024-12-28 23:34:32.595 [info] Getting sessions for read:user,repo,user:email,workflow...
2024-12-28 23:34:32.595 [info] Got 0 sessions for read:user,repo,user:email,workflow...
2024-12-28 23:34:32.596 [info] Getting sessions for user:email...
2024-12-28 23:34:32.596 [info] Got 1 sessions for user:email...
2024-12-28 23:34:33.332 [info] Getting sessions for all scopes...
2024-12-28 23:34:33.332 [info] Got 1 sessions for ...
2024-12-28 23:34:33.332 [info] Getting sessions for all scopes...
2024-12-28 23:34:33.332 [info] Got 1 sessions for ...
2024-12-28 23:34:33.333 [info] Getting sessions for read:user,repo,user:email,workflow...
2024-12-28 23:34:33.333 [info] Got 0 sessions for read:user,repo,user:email,workflow...
2024-12-28 23:34:33.333 [info] Getting sessions for user:email...
2024-12-28 23:34:33.333 [info] Got 1 sessions for user:email...
2024-12-28 23:34:33.334 [info] Getting sessions for all scopes...
2024-12-28 23:34:33.334 [info] Got 1 sessions for ...
2024-12-28 23:34:33.335 [info] Getting sessions for read:user,repo,user:email,workflow...
2024-12-28 23:34:33.335 [info] Got 0 sessions for read:user,repo,user:email,workflow...
2024-12-28 23:34:33.335 [info] Getting sessions for user:email...
2024-12-28 23:34:33.335 [info] Got 1 sessions for user:email...
2024-12-28 23:34:33.339 [info] Getting sessions for all scopes...
2024-12-28 23:34:33.339 [info] Got 1 sessions for ...
2024-12-28 23:34:33.340 [info] Getting sessions for read:user,repo,user:email,workflow...
2024-12-28 23:34:33.340 [info] Got 0 sessions for read:user,repo,user:email,workflow...
2024-12-28 23:34:33.341 [info] Getting sessions for user:email...
2024-12-28 23:34:33.341 [info] Got 1 sessions for user:email...
2024-12-28 23:49:33.344 [info] Getting sessions for all scopes...
2024-12-28 23:49:33.344 [info] Got 1 sessions for ...
2024-12-28 23:49:33.345 [info] Getting sessions for read:user,repo,user:email,workflow...
2024-12-28 23:49:33.345 [info] Got 0 sessions for read:user,repo,user:email,workflow...
2024-12-28 23:49:33.345 [info] Getting sessions for user:email...
2024-12-28 23:49:33.345 [info] Got 1 sessions for user:email...
2024-12-28 23:49:33.346 [info] Getting sessions for all scopes...
2024-12-28 23:49:33.346 [info] Got 1 sessions for ...
2024-12-28 23:49:33.347 [info] Getting sessions for read:user,repo,user:email,workflow...
2024-12-28 23:49:33.347 [info] Got 0 sessions for read:user,repo,user:email,workflow...
2024-12-28 23:49:33.347 [info] Getting sessions for user:email...
2024-12-28 23:49:33.347 [info] Got 1 sessions for user:email...
2024-12-28 23:59:32.363 [info] Getting sessions for read:user,repo,user:email,workflow...
2024-12-28 23:59:32.363 [info] Got 0 sessions for read:user,repo,user:email,workflow...
2024-12-28 23:59:32.364 [info] Getting sessions for read:user...
2024-12-28 23:59:32.364 [info] Got 0 sessions for read:user...
2024-12-28 23:59:32.365 [info] Getting sessions for user:email...
2024-12-28 23:59:32.365 [info] Got 1 sessions for user:email...
2024-12-28 23:59:33.332 [info] Getting sessions for all scopes...
2024-12-28 23:59:33.332 [info] Got 1 sessions for ...
2024-12-28 23:59:33.333 [info] Getting sessions for read:user,repo,user:email,workflow...
2024-12-28 23:59:33.333 [info] Got 0 sessions for read:user,repo,user:email,workflow...
2024-12-28 23:59:33.333 [info] Getting sessions for user:email...
2024-12-28 23:59:33.333 [info] Got 1 sessions for user:email...
2024-12-28 23:59:33.914 [info] Getting sessions for all scopes...
2024-12-28 23:59:33.914 [info] Got 1 sessions for ...
2024-12-28 23:59:33.914 [info] Getting sessions for all scopes...
2024-12-28 23:59:33.914 [info] Got 1 sessions for ...
2024-12-28 23:59:33.915 [info] Getting sessions for read:user,repo,user:email,workflow...
2024-12-28 23:59:33.915 [info] Got 0 sessions for read:user,repo,user:email,workflow...
2024-12-28 23:59:33.916 [info] Getting sessions for user:email...
2024-12-28 23:59:33.916 [info] Got 1 sessions for user:email...
2024-12-28 23:59:33.917 [info] Getting sessions for all scopes...
2024-12-28 23:59:33.917 [info] Got 1 sessions for ...
2024-12-28 23:59:33.917 [info] Getting sessions for read:user,repo,user:email,workflow...
2024-12-28 23:59:33.917 [info] Got 0 sessions for read:user,repo,user:email,workflow...
2024-12-28 23:59:33.918 [info] Getting sessions for user:email...
2024-12-28 23:59:33.918 [info] Got 1 sessions for user:email...
2024-12-28 23:59:33.922 [info] Getting sessions for all scopes...
2024-12-28 23:59:33.922 [info] Got 1 sessions for ...
2024-12-28 23:59:33.922 [info] Getting sessions for read:user,repo,user:email,workflow...
2024-12-28 23:59:33.922 [info] Got 0 sessions for read:user,repo,user:email,workflow...
2024-12-28 23:59:33.923 [info] Getting sessions for user:email...
2024-12-28 23:59:33.923 [info] Got 1 sessions for user:email...
2024-12-29 00:14:33.926 [info] Getting sessions for all scopes...
2024-12-29 00:14:33.926 [info] Got 1 sessions for ...
2024-12-29 00:14:33.927 [info] Getting sessions for read:user,repo,user:email,workflow...
2024-12-29 00:14:33.927 [info] Got 0 sessions for read:user,repo,user:email,workflow...
2024-12-29 00:14:33.928 [info] Getting sessions for user:email...
2024-12-29 00:14:33.928 [info] Got 1 sessions for user:email...
2024-12-29 00:14:33.950 [info] Getting sessions for all scopes...
2024-12-29 00:14:33.950 [info] Got 1 sessions for ...
2024-12-29 00:14:33.950 [info] Getting sessions for read:user,repo,user:email,workflow...
2024-12-29 00:14:33.950 [info] Got 0 sessions for read:user,repo,user:email,workflow...
2024-12-29 00:14:33.951 [info] Getting sessions for user:email...
2024-12-29 00:14:33.951 [info] Got 1 sessions for user:email...
2024-12-29 00:24:32.696 [info] Getting sessions for read:user,repo,user:email,workflow...
2024-12-29 00:24:32.696 [info] Got 0 sessions for read:user,repo,user:email,workflow...
2024-12-29 00:24:32.697 [info] Getting sessions for read:user...
2024-12-29 00:24:32.697 [info] Got 0 sessions for read:user...
2024-12-29 00:24:32.698 [info] Getting sessions for user:email...
2024-12-29 00:24:32.698 [info] Got 1 sessions for user:email...
2024-12-29 00:24:33.915 [info] Getting sessions for all scopes...
2024-12-29 00:24:33.915 [info] Got 1 sessions for ...
2024-12-29 00:24:33.917 [info] Getting sessions for read:user,repo,user:email,workflow...
2024-12-29 00:24:33.917 [info] Got 0 sessions for read:user,repo,user:email,workflow...
2024-12-29 00:24:33.918 [info] Getting sessions for user:email...
2024-12-29 00:24:33.918 [info] Got 1 sessions for user:email...
2024-12-29 00:24:34.541 [info] Getting sessions for all scopes...
2024-12-29 00:24:34.541 [info] Got 1 sessions for ...
2024-12-29 00:24:34.541 [info] Getting sessions for all scopes...
2024-12-29 00:24:34.541 [info] Got 1 sessions for ...
2024-12-29 00:24:34.542 [info] Getting sessions for read:user,repo,user:email,workflow...
2024-12-29 00:24:34.542 [info] Got 0 sessions for read:user,repo,user:email,workflow...
2024-12-29 00:24:34.543 [info] Getting sessions for user:email...
2024-12-29 00:24:34.543 [info] Got 1 sessions for user:email...
2024-12-29 00:24:34.544 [info] Getting sessions for all scopes...
2024-12-29 00:24:34.544 [info] Got 1 sessions for ...
2024-12-29 00:24:34.544 [info] Getting sessions for read:user,repo,user:email,workflow...
2024-12-29 00:24:34.545 [info] Got 0 sessions for read:user,repo,user:email,workflow...
2024-12-29 00:24:34.545 [info] Getting sessions for user:email...
2024-12-29 00:24:34.545 [info] Got 1 sessions for user:email...
2024-12-29 00:24:34.549 [info] Getting sessions for all scopes...
2024-12-29 00:24:34.549 [info] Got 1 sessions for ...
2024-12-29 00:24:34.550 [info] Getting sessions for read:user,repo,user:email,workflow...
2024-12-29 00:24:34.550 [info] Got 0 sessions for read:user,repo,user:email,workflow...
2024-12-29 00:24:34.550 [info] Getting sessions for user:email...
2024-12-29 00:24:34.550 [info] Got 1 sessions for user:email...
2024-12-29 00:39:34.552 [info] Getting sessions for all scopes...
2024-12-29 00:39:34.552 [info] Got 1 sessions for ...
2024-12-29 00:39:34.553 [info] Getting sessions for read:user,repo,user:email,workflow...
2024-12-29 00:39:34.553 [info] Got 0 sessions for read:user,repo,user:email,workflow...
2024-12-29 00:39:34.554 [info] Getting sessions for user:email...
2024-12-29 00:39:34.554 [info] Got 1 sessions for user:email...
2024-12-29 00:39:34.573 [info] Getting sessions for all scopes...
2024-12-29 00:39:34.573 [info] Got 1 sessions for ...
2024-12-29 00:39:34.574 [info] Getting sessions for read:user,repo,user:email,workflow...
2024-12-29 00:39:34.574 [info] Got 0 sessions for read:user,repo,user:email,workflow...
2024-12-29 00:39:34.575 [info] Getting sessions for user:email...
2024-12-29 00:39:34.575 [info] Got 1 sessions for user:email...
2024-12-29 00:49:33.026 [info] Getting sessions for read:user,repo,user:email,workflow...
2024-12-29 00:49:33.026 [info] Got 0 sessions for read:user,repo,user:email,workflow...
2024-12-29 00:49:33.027 [info] Getting sessions for read:user...
2024-12-29 00:49:33.027 [info] Got 0 sessions for read:user...
2024-12-29 00:49:33.028 [info] Getting sessions for user:email...
2024-12-29 00:49:33.028 [info] Got 1 sessions for user:email...
2024-12-29 00:49:34.543 [info] Getting sessions for all scopes...
2024-12-29 00:49:34.543 [info] Got 1 sessions for ...
2024-12-29 00:49:34.544 [info] Getting sessions for read:user,repo,user:email,workflow...
2024-12-29 00:49:34.544 [info] Got 0 sessions for read:user,repo,user:email,workflow...
2024-12-29 00:49:34.545 [info] Getting sessions for user:email...
2024-12-29 00:49:34.545 [info] Got 1 sessions for user:email...
2024-12-29 00:49:35.673 [info] Getting sessions for all scopes...
2024-12-29 00:49:35.673 [info] Got 1 sessions for ...
2024-12-29 00:49:35.673 [info] Getting sessions for all scopes...
2024-12-29 00:49:35.673 [info] Got 1 sessions for ...
2024-12-29 00:49:35.674 [info] Getting sessions for read:user,repo,user:email,workflow...
2024-12-29 00:49:35.674 [info] Got 0 sessions for read:user,repo,user:email,workflow...
2024-12-29 00:49:35.675 [info] Getting sessions for user:email...
2024-12-29 00:49:35.675 [info] Got 1 sessions for user:email...
2024-12-29 00:49:35.676 [info] Getting sessions for all scopes...
2024-12-29 00:49:35.676 [info] Got 1 sessions for ...
2024-12-29 00:49:35.677 [info] Getting sessions for read:user,repo,user:email,workflow...
2024-12-29 00:49:35.677 [info] Got 0 sessions for read:user,repo,user:email,workflow...
2024-12-29 00:49:35.677 [info] Getting sessions for user:email...
2024-12-29 00:49:35.677 [info] Got 1 sessions for user:email...
2024-12-29 00:49:35.682 [info] Getting sessions for all scopes...
2024-12-29 00:49:35.682 [info] Got 1 sessions for ...
2024-12-29 00:49:35.683 [info] Getting sessions for read:user,repo,user:email,workflow...
2024-12-29 00:49:35.683 [info] Got 0 sessions for read:user,repo,user:email,workflow...
2024-12-29 00:49:35.684 [info] Getting sessions for user:email...
2024-12-29 00:49:35.684 [info] Got 1 sessions for user:email...
2024-12-29 00:49:35.685 [info] Getting sessions for all scopes...
2024-12-29 00:49:35.685 [info] Got 1 sessions for ...
2024-12-29 00:49:35.685 [info] Getting sessions for read:user,repo,user:email,workflow...
2024-12-29 00:49:35.685 [info] Got 0 sessions for read:user,repo,user:email,workflow...
2024-12-29 00:49:35.686 [info] Getting sessions for user:email...
2024-12-29 00:49:35.686 [info] Got 1 sessions for user:email...
2024-12-29 01:04:36.413 [info] Getting sessions for all scopes...
2024-12-29 01:04:36.413 [info] Got 1 sessions for ...
2024-12-29 01:04:36.414 [info] Getting sessions for read:user,repo,user:email,workflow...
2024-12-29 01:04:36.414 [info] Got 0 sessions for read:user,repo,user:email,workflow...
2024-12-29 01:04:36.414 [info] Getting sessions for user:email...
2024-12-29 01:04:36.414 [info] Got 1 sessions for user:email...
2024-12-29 01:04:36.433 [info] Getting sessions for all scopes...
2024-12-29 01:04:36.433 [info] Got 1 sessions for ...
2024-12-29 01:04:36.433 [info] Getting sessions for read:user,repo,user:email,workflow...
2024-12-29 01:04:36.433 [info] Got 0 sessions for read:user,repo,user:email,workflow...
2024-12-29 01:04:36.434 [info] Getting sessions for user:email...
2024-12-29 01:04:36.434 [info] Got 1 sessions for user:email...
2024-12-29 01:14:33.574 [info] Getting sessions for read:user,repo,user:email,workflow...
2024-12-29 01:14:33.574 [info] Got 0 sessions for read:user,repo,user:email,workflow...
2024-12-29 01:14:33.575 [info] Getting sessions for read:user...
2024-12-29 01:14:33.575 [info] Got 0 sessions for read:user...
2024-12-29 01:14:33.576 [info] Getting sessions for user:email...
2024-12-29 01:14:33.576 [info] Got 1 sessions for user:email...
2024-12-29 01:14:35.674 [info] Getting sessions for all scopes...
2024-12-29 01:14:35.674 [info] Got 1 sessions for ...
2024-12-29 01:14:35.675 [info] Getting sessions for read:user,repo,user:email,workflow...
2024-12-29 01:14:35.675 [info] Got 0 sessions for read:user,repo,user:email,workflow...
2024-12-29 01:14:35.675 [info] Getting sessions for user:email...
2024-12-29 01:14:35.675 [info] Got 1 sessions for user:email...
2024-12-29 01:14:36.398 [info] Getting sessions for all scopes...
2024-12-29 01:14:36.398 [info] Got 1 sessions for ...
2024-12-29 01:14:36.398 [info] Getting sessions for all scopes...
2024-12-29 01:14:36.398 [info] Got 1 sessions for ...
2024-12-29 01:14:36.399 [info] Getting sessions for read:user,repo,user:email,workflow...
2024-12-29 01:14:36.399 [info] Got 0 sessions for read:user,repo,user:email,workflow...
2024-12-29 01:14:36.400 [info] Getting sessions for user:email...
2024-12-29 01:14:36.400 [info] Got 1 sessions for user:email...
2024-12-29 01:14:36.401 [info] Getting sessions for all scopes...
2024-12-29 01:14:36.401 [info] Got 1 sessions for ...
2024-12-29 01:14:36.401 [info] Getting sessions for read:user,repo,user:email,workflow...
2024-12-29 01:14:36.401 [info] Got 0 sessions for read:user,repo,user:email,workflow...
2024-12-29 01:14:36.402 [info] Getting sessions for user:email...
2024-12-29 01:14:36.402 [info] Got 1 sessions for user:email...
2024-12-29 01:14:36.406 [info] Getting sessions for all scopes...
2024-12-29 01:14:36.406 [info] Got 1 sessions for ...
2024-12-29 01:14:36.407 [info] Getting sessions for read:user,repo,user:email,workflow...
2024-12-29 01:14:36.407 [info] Got 0 sessions for read:user,repo,user:email,workflow...
2024-12-29 01:14:36.407 [info] Getting sessions for user:email...
2024-12-29 01:14:36.407 [info] Got 1 sessions for user:email...
