2024-12-28 19:13:21.920 [info] [main] Log level: Info
2024-12-28 19:13:21.920 [info] [main] Validating found git in: "git"
2024-12-28 19:13:21.920 [info] [main] Using git "2.47.1" from "git"
2024-12-28 19:13:21.920 [info] [Model][doInitialScan] Initial repository scan started
2024-12-28 19:13:21.920 [info] > git rev-parse --show-toplevel [2ms]
2024-12-28 19:13:21.920 [info] fatal: not a git repository (or any of the parent directories): .git
2024-12-28 19:13:21.920 [info] > git rev-parse --show-toplevel [2ms]
2024-12-28 19:13:21.920 [info] fatal: not a git repository (or any of the parent directories): .git
2024-12-28 19:13:21.929 [info] > git rev-parse --show-toplevel [3ms]
2024-12-28 19:13:21.929 [info] fatal: not a git repository (or any of the parent directories): .git
2024-12-28 19:13:21.932 [info] [Model][doInitialScan] Initial repository scan completed - repositories (0), closed repositories (0), parent repositories (0), unsafe repositories (0)
2024-12-28 19:13:24.603 [info] > git rev-parse --show-toplevel [441ms]
2024-12-28 19:13:24.603 [info] fatal: not a git repository (or any of the parent directories): .git
2024-12-28 19:13:24.857 [info] > git rev-parse --show-toplevel [76ms]
2024-12-28 19:13:24.857 [info] fatal: not a git repository (or any of the parent directories): .git
2024-12-28 19:13:24.933 [info] > git rev-parse --show-toplevel [11ms]
2024-12-28 19:13:24.933 [info] fatal: not a git repository (or any of the parent directories): .git
2024-12-28 19:13:25.064 [info] > git rev-parse --show-toplevel [78ms]
2024-12-28 19:13:25.064 [info] fatal: not a git repository (or any of the parent directories): .git
2024-12-28 19:13:30.225 [info] > git rev-parse --show-toplevel [5ms]
2024-12-28 19:13:30.226 [info] fatal: not a git repository (or any of the parent directories): .git
2024-12-28 19:13:31.364 [info] > git rev-parse --show-toplevel [4ms]
2024-12-28 19:13:31.364 [info] fatal: not a git repository (or any of the parent directories): .git
2024-12-28 19:13:31.864 [info] > git rev-parse --show-toplevel [5ms]
2024-12-28 19:13:31.864 [info] fatal: not a git repository (or any of the parent directories): .git
2024-12-28 19:17:27.576 [info] > git rev-parse --show-toplevel [4ms]
2024-12-28 19:17:27.576 [info] fatal: not a git repository (or any of the parent directories): .git
