2024-12-28 18:09:40.446 [info] Reading sessions from keychain...
2024-12-28 18:09:40.446 [info] Getting sessions for all scopes...
2024-12-28 18:09:40.446 [info] Getting sessions for all scopes...
2024-12-28 18:09:40.446 [info] Getting sessions for all scopes...
2024-12-28 18:09:40.446 [info] Got stored sessions!
2024-12-28 18:09:40.446 [info] Got 1 verified sessions.
2024-12-28 18:09:40.446 [info] Got 1 sessions for ...
2024-12-28 18:09:40.446 [info] Got 1 sessions for ...
2024-12-28 18:09:40.446 [info] Got 1 sessions for ...
2024-12-28 18:09:40.447 [info] Getting sessions for user:email...
2024-12-28 18:09:40.448 [info] Got 1 sessions for user:email...
2024-12-28 18:09:40.450 [info] Getting sessions for all scopes...
2024-12-28 18:09:40.450 [info] Got 1 sessions for ...
2024-12-28 18:09:40.450 [info] Getting sessions for all scopes...
2024-12-28 18:09:40.450 [info] Got 1 sessions for ...
2024-12-28 18:09:40.451 [info] Getting sessions for all scopes...
2024-12-28 18:09:40.451 [info] Got 1 sessions for ...
2024-12-28 18:09:40.451 [info] Getting sessions for all scopes...
2024-12-28 18:09:40.451 [info] Got 1 sessions for ...
2024-12-28 18:09:40.451 [info] Getting sessions for all scopes...
2024-12-28 18:09:40.451 [info] Got 1 sessions for ...
2024-12-28 18:09:43.298 [info] Getting sessions for read:user,repo,user:email,workflow...
2024-12-28 18:09:43.298 [info] Got 0 sessions for read:user,repo,user:email,workflow...
2024-12-28 18:09:43.298 [info] Getting sessions for all scopes...
2024-12-28 18:09:43.298 [info] Got 1 sessions for ...
2024-12-28 18:09:43.298 [info] Getting sessions for all scopes...
2024-12-28 18:09:43.298 [info] Got 1 sessions for ...
2024-12-28 18:09:43.386 [info] Getting sessions for project,read:org,read:user,repo,user:email,workflow...
2024-12-28 18:09:43.386 [info] Got 0 sessions for project,read:org,read:user,repo,user:email,workflow...
2024-12-28 18:09:43.430 [info] Getting sessions for read:user...
2024-12-28 18:09:43.430 [info] Got 0 sessions for read:user...
2024-12-28 18:09:43.430 [info] Getting sessions for read:user,repo,user:email,workflow...
2024-12-28 18:09:43.430 [info] Got 0 sessions for read:user,repo,user:email,workflow...
2024-12-28 18:09:43.470 [info] Getting sessions for read:user,repo,user:email,workflow...
2024-12-28 18:09:43.470 [info] Got 0 sessions for read:user,repo,user:email,workflow...
2024-12-28 18:09:43.478 [info] Getting sessions for user:email...
2024-12-28 18:09:43.478 [info] Got 1 sessions for user:email...
2024-12-28 18:09:43.478 [info] Getting sessions for user:email...
2024-12-28 18:09:43.478 [info] Got 1 sessions for user:email...
2024-12-28 18:09:43.832 [info] Getting sessions for read:user,repo,user:email...
2024-12-28 18:09:43.832 [info] Got 0 sessions for read:user,repo,user:email...
2024-12-28 18:09:43.867 [info] Getting sessions for all scopes...
2024-12-28 18:09:43.867 [info] Got 1 sessions for ...
2024-12-28 18:09:43.980 [info] Getting sessions for all scopes...
2024-12-28 18:09:43.980 [info] Got 1 sessions for ...
2024-12-28 18:09:43.982 [info] Getting sessions for user:email...
2024-12-28 18:09:43.982 [info] Got 1 sessions for user:email...
2024-12-28 18:09:44.000 [info] Getting sessions for user:email...
2024-12-28 18:09:44.000 [info] Got 1 sessions for user:email...
2024-12-28 18:09:44.000 [info] Getting sessions for read:user,repo,user:email,workflow...
2024-12-28 18:09:44.000 [info] Got 0 sessions for read:user,repo,user:email,workflow...
2024-12-28 18:09:44.772 [info] Getting sessions for read:user,repo,user:email,workflow...
2024-12-28 18:09:44.772 [info] Got 0 sessions for read:user,repo,user:email,workflow...
2024-12-28 18:09:44.806 [info] Getting sessions for user:email...
2024-12-28 18:09:44.806 [info] Got 1 sessions for user:email...
2024-12-28 18:09:44.826 [info] Getting sessions for read:user,repo,user:email,workflow...
2024-12-28 18:09:44.826 [info] Got 0 sessions for read:user,repo,user:email,workflow...
2024-12-28 18:09:44.840 [info] Getting sessions for all scopes...
2024-12-28 18:09:44.840 [info] Got 1 sessions for ...
2024-12-28 18:09:44.842 [info] Getting sessions for read:user,repo,user:email,workflow...
2024-12-28 18:09:44.842 [info] Got 0 sessions for read:user,repo,user:email,workflow...
2024-12-28 18:09:44.843 [info] Getting sessions for user:email...
2024-12-28 18:09:44.843 [info] Got 1 sessions for user:email...
2024-12-28 18:09:45.277 [info] Getting sessions for all scopes...
2024-12-28 18:09:45.277 [info] Got 1 sessions for ...
2024-12-28 18:09:45.277 [info] Getting sessions for all scopes...
2024-12-28 18:09:45.277 [info] Got 1 sessions for ...
2024-12-28 18:09:45.285 [info] Getting sessions for read:user,repo,user:email,workflow...
2024-12-28 18:09:45.285 [info] Got 0 sessions for read:user,repo,user:email,workflow...
2024-12-28 18:09:45.288 [info] Getting sessions for user:email...
2024-12-28 18:09:45.288 [info] Got 1 sessions for user:email...
2024-12-28 18:09:45.292 [info] Getting sessions for all scopes...
2024-12-28 18:09:45.292 [info] Got 1 sessions for ...
2024-12-28 18:09:45.294 [info] Getting sessions for read:user,repo,user:email,workflow...
2024-12-28 18:09:45.294 [info] Got 0 sessions for read:user,repo,user:email,workflow...
2024-12-28 18:09:45.296 [info] Getting sessions for user:email...
2024-12-28 18:09:45.296 [info] Got 1 sessions for user:email...
2024-12-28 18:09:45.346 [info] Getting sessions for all scopes...
2024-12-28 18:09:45.346 [info] Got 1 sessions for ...
2024-12-28 18:09:45.354 [info] Getting sessions for read:user,repo,user:email,workflow...
2024-12-28 18:09:45.354 [info] Got 0 sessions for read:user,repo,user:email,workflow...
2024-12-28 18:09:45.354 [info] Getting sessions for user:email...
2024-12-28 18:09:45.354 [info] Got 1 sessions for user:email...
2024-12-28 18:09:45.400 [info] Getting sessions for read:user,repo,user:email,workflow...
2024-12-28 18:09:45.400 [info] Got 0 sessions for read:user,repo,user:email,workflow...
2024-12-28 18:09:45.401 [info] Getting sessions for read:user...
2024-12-28 18:09:45.401 [info] Got 0 sessions for read:user...
2024-12-28 18:09:45.402 [info] Getting sessions for user:email...
2024-12-28 18:09:45.402 [info] Got 1 sessions for user:email...
2024-12-28 18:09:46.036 [info] Getting sessions for all scopes...
2024-12-28 18:09:46.036 [info] Got 1 sessions for ...
2024-12-28 18:09:46.229 [info] Getting sessions for read:user,repo,user:email,workflow...
2024-12-28 18:09:46.229 [info] Got 0 sessions for read:user,repo,user:email,workflow...
2024-12-28 18:09:46.279 [info] Getting sessions for user:email...
2024-12-28 18:09:46.279 [info] Got 1 sessions for user:email...
2024-12-28 18:24:46.282 [info] Getting sessions for all scopes...
2024-12-28 18:24:46.282 [info] Got 1 sessions for ...
2024-12-28 18:24:46.286 [info] Getting sessions for read:user,repo,user:email,workflow...
2024-12-28 18:24:46.286 [info] Got 0 sessions for read:user,repo,user:email,workflow...
2024-12-28 18:24:46.287 [info] Getting sessions for user:email...
2024-12-28 18:24:46.287 [info] Got 1 sessions for user:email...
2024-12-28 18:24:46.289 [info] Getting sessions for all scopes...
2024-12-28 18:24:46.289 [info] Got 1 sessions for ...
2024-12-28 18:24:46.290 [info] Getting sessions for read:user,repo,user:email,workflow...
2024-12-28 18:24:46.290 [info] Got 0 sessions for read:user,repo,user:email,workflow...
2024-12-28 18:24:46.291 [info] Getting sessions for user:email...
2024-12-28 18:24:46.291 [info] Got 1 sessions for user:email...
2024-12-28 18:34:45.080 [info] Getting sessions for read:user,repo,user:email,workflow...
2024-12-28 18:34:45.081 [info] Got 0 sessions for read:user,repo,user:email,workflow...
2024-12-28 18:34:45.082 [info] Getting sessions for read:user...
2024-12-28 18:34:45.082 [info] Got 0 sessions for read:user...
2024-12-28 18:34:45.082 [info] Getting sessions for user:email...
2024-12-28 18:34:45.082 [info] Got 1 sessions for user:email...
2024-12-28 18:34:45.266 [info] Getting sessions for all scopes...
2024-12-28 18:34:45.266 [info] Got 1 sessions for ...
2024-12-28 18:34:45.267 [info] Getting sessions for read:user,repo,user:email,workflow...
2024-12-28 18:34:45.267 [info] Got 0 sessions for read:user,repo,user:email,workflow...
2024-12-28 18:34:45.268 [info] Getting sessions for user:email...
2024-12-28 18:34:45.268 [info] Got 1 sessions for user:email...
2024-12-28 18:34:45.699 [info] Getting sessions for all scopes...
2024-12-28 18:34:45.699 [info] Got 1 sessions for ...
2024-12-28 18:34:45.699 [info] Getting sessions for all scopes...
2024-12-28 18:34:45.700 [info] Got 1 sessions for ...
2024-12-28 18:34:45.700 [info] Getting sessions for read:user,repo,user:email,workflow...
2024-12-28 18:34:45.700 [info] Got 0 sessions for read:user,repo,user:email,workflow...
2024-12-28 18:34:45.701 [info] Getting sessions for user:email...
2024-12-28 18:34:45.701 [info] Got 1 sessions for user:email...
2024-12-28 18:34:45.702 [info] Getting sessions for all scopes...
2024-12-28 18:34:45.702 [info] Got 1 sessions for ...
2024-12-28 18:34:45.702 [info] Getting sessions for read:user,repo,user:email,workflow...
2024-12-28 18:34:45.702 [info] Got 0 sessions for read:user,repo,user:email,workflow...
2024-12-28 18:34:45.703 [info] Getting sessions for user:email...
2024-12-28 18:34:45.703 [info] Got 1 sessions for user:email...
2024-12-28 18:34:45.707 [info] Getting sessions for all scopes...
2024-12-28 18:34:45.707 [info] Got 1 sessions for ...
2024-12-28 18:34:45.707 [info] Getting sessions for read:user,repo,user:email,workflow...
2024-12-28 18:34:45.707 [info] Got 0 sessions for read:user,repo,user:email,workflow...
2024-12-28 18:34:45.708 [info] Getting sessions for user:email...
2024-12-28 18:34:45.708 [info] Got 1 sessions for user:email...
2024-12-28 18:49:45.712 [info] Getting sessions for all scopes...
2024-12-28 18:49:45.712 [info] Got 1 sessions for ...
2024-12-28 18:49:45.713 [info] Getting sessions for read:user,repo,user:email,workflow...
2024-12-28 18:49:45.713 [info] Got 0 sessions for read:user,repo,user:email,workflow...
2024-12-28 18:49:45.714 [info] Getting sessions for user:email...
2024-12-28 18:49:45.714 [info] Got 1 sessions for user:email...
2024-12-28 18:49:45.716 [info] Getting sessions for all scopes...
2024-12-28 18:49:45.716 [info] Got 1 sessions for ...
2024-12-28 18:49:45.717 [info] Getting sessions for read:user,repo,user:email,workflow...
2024-12-28 18:49:45.717 [info] Got 0 sessions for read:user,repo,user:email,workflow...
2024-12-28 18:49:45.718 [info] Getting sessions for user:email...
2024-12-28 18:49:45.718 [info] Got 1 sessions for user:email...
2024-12-28 18:50:22.676 [info] Getting sessions for all scopes...
2024-12-28 18:50:22.676 [info] Got 1 sessions for ...
2024-12-28 18:50:22.676 [info] Getting sessions for read:user,repo,user:email,workflow...
2024-12-28 18:50:22.677 [info] Got 0 sessions for read:user,repo,user:email,workflow...
2024-12-28 18:50:22.677 [info] Getting sessions for user:email...
2024-12-28 18:50:22.677 [info] Got 1 sessions for user:email...
2024-12-28 18:50:23.664 [info] Getting sessions for all scopes...
2024-12-28 18:50:23.664 [info] Got 1 sessions for ...
2024-12-28 18:50:23.665 [info] Getting sessions for read:user,repo,user:email,workflow...
2024-12-28 18:50:23.665 [info] Got 0 sessions for read:user,repo,user:email,workflow...
2024-12-28 18:50:23.665 [info] Getting sessions for user:email...
2024-12-28 18:50:23.665 [info] Got 1 sessions for user:email...
2024-12-28 18:59:45.344 [info] Getting sessions for read:user,repo,user:email,workflow...
2024-12-28 18:59:45.344 [info] Got 0 sessions for read:user,repo,user:email,workflow...
2024-12-28 18:59:45.345 [info] Getting sessions for read:user...
2024-12-28 18:59:45.345 [info] Got 0 sessions for read:user...
2024-12-28 18:59:45.346 [info] Getting sessions for user:email...
2024-12-28 18:59:45.346 [info] Got 1 sessions for user:email...
2024-12-28 18:59:45.699 [info] Getting sessions for all scopes...
2024-12-28 18:59:45.699 [info] Got 1 sessions for ...
2024-12-28 18:59:45.700 [info] Getting sessions for read:user,repo,user:email,workflow...
2024-12-28 18:59:45.700 [info] Got 0 sessions for read:user,repo,user:email,workflow...
2024-12-28 18:59:45.700 [info] Getting sessions for user:email...
2024-12-28 18:59:45.700 [info] Got 1 sessions for user:email...
2024-12-28 18:59:46.167 [info] Getting sessions for all scopes...
2024-12-28 18:59:46.167 [info] Got 1 sessions for ...
2024-12-28 18:59:46.167 [info] Getting sessions for all scopes...
2024-12-28 18:59:46.167 [info] Got 1 sessions for ...
2024-12-28 18:59:46.168 [info] Getting sessions for read:user,repo,user:email,workflow...
2024-12-28 18:59:46.168 [info] Got 0 sessions for read:user,repo,user:email,workflow...
2024-12-28 18:59:46.169 [info] Getting sessions for user:email...
2024-12-28 18:59:46.169 [info] Got 1 sessions for user:email...
2024-12-28 18:59:46.170 [info] Getting sessions for all scopes...
2024-12-28 18:59:46.170 [info] Got 1 sessions for ...
2024-12-28 18:59:46.170 [info] Getting sessions for read:user,repo,user:email,workflow...
2024-12-28 18:59:46.170 [info] Got 0 sessions for read:user,repo,user:email,workflow...
2024-12-28 18:59:46.171 [info] Getting sessions for user:email...
2024-12-28 18:59:46.171 [info] Got 1 sessions for user:email...
2024-12-28 18:59:46.177 [info] Getting sessions for all scopes...
2024-12-28 18:59:46.177 [info] Got 1 sessions for ...
2024-12-28 18:59:46.178 [info] Getting sessions for read:user,repo,user:email,workflow...
2024-12-28 18:59:46.178 [info] Got 0 sessions for read:user,repo,user:email,workflow...
2024-12-28 18:59:46.179 [info] Getting sessions for user:email...
2024-12-28 18:59:46.179 [info] Got 1 sessions for user:email...
2024-12-28 18:59:46.181 [info] Getting sessions for all scopes...
2024-12-28 18:59:46.181 [info] Got 1 sessions for ...
2024-12-28 18:59:46.181 [info] Getting sessions for read:user,repo,user:email,workflow...
2024-12-28 18:59:46.181 [info] Got 0 sessions for read:user,repo,user:email,workflow...
2024-12-28 18:59:46.182 [info] Getting sessions for user:email...
2024-12-28 18:59:46.182 [info] Got 1 sessions for user:email...
