2024-12-28 18:09:40.823 [info] [main] Log level: Info
2024-12-28 18:09:40.823 [info] [main] Validating found git in: "git"
2024-12-28 18:09:40.823 [info] [main] Using git "2.47.1" from "git"
2024-12-28 18:09:40.823 [info] [Model][doInitialScan] Initial repository scan started
2024-12-28 18:09:40.823 [info] > git rev-parse --show-toplevel [20ms]
2024-12-28 18:09:40.823 [info] fatal: not a git repository (or any of the parent directories): .git
2024-12-28 18:09:40.823 [info] > git rev-parse --show-toplevel [2ms]
2024-12-28 18:09:40.823 [info] fatal: not a git repository (or any of the parent directories): .git
2024-12-28 18:09:40.823 [info] [Model][doInitialScan] Initial repository scan completed - repositories (0), closed repositories (0), parent repositories (0), unsafe repositories (0)
2024-12-28 18:09:43.285 [info] > git rev-parse --show-toplevel [384ms]
2024-12-28 18:09:43.285 [info] fatal: not a git repository (or any of the parent directories): .git
2024-12-28 18:09:43.404 [info] > git rev-parse --show-toplevel [27ms]
2024-12-28 18:09:43.404 [info] fatal: not a git repository (or any of the parent directories): .git
2024-12-28 18:09:43.966 [info] > git rev-parse --show-toplevel [79ms]
2024-12-28 18:09:43.966 [info] fatal: not a git repository (or any of the parent directories): .git
2024-12-28 18:09:46.097 [info] > git rev-parse --show-toplevel [3ms]
2024-12-28 18:09:46.097 [info] fatal: not a git repository (or any of the parent directories): .git
2024-12-28 18:11:53.880 [info] > git rev-parse --show-toplevel [4ms]
2024-12-28 18:11:53.880 [info] fatal: not a git repository (or any of the parent directories): .git
2024-12-28 18:19:23.508 [info] > git rev-parse --show-toplevel [3ms]
2024-12-28 18:19:23.508 [info] fatal: not a git repository (or any of the parent directories): .git
2024-12-28 18:20:41.475 [info] > git rev-parse --show-toplevel [3ms]
2024-12-28 18:20:41.475 [info] fatal: not a git repository (or any of the parent directories): .git
2024-12-28 18:20:51.606 [info] > git rev-parse --show-toplevel [2ms]
2024-12-28 18:20:51.606 [info] fatal: not a git repository (or any of the parent directories): .git
2024-12-28 18:20:52.410 [info] > git rev-parse --show-toplevel [3ms]
2024-12-28 18:20:52.410 [info] fatal: not a git repository (or any of the parent directories): .git
2024-12-28 18:24:12.358 [info] > git rev-parse --show-toplevel [4ms]
2024-12-28 18:24:12.358 [info] fatal: not a git repository (or any of the parent directories): .git
2024-12-28 18:24:43.824 [info] > git rev-parse --show-toplevel [3ms]
2024-12-28 18:24:43.824 [info] fatal: not a git repository (or any of the parent directories): .git
2024-12-28 18:24:44.705 [info] > git rev-parse --show-toplevel [5ms]
2024-12-28 18:24:44.705 [info] fatal: not a git repository (or any of the parent directories): .git
2024-12-28 18:25:03.348 [info] > git rev-parse --show-toplevel [4ms]
2024-12-28 18:25:03.348 [info] fatal: not a git repository (or any of the parent directories): .git
2024-12-28 18:40:41.889 [info] > git rev-parse --show-toplevel [8ms]
2024-12-28 18:40:41.889 [info] fatal: not a git repository (or any of the parent directories): .git
2024-12-28 18:40:41.914 [info] > git rev-parse --show-toplevel [1ms]
2024-12-28 18:40:41.914 [info] fatal: not a git repository (or any of the parent directories): .git
2024-12-28 18:40:41.936 [info] > git rev-parse --show-toplevel [1ms]
2024-12-28 18:40:41.936 [info] fatal: not a git repository (or any of the parent directories): .git
2024-12-28 18:40:42.136 [info] > git rev-parse --show-toplevel [2ms]
2024-12-28 18:40:42.136 [info] fatal: not a git repository (or any of the parent directories): .git
2024-12-28 18:40:42.166 [info] > git rev-parse --show-toplevel [2ms]
2024-12-28 18:40:42.166 [info] fatal: not a git repository (or any of the parent directories): .git
2024-12-28 18:44:42.775 [info] > git rev-parse --show-toplevel [3ms]
2024-12-28 18:44:42.775 [info] fatal: not a git repository (or any of the parent directories): .git
2024-12-28 18:45:37.132 [info] > git rev-parse --show-toplevel [4ms]
2024-12-28 18:45:37.132 [info] fatal: not a git repository (or any of the parent directories): .git
2024-12-28 18:47:41.610 [info] > git rev-parse --show-toplevel [3ms]
2024-12-28 18:47:41.610 [info] fatal: not a git repository (or any of the parent directories): .git
2024-12-28 18:48:53.059 [info] > git rev-parse --show-toplevel [3ms]
2024-12-28 18:48:53.059 [info] fatal: not a git repository (or any of the parent directories): .git
2024-12-28 18:48:54.405 [info] > git rev-parse --show-toplevel [5ms]
2024-12-28 18:48:54.405 [info] fatal: not a git repository (or any of the parent directories): .git
2024-12-28 18:49:02.124 [info] > git rev-parse --show-toplevel [3ms]
2024-12-28 18:49:02.124 [info] fatal: not a git repository (or any of the parent directories): .git
2024-12-28 18:49:04.111 [info] > git rev-parse --show-toplevel [2ms]
2024-12-28 18:49:04.111 [info] fatal: not a git repository (or any of the parent directories): .git
2024-12-28 18:49:05.623 [info] > git rev-parse --show-toplevel [2ms]
2024-12-28 18:49:05.623 [info] fatal: not a git repository (or any of the parent directories): .git
2024-12-28 18:50:13.788 [info] > git rev-parse --show-toplevel [3ms]
2024-12-28 18:50:13.788 [info] fatal: not a git repository (or any of the parent directories): .git
2024-12-28 18:50:42.011 [info] > git rev-parse --show-toplevel [6ms]
2024-12-28 18:50:42.011 [info] fatal: not a git repository (or any of the parent directories): .git
2024-12-28 19:01:48.177 [info] > git rev-parse --show-toplevel [1ms]
2024-12-28 19:01:48.177 [info] fatal: not a git repository (or any of the parent directories): .git
2024-12-28 19:01:57.033 [info] > git rev-parse --show-toplevel [1ms]
2024-12-28 19:01:57.033 [info] fatal: not a git repository (or any of the parent directories): .git
2024-12-28 19:02:18.692 [info] > git rev-parse --show-toplevel [4ms]
2024-12-28 19:02:18.692 [info] fatal: not a git repository (or any of the parent directories): .git
2024-12-28 19:02:23.238 [info] > git rev-parse --show-toplevel [2ms]
2024-12-28 19:02:23.239 [info] fatal: not a git repository (or any of the parent directories): .git
2024-12-28 19:03:04.184 [info] > git rev-parse --show-toplevel [3ms]
2024-12-28 19:03:04.184 [info] fatal: not a git repository (or any of the parent directories): .git
2024-12-28 19:03:05.500 [info] > git rev-parse --show-toplevel [5ms]
2024-12-28 19:03:05.500 [info] fatal: not a git repository (or any of the parent directories): .git
2024-12-28 19:03:56.445 [info] > git rev-parse --show-toplevel [4ms]
2024-12-28 19:03:56.445 [info] fatal: not a git repository (or any of the parent directories): .git
2024-12-28 19:03:57.134 [info] > git rev-parse --show-toplevel [3ms]
2024-12-28 19:03:57.134 [info] fatal: not a git repository (or any of the parent directories): .git
2024-12-28 19:04:00.982 [info] > git rev-parse --show-toplevel [3ms]
2024-12-28 19:04:00.982 [info] fatal: not a git repository (or any of the parent directories): .git
2024-12-28 19:04:01.388 [info] > git rev-parse --show-toplevel [3ms]
2024-12-28 19:04:01.388 [info] fatal: not a git repository (or any of the parent directories): .git
2024-12-28 19:05:59.826 [info] > git rev-parse --show-toplevel [4ms]
2024-12-28 19:05:59.826 [info] fatal: not a git repository (or any of the parent directories): .git
2024-12-28 19:06:00.177 [info] > git rev-parse --show-toplevel [3ms]
2024-12-28 19:06:00.177 [info] fatal: not a git repository (or any of the parent directories): .git
