2024-12-28 19:17:29.405 [info] Reading sessions from keychain...
2024-12-28 19:17:29.405 [info] Getting sessions for all scopes...
2024-12-28 19:17:29.405 [info] Getting sessions for all scopes...
2024-12-28 19:17:29.405 [info] Getting sessions for all scopes...
2024-12-28 19:17:29.405 [info] Getting sessions for user:email...
2024-12-28 19:17:29.405 [info] Getting sessions for all scopes...
2024-12-28 19:17:29.405 [info] Getting sessions for all scopes...
2024-12-28 19:17:29.405 [info] Getting sessions for all scopes...
2024-12-28 19:17:29.405 [info] Getting sessions for all scopes...
2024-12-28 19:17:29.405 [info] Getting sessions for all scopes...
2024-12-28 19:17:29.405 [info] Got stored sessions!
2024-12-28 19:17:29.405 [info] Got 1 verified sessions.
2024-12-28 19:17:29.405 [info] Got 1 sessions for ...
2024-12-28 19:17:29.405 [info] Got 1 sessions for ...
2024-12-28 19:17:29.405 [info] Got 1 sessions for ...
2024-12-28 19:17:29.405 [info] Got 1 sessions for user:email...
2024-12-28 19:17:29.405 [info] Got 1 sessions for ...
2024-12-28 19:17:29.405 [info] Got 1 sessions for ...
2024-12-28 19:17:29.405 [info] Got 1 sessions for ...
2024-12-28 19:17:29.405 [info] Got 1 sessions for ...
2024-12-28 19:17:29.405 [info] Got 1 sessions for ...
2024-12-28 19:17:31.734 [info] Getting sessions for all scopes...
2024-12-28 19:17:31.734 [info] Got 1 sessions for ...
2024-12-28 19:17:32.241 [info] Getting sessions for read:user,repo,user:email,workflow...
2024-12-28 19:17:32.241 [info] Got 0 sessions for read:user,repo,user:email,workflow...
2024-12-28 19:17:32.241 [info] Getting sessions for all scopes...
2024-12-28 19:17:32.241 [info] Got 1 sessions for ...
2024-12-28 19:17:32.242 [info] Getting sessions for all scopes...
2024-12-28 19:17:32.242 [info] Got 1 sessions for ...
2024-12-28 19:17:32.249 [info] Getting sessions for project,read:org,read:user,repo,user:email,workflow...
2024-12-28 19:17:32.249 [info] Got 0 sessions for project,read:org,read:user,repo,user:email,workflow...
2024-12-28 19:17:32.259 [info] Getting sessions for read:user...
2024-12-28 19:17:32.259 [info] Got 0 sessions for read:user...
2024-12-28 19:17:32.259 [info] Getting sessions for read:user,repo,user:email,workflow...
2024-12-28 19:17:32.259 [info] Got 0 sessions for read:user,repo,user:email,workflow...
2024-12-28 19:17:32.326 [info] Getting sessions for read:user,repo,user:email,workflow...
2024-12-28 19:17:32.326 [info] Got 0 sessions for read:user,repo,user:email,workflow...
2024-12-28 19:17:32.334 [info] Getting sessions for user:email...
2024-12-28 19:17:32.334 [info] Got 1 sessions for user:email...
2024-12-28 19:17:32.337 [info] Getting sessions for user:email...
2024-12-28 19:17:32.337 [info] Got 1 sessions for user:email...
2024-12-28 19:17:32.685 [info] Getting sessions for read:user,repo,user:email...
2024-12-28 19:17:32.685 [info] Got 0 sessions for read:user,repo,user:email...
2024-12-28 19:17:32.736 [info] Getting sessions for all scopes...
2024-12-28 19:17:32.736 [info] Got 1 sessions for ...
2024-12-28 19:17:32.744 [info] Getting sessions for user:email...
2024-12-28 19:17:32.744 [info] Got 1 sessions for user:email...
2024-12-28 19:17:32.827 [info] Getting sessions for read:user,repo,user:email,workflow...
2024-12-28 19:17:32.827 [info] Got 0 sessions for read:user,repo,user:email,workflow...
2024-12-28 19:17:32.844 [info] Getting sessions for user:email...
2024-12-28 19:17:32.844 [info] Got 1 sessions for user:email...
2024-12-28 19:17:33.702 [info] Getting sessions for read:user,repo,user:email,workflow...
2024-12-28 19:17:33.702 [info] Got 0 sessions for read:user,repo,user:email,workflow...
2024-12-28 19:17:33.739 [info] Getting sessions for user:email...
2024-12-28 19:17:33.739 [info] Got 1 sessions for user:email...
2024-12-28 19:17:33.753 [info] Getting sessions for read:user,repo,user:email,workflow...
2024-12-28 19:17:33.753 [info] Got 0 sessions for read:user,repo,user:email,workflow...
2024-12-28 19:17:33.769 [info] Getting sessions for all scopes...
2024-12-28 19:17:33.769 [info] Got 1 sessions for ...
2024-12-28 19:17:33.776 [info] Getting sessions for read:user,repo,user:email,workflow...
2024-12-28 19:17:33.776 [info] Got 0 sessions for read:user,repo,user:email,workflow...
2024-12-28 19:17:33.777 [info] Getting sessions for user:email...
2024-12-28 19:17:33.777 [info] Got 1 sessions for user:email...
2024-12-28 19:17:34.250 [info] Getting sessions for all scopes...
2024-12-28 19:17:34.250 [info] Got 1 sessions for ...
2024-12-28 19:17:34.250 [info] Getting sessions for all scopes...
2024-12-28 19:17:34.250 [info] Got 1 sessions for ...
2024-12-28 19:17:34.251 [info] Getting sessions for read:user,repo,user:email,workflow...
2024-12-28 19:17:34.251 [info] Got 0 sessions for read:user,repo,user:email,workflow...
2024-12-28 19:17:34.258 [info] Getting sessions for user:email...
2024-12-28 19:17:34.258 [info] Got 1 sessions for user:email...
2024-12-28 19:17:34.260 [info] Getting sessions for all scopes...
2024-12-28 19:17:34.260 [info] Got 1 sessions for ...
2024-12-28 19:17:34.261 [info] Getting sessions for read:user,repo,user:email,workflow...
2024-12-28 19:17:34.261 [info] Got 0 sessions for read:user,repo,user:email,workflow...
2024-12-28 19:17:34.261 [info] Getting sessions for user:email...
2024-12-28 19:17:34.261 [info] Got 1 sessions for user:email...
2024-12-28 19:17:34.301 [info] Getting sessions for all scopes...
2024-12-28 19:17:34.301 [info] Got 1 sessions for ...
2024-12-28 19:17:34.306 [info] Getting sessions for read:user,repo,user:email,workflow...
2024-12-28 19:17:34.306 [info] Got 0 sessions for read:user,repo,user:email,workflow...
2024-12-28 19:17:34.306 [info] Getting sessions for user:email...
2024-12-28 19:17:34.306 [info] Got 1 sessions for user:email...
2024-12-28 19:17:34.355 [info] Getting sessions for read:user,repo,user:email,workflow...
2024-12-28 19:17:34.355 [info] Got 0 sessions for read:user,repo,user:email,workflow...
2024-12-28 19:17:34.356 [info] Getting sessions for read:user...
2024-12-28 19:17:34.356 [info] Got 0 sessions for read:user...
2024-12-28 19:17:34.357 [info] Getting sessions for user:email...
2024-12-28 19:17:34.357 [info] Got 1 sessions for user:email...
2024-12-28 19:17:35.280 [info] Getting sessions for all scopes...
2024-12-28 19:17:35.280 [info] Got 1 sessions for ...
2024-12-28 19:17:35.343 [info] Getting sessions for read:user,repo,user:email,workflow...
2024-12-28 19:17:35.344 [info] Got 0 sessions for read:user,repo,user:email,workflow...
2024-12-28 19:17:35.347 [info] Getting sessions for user:email...
2024-12-28 19:17:35.347 [info] Got 1 sessions for user:email...
