12/28/2024, 7:16:25 PM GMT+1 0: 

----------------------------------------------
12/28/2024, 7:16:25 PM GMT+1 1: Discord starting: {"releaseChannel":"stable","version":"0.0.78"}, modulepath: /home/untergas/.config/discord/0.0.78/modules
12/28/2024, 7:16:25 PM GMT+1 2: ✅ webContents.created web1 ""
12/28/2024, 7:16:25 PM GMT+1 3: ✅ window.created win1 "discord"
12/28/2024, 7:16:25 PM GMT+1 4: ✅ webContents.did-finish-load web1
12/28/2024, 7:16:32 PM GMT+1 5: ✅ webContents.created web2 ""
12/28/2024, 7:16:32 PM GMT+1 6: ✅ window.created win2 "Discord"
12/28/2024, 7:16:34 PM GMT+1 7: ✅ webContents.did-finish-load web2
12/28/2024, 7:16:34 PM GMT+1 8: window.close win1
12/28/2024, 7:16:34 PM GMT+1 9: webContents.destroyed web1
12/28/2024, 7:16:34 PM GMT+1 10: window.closed win1
12/28/2024, 7:16:56 PM GMT+1 11: window.close win2
12/28/2024, 7:19:29 PM GMT+1 12: before-quit
12/28/2024, 7:26:30 PM GMT+1 0: 

----------------------------------------------
12/28/2024, 7:26:30 PM GMT+1 1: Discord starting: {"releaseChannel":"stable","version":"0.0.78"}, modulepath: /home/untergas/.config/discord/0.0.78/modules
12/28/2024, 7:26:30 PM GMT+1 2: ✅ webContents.created web1 ""
12/28/2024, 7:26:30 PM GMT+1 3: ✅ window.created win1 "discord"
12/28/2024, 7:26:30 PM GMT+1 4: ✅ webContents.did-finish-load web1
12/28/2024, 7:26:31 PM GMT+1 5: ✅ webContents.created web2 ""
12/28/2024, 7:26:31 PM GMT+1 6: ✅ window.created win2 "Discord"
12/28/2024, 7:26:33 PM GMT+1 7: ✅ webContents.did-finish-load web2
12/28/2024, 7:26:33 PM GMT+1 8: window.close win1
12/28/2024, 7:26:33 PM GMT+1 9: webContents.destroyed web1
12/28/2024, 7:26:33 PM GMT+1 10: window.closed win1
12/28/2024, 7:46:37 PM GMT+1 0: 

----------------------------------------------
12/28/2024, 7:46:37 PM GMT+1 1: Discord starting: {"releaseChannel":"stable","version":"0.0.78"}, modulepath: /home/untergas/.config/discord/0.0.78/modules
12/28/2024, 7:46:37 PM GMT+1 0: 

----------------------------------------------
12/28/2024, 7:46:38 PM GMT+1 0: 

----------------------------------------------
12/28/2024, 7:46:38 PM GMT+1 1: Discord starting: {"releaseChannel":"stable","version":"0.0.78"}, modulepath: /home/untergas/.config/discord/0.0.78/modules
12/28/2024, 7:46:38 PM GMT+1 0: 

----------------------------------------------
12/28/2024, 7:46:38 PM GMT+1 0: 

----------------------------------------------
12/28/2024, 7:46:38 PM GMT+1 1: Discord starting: {"releaseChannel":"stable","version":"0.0.78"}, modulepath: /home/untergas/.config/discord/0.0.78/modules
12/28/2024, 7:46:38 PM GMT+1 0: 

----------------------------------------------
12/28/2024, 7:46:38 PM GMT+1 1: Discord starting: {"releaseChannel":"stable","version":"0.0.78"}, modulepath: /home/untergas/.config/discord/0.0.78/modules
12/28/2024, 7:46:39 PM GMT+1 11: window.close win2
12/28/2024, 7:46:40 PM GMT+1 0: 

----------------------------------------------
12/28/2024, 7:46:40 PM GMT+1 1: Discord starting: {"releaseChannel":"stable","version":"0.0.78"}, modulepath: /home/untergas/.config/discord/0.0.78/modules
12/28/2024, 7:46:41 PM GMT+1 0: 

----------------------------------------------
12/28/2024, 7:46:41 PM GMT+1 1: Discord starting: {"releaseChannel":"stable","version":"0.0.78"}, modulepath: /home/untergas/.config/discord/0.0.78/modules
12/28/2024, 7:46:44 PM GMT+1 12: window.close win2
12/28/2024, 7:49:10 PM GMT+1 0: 

----------------------------------------------
12/28/2024, 7:49:10 PM GMT+1 1: Discord starting: {"releaseChannel":"stable","version":"0.0.78"}, modulepath: /home/untergas/.config/discord/0.0.78/modules
12/28/2024, 7:49:13 PM GMT+1 13: window.close win2
12/28/2024, 7:49:25 PM GMT+1 14: before-quit
12/28/2024, 7:49:25 PM GMT+1 15: window.close win2
12/28/2024, 10:44:41 PM GMT+1 0: 

----------------------------------------------
12/28/2024, 10:44:41 PM GMT+1 1: Discord starting: {"releaseChannel":"stable","version":"0.0.78"}, modulepath: /home/untergas/.config/discord/0.0.78/modules
12/28/2024, 10:44:41 PM GMT+1 2: ✅ webContents.created web1 ""
12/28/2024, 10:44:41 PM GMT+1 3: ✅ window.created win1 "discord"
12/28/2024, 10:44:41 PM GMT+1 0: 

----------------------------------------------
12/28/2024, 10:44:41 PM GMT+1 1: Discord starting: {"releaseChannel":"stable","version":"0.0.78"}, modulepath: /home/untergas/.config/discord/0.0.78/modules
12/28/2024, 10:44:41 PM GMT+1 4: ✅ webContents.did-finish-load web1
12/28/2024, 10:44:42 PM GMT+1 5: ✅ webContents.created web2 ""
12/28/2024, 10:44:42 PM GMT+1 6: ✅ window.created win2 "Discord"
12/28/2024, 10:44:44 PM GMT+1 7: ✅ webContents.did-finish-load web2
12/28/2024, 10:44:44 PM GMT+1 8: window.close win1
12/28/2024, 10:44:44 PM GMT+1 9: webContents.destroyed web1
12/28/2024, 10:44:44 PM GMT+1 10: window.closed win1
12/28/2024, 10:44:57 PM GMT+1 11: window.close win2
