2024-12-28 19:12:39.415 [info] Reading sessions from keychain...
2024-12-28 19:12:39.415 [info] Getting sessions for all scopes...
2024-12-28 19:12:39.415 [info] Getting sessions for all scopes...
2024-12-28 19:12:39.448 [info] Getting sessions for all scopes...
2024-12-28 19:12:39.448 [info] Getting sessions for all scopes...
2024-12-28 19:12:39.448 [info] Getting sessions for all scopes...
2024-12-28 19:12:39.448 [info] Getting sessions for all scopes...
2024-12-28 19:12:39.448 [info] Getting sessions for all scopes...
2024-12-28 19:12:39.578 [info] Got stored sessions!
2024-12-28 19:12:39.578 [info] Got 1 verified sessions.
2024-12-28 19:12:39.578 [info] Got 1 sessions for ...
2024-12-28 19:12:39.579 [info] Got 1 sessions for ...
2024-12-28 19:12:39.579 [info] Got 1 sessions for ...
2024-12-28 19:12:39.579 [info] Got 1 sessions for ...
2024-12-28 19:12:39.579 [info] Got 1 sessions for ...
2024-12-28 19:12:39.579 [info] Got 1 sessions for ...
2024-12-28 19:12:39.579 [info] Got 1 sessions for ...
2024-12-28 19:12:39.591 [info] Getting sessions for user:email...
2024-12-28 19:12:39.591 [info] Got 1 sessions for user:email...
2024-12-28 19:12:41.811 [info] Getting sessions for all scopes...
2024-12-28 19:12:41.811 [info] Got 1 sessions for ...
