2024-12-28 19:13:14.055 [info] Reading sessions from keychain...
2024-12-28 19:13:14.068 [info] Getting sessions for all scopes...
2024-12-28 19:13:14.068 [info] Getting sessions for all scopes...
2024-12-28 19:13:14.069 [info] Getting sessions for all scopes...
2024-12-28 19:13:14.069 [info] Getting sessions for all scopes...
2024-12-28 19:13:14.069 [info] Getting sessions for all scopes...
2024-12-28 19:13:14.069 [info] Getting sessions for all scopes...
2024-12-28 19:13:14.069 [info] Getting sessions for all scopes...
2024-12-28 19:13:14.361 [info] Got stored sessions!
2024-12-28 19:13:14.361 [info] Got 1 verified sessions.
2024-12-28 19:13:14.361 [info] Got 1 sessions for ...
2024-12-28 19:13:14.361 [info] Got 1 sessions for ...
2024-12-28 19:13:14.361 [info] Got 1 sessions for ...
2024-12-28 19:13:14.361 [info] Got 1 sessions for ...
2024-12-28 19:13:14.361 [info] Got 1 sessions for ...
2024-12-28 19:13:14.361 [info] Got 1 sessions for ...
2024-12-28 19:13:14.361 [info] Got 1 sessions for ...
2024-12-28 19:13:14.557 [info] Getting sessions for all scopes...
2024-12-28 19:13:14.557 [info] Got 1 sessions for ...
2024-12-28 19:13:16.779 [info] Getting sessions for user:email...
2024-12-28 19:13:16.779 [info] Got 1 sessions for user:email...
2024-12-28 19:13:16.830 [info] Getting sessions for all scopes...
2024-12-28 19:13:16.830 [info] Got 1 sessions for ...
